01:06:40.790 [ForkJoinPool.commonPool-worker-1] DEBUG FXGLLogger           - Logging System Info
01:06:40.800 [ForkJoinPool.commonPool-worker-1] DEBUG FXGLLogger           - CPU cores: 4
01:06:40.802 [ForkJoinPool.commonPool-worker-1] DEBUG FXGLLogger           - Free Memory: 73MB
01:06:40.803 [ForkJoinPool.commonPool-worker-1] DEBUG FXGLLogger           - Max Memory: 1821MB
01:06:40.803 [ForkJoinPool.commonPool-worker-1] DEBUG FXGLLogger           - Total Memory: 94MB
01:06:40.803 [ForkJoinPool.commonPool-worker-1] DEBUG FXGLLogger           - System Properties:
01:06:40.804 [ForkJoinPool.commonPool-worker-1] DEBUG FXGLLogger           - java.specification.version=1.8
01:06:40.804 [ForkJoinPool.commonPool-worker-1] DEBUG FXGLLogger           - FXGL.fxgl.version=0.3.1
01:06:40.804 [ForkJoinPool.commonPool-worker-1] DEBUG FXGLLogger           - file.encoding=UTF-8
01:06:40.804 [ForkJoinPool.commonPool-worker-1] DEBUG FXGLLogger           - FXGL.fs.savefile.ext=.sav
01:06:40.804 [ForkJoinPool.commonPool-worker-1] DEBUG FXGLLogger           - javafx.version=8.0.121
01:06:40.804 [ForkJoinPool.commonPool-worker-1] DEBUG FXGLLogger           - FXGL.url.googleforms=https://goo.gl/forms/6wrMnOBxTE1fEpOy2
01:06:40.804 [ForkJoinPool.commonPool-worker-1] DEBUG FXGLLogger           - FXGL.url.github=https://github.com/AlmasB/FXGL
01:06:40.804 [ForkJoinPool.commonPool-worker-1] DEBUG FXGLLogger           - FXGL.dev.showbbox=false
01:06:40.804 [ForkJoinPool.commonPool-worker-1] DEBUG FXGLLogger           - java.vm.name=Java HotSpot(TM) 64-Bit Server VM
01:06:40.804 [ForkJoinPool.commonPool-worker-1] DEBUG FXGLLogger           - line.separator=

01:06:40.805 [ForkJoinPool.commonPool-worker-1] DEBUG FXGLLogger           - FXGL.fs.profiledir=profiles/
01:06:40.805 [ForkJoinPool.commonPool-worker-1] DEBUG FXGLLogger           - user.dir=/Users/FelixWu/IdeaProjects/TowerDefence
01:06:40.805 [ForkJoinPool.commonPool-worker-1] DEBUG FXGLLogger           - java.ext.dirs=/Users/FelixWu/Library/Java/Extensions:/Library/Java/JavaVirtualMachines/jdk1.8.0_121.jdk/Contents/Home/jre/lib/ext:/Library/Java/Extensions:/Network/Library/Java/Extensions:/System/Library/Java/Extensions:/usr/lib/java
01:06:40.805 [ForkJoinPool.commonPool-worker-1] DEBUG FXGLLogger           - FXGL.version.check.days=7
01:06:40.805 [ForkJoinPool.commonPool-worker-1] DEBUG FXGLLogger           - os.arch=x86_64
01:06:40.805 [ForkJoinPool.commonPool-worker-1] DEBUG FXGLLogger           - java.awt.graphicsenv=sun.awt.CGraphicsEnvironment
01:06:40.805 [ForkJoinPool.commonPool-worker-1] DEBUG FXGLLogger           - FXGL.physics.ppm=50.0
01:06:40.805 [ForkJoinPool.commonPool-worker-1] DEBUG FXGLLogger           - java.vendor.url.bug=http://bugreport.sun.com/bugreport/
01:06:40.805 [ForkJoinPool.commonPool-worker-1] DEBUG FXGLLogger           - FXGL.url.pom=https://raw.githubusercontent.com/AlmasB/FXGL/master/pom.xml
01:06:40.805 [ForkJoinPool.commonPool-worker-1] DEBUG FXGLLogger           - java.io.tmpdir=/var/folders/8r/yhtjxhq56vzdzcyr91zp1r_00000gn/T/
01:06:40.805 [ForkJoinPool.commonPool-worker-1] DEBUG FXGLLogger           - sun.cpu.endian=little
01:06:40.805 [ForkJoinPool.commonPool-worker-1] DEBUG FXGLLogger           - sun.os.patch.level=unknown
01:06:40.805 [ForkJoinPool.commonPool-worker-1] DEBUG FXGLLogger           - java.vm.specification.version=1.8
01:06:40.805 [ForkJoinPool.commonPool-worker-1] DEBUG FXGLLogger           - FXGL.url.surveymonkey=https://www.surveymonkey.co.uk/r/BH6LLPM
01:06:40.805 [ForkJoinPool.commonPool-worker-1] DEBUG FXGLLogger           - java.vm.specification.name=Java Virtual Machine Specification
01:06:40.805 [ForkJoinPool.commonPool-worker-1] DEBUG FXGLLogger           - FXGL.ui.icon.name=fxgl_icon.png
01:06:40.805 [ForkJoinPool.commonPool-worker-1] DEBUG FXGLLogger           - idea.launcher.port=7542
01:06:40.806 [ForkJoinPool.commonPool-worker-1] DEBUG FXGLLogger           - sun.java.command=com.intellij.rt.execution.application.AppMain com.felixwu.td.Main
01:06:40.806 [ForkJoinPool.commonPool-worker-1] DEBUG FXGLLogger           - java.class.path=/Library/Java/JavaVirtualMachines/jdk1.8.0_121.jdk/Contents/Home/jre/lib/charsets.jar:/Library/Java/JavaVirtualMachines/jdk1.8.0_121.jdk/Contents/Home/jre/lib/deploy.jar:/Library/Java/JavaVirtualMachines/jdk1.8.0_121.jdk/Contents/Home/jre/lib/ext/cldrdata.jar:/Library/Java/JavaVirtualMachines/jdk1.8.0_121.jdk/Contents/Home/jre/lib/ext/dnsns.jar:/Library/Java/JavaVirtualMachines/jdk1.8.0_121.jdk/Contents/Home/jre/lib/ext/jaccess.jar:/Library/Java/JavaVirtualMachines/jdk1.8.0_121.jdk/Contents/Home/jre/lib/ext/jfxrt.jar:/Library/Java/JavaVirtualMachines/jdk1.8.0_121.jdk/Contents/Home/jre/lib/ext/localedata.jar:/Library/Java/JavaVirtualMachines/jdk1.8.0_121.jdk/Contents/Home/jre/lib/ext/nashorn.jar:/Library/Java/JavaVirtualMachines/jdk1.8.0_121.jdk/Contents/Home/jre/lib/ext/sunec.jar:/Library/Java/JavaVirtualMachines/jdk1.8.0_121.jdk/Contents/Home/jre/lib/ext/sunjce_provider.jar:/Library/Java/JavaVirtualMachines/jdk1.8.0_121.jdk/Contents/Home/jre/lib/ext/sunpkcs11.jar:/Library/Java/JavaVirtualMachines/jdk1.8.0_121.jdk/Contents/Home/jre/lib/ext/zipfs.jar:/Library/Java/JavaVirtualMachines/jdk1.8.0_121.jdk/Contents/Home/jre/lib/javaws.jar:/Library/Java/JavaVirtualMachines/jdk1.8.0_121.jdk/Contents/Home/jre/lib/jce.jar:/Library/Java/JavaVirtualMachines/jdk1.8.0_121.jdk/Contents/Home/jre/lib/jfr.jar:/Library/Java/JavaVirtualMachines/jdk1.8.0_121.jdk/Contents/Home/jre/lib/jfxswt.jar:/Library/Java/JavaVirtualMachines/jdk1.8.0_121.jdk/Contents/Home/jre/lib/jsse.jar:/Library/Java/JavaVirtualMachines/jdk1.8.0_121.jdk/Contents/Home/jre/lib/management-agent.jar:/Library/Java/JavaVirtualMachines/jdk1.8.0_121.jdk/Contents/Home/jre/lib/plugin.jar:/Library/Java/JavaVirtualMachines/jdk1.8.0_121.jdk/Contents/Home/jre/lib/resources.jar:/Library/Java/JavaVirtualMachines/jdk1.8.0_121.jdk/Contents/Home/jre/lib/rt.jar:/Library/Java/JavaVirtualMachines/jdk1.8.0_121.jdk/Contents/Home/lib/ant-javafx.jar:/Library/Java/JavaVirtualMachines/jdk1.8.0_121.jdk/Contents/Home/lib/dt.jar:/Library/Java/JavaVirtualMachines/jdk1.8.0_121.jdk/Contents/Home/lib/javafx-mx.jar:/Library/Java/JavaVirtualMachines/jdk1.8.0_121.jdk/Contents/Home/lib/jconsole.jar:/Library/Java/JavaVirtualMachines/jdk1.8.0_121.jdk/Contents/Home/lib/packager.jar:/Library/Java/JavaVirtualMachines/jdk1.8.0_121.jdk/Contents/Home/lib/sa-jdi.jar:/Library/Java/JavaVirtualMachines/jdk1.8.0_121.jdk/Contents/Home/lib/tools.jar:/Users/FelixWu/IdeaProjects/TowerDefence/out/production/TowerDefence:/Users/FelixWu/Downloads/fxgl-0.3.1-uber.jar:/Applications/IntelliJ IDEA CE.app/Contents/lib/idea_rt.jar
01:06:40.806 [ForkJoinPool.commonPool-worker-1] DEBUG FXGLLogger           - java.runtime.name=Java(TM) SE Runtime Environment
01:06:40.806 [ForkJoinPool.commonPool-worker-1] DEBUG FXGLLogger           - FXGL.ui.font=Copperplate_Gothic_Light_Regular.ttf
01:06:40.806 [ForkJoinPool.commonPool-worker-1] DEBUG FXGLLogger           - java.vm.vendor=Oracle Corporation
01:06:40.806 [ForkJoinPool.commonPool-worker-1] DEBUG FXGLLogger           - gopherProxySet=false
01:06:40.806 [ForkJoinPool.commonPool-worker-1] DEBUG FXGLLogger           - java.library.path=/Users/FelixWu/Library/Java/Extensions:/Library/Java/Extensions:/Network/Library/Java/Extensions:/System/Library/Java/Extensions:/usr/lib/java:.
01:06:40.806 [ForkJoinPool.commonPool-worker-1] DEBUG FXGLLogger           - java.vendor.url=http://java.oracle.com/
01:06:40.806 [ForkJoinPool.commonPool-worker-1] DEBUG FXGLLogger           - FXGL.sound.menu.back=menu/back.wav
01:06:40.806 [ForkJoinPool.commonPool-worker-1] DEBUG FXGLLogger           - FXGL.ui.mono.font=lucida_console.ttf
01:06:40.807 [ForkJoinPool.commonPool-worker-1] DEBUG FXGLLogger           - java.specification.vendor=Oracle Corporation
01:06:40.807 [ForkJoinPool.commonPool-worker-1] DEBUG FXGLLogger           - user.home=/Users/FelixWu
01:06:40.807 [ForkJoinPool.commonPool-worker-1] DEBUG FXGLLogger           - ftp.nonProxyHosts=local|*.local|169.254/16|*.169.254/16
01:06:40.807 [ForkJoinPool.commonPool-worker-1] DEBUG FXGLLogger           - socksNonProxyHosts=local|*.local|169.254/16|*.169.254/16
01:06:40.807 [ForkJoinPool.commonPool-worker-1] DEBUG FXGLLogger           - awt.toolkit=sun.lwawt.macosx.LWCToolkit
01:06:40.807 [ForkJoinPool.commonPool-worker-1] DEBUG FXGLLogger           - sun.io.unicode.encoding=UnicodeBig
01:06:40.807 [ForkJoinPool.commonPool-worker-1] DEBUG FXGLLogger           - java.awt.printerjob=sun.lwawt.macosx.CPrinterJob
01:06:40.807 [ForkJoinPool.commonPool-worker-1] DEBUG FXGLLogger           - FXGL.asset.cache.size=35
01:06:40.807 [ForkJoinPool.commonPool-worker-1] DEBUG FXGLLogger           - FXGL.fs.profilename=user.profile
01:06:40.807 [ForkJoinPool.commonPool-worker-1] DEBUG FXGLLogger           - FXGL.fs.savedir=saves/
01:06:40.807 [ForkJoinPool.commonPool-worker-1] DEBUG FXGLLogger           - java.vm.version=25.121-b13
01:06:40.808 [ForkJoinPool.commonPool-worker-1] DEBUG FXGLLogger           - path.separator=:
01:06:40.808 [ForkJoinPool.commonPool-worker-1] DEBUG FXGLLogger           - os.version=10.11.6
01:06:40.808 [ForkJoinPool.commonPool-worker-1] DEBUG FXGLLogger           - java.vm.info=mixed mode
01:06:40.809 [ForkJoinPool.commonPool-worker-1] DEBUG FXGLLogger           - java.home=/Library/Java/JavaVirtualMachines/jdk1.8.0_121.jdk/Contents/Home/jre
01:06:40.809 [ForkJoinPool.commonPool-worker-1] DEBUG FXGLLogger           - user.country=US
01:06:40.809 [ForkJoinPool.commonPool-worker-1] DEBUG FXGLLogger           - java.class.version=52.0
01:06:40.809 [ForkJoinPool.commonPool-worker-1] DEBUG FXGLLogger           - file.separator=/
01:06:40.809 [ForkJoinPool.commonPool-worker-1] DEBUG FXGLLogger           - java.specification.name=Java Platform API Specification
01:06:40.809 [ForkJoinPool.commonPool-worker-1] DEBUG FXGLLogger           - FXGL.fs.datafile.ext=.dat
01:06:40.809 [ForkJoinPool.commonPool-worker-1] DEBUG FXGLLogger           - sun.cpu.isalist=
01:06:40.809 [ForkJoinPool.commonPool-worker-1] DEBUG FXGLLogger           - sun.jnu.encoding=UTF-8
01:06:40.809 [ForkJoinPool.commonPool-worker-1] DEBUG FXGLLogger           - file.encoding.pkg=sun.io
01:06:40.809 [ForkJoinPool.commonPool-worker-1] DEBUG FXGLLogger           - http.nonProxyHosts=local|*.local|169.254/16|*.169.254/16
01:06:40.809 [ForkJoinPool.commonPool-worker-1] DEBUG FXGLLogger           - java.endorsed.dirs=/Library/Java/JavaVirtualMachines/jdk1.8.0_121.jdk/Contents/Home/jre/lib/endorsed
01:06:40.810 [ForkJoinPool.commonPool-worker-1] DEBUG FXGLLogger           - sun.arch.data.model=64
01:06:40.811 [ForkJoinPool.commonPool-worker-1] DEBUG FXGLLogger           - user.timezone=Europe/London
01:06:40.811 [ForkJoinPool.commonPool-worker-1] DEBUG FXGLLogger           - java.version=1.8.0_121
01:06:40.811 [ForkJoinPool.commonPool-worker-1] DEBUG FXGLLogger           - sun.boot.library.path=/Library/Java/JavaVirtualMachines/jdk1.8.0_121.jdk/Contents/Home/jre/lib
01:06:40.811 [ForkJoinPool.commonPool-worker-1] DEBUG FXGLLogger           - user.language=en
01:06:40.812 [ForkJoinPool.commonPool-worker-1] DEBUG FXGLLogger           - idea.launcher.bin.path=/Applications/IntelliJ IDEA CE.app/Contents/bin
01:06:40.812 [ForkJoinPool.commonPool-worker-1] DEBUG FXGLLogger           - javafx.runtime.version=8.0.121-b13
01:06:40.812 [ForkJoinPool.commonPool-worker-1] DEBUG FXGLLogger           - FXGL.sound.menu.select=menu/select.wav
01:06:40.812 [ForkJoinPool.commonPool-worker-1] DEBUG FXGLLogger           - FXGL.sound.menu.press=menu/press.wav
01:06:40.812 [ForkJoinPool.commonPool-worker-1] DEBUG FXGLLogger           - FXGL.sound.notification=core/notification.wav
01:06:40.812 [ForkJoinPool.commonPool-worker-1] DEBUG FXGLLogger           - user.name=FelixWu
01:06:40.812 [ForkJoinPool.commonPool-worker-1] DEBUG FXGLLogger           - FXGL.pooling.initialSize=128
01:06:40.812 [ForkJoinPool.commonPool-worker-1] DEBUG FXGLLogger           - java.runtime.version=1.8.0_121-b13
01:06:40.812 [ForkJoinPool.commonPool-worker-1] DEBUG FXGLLogger           - java.vm.specification.vendor=Oracle Corporation
01:06:40.812 [ForkJoinPool.commonPool-worker-1] DEBUG FXGLLogger           - user.country.format=HK
01:06:40.812 [ForkJoinPool.commonPool-worker-1] DEBUG FXGLLogger           - sun.boot.class.path=/Library/Java/JavaVirtualMachines/jdk1.8.0_121.jdk/Contents/Home/jre/lib/resources.jar:/Library/Java/JavaVirtualMachines/jdk1.8.0_121.jdk/Contents/Home/jre/lib/rt.jar:/Library/Java/JavaVirtualMachines/jdk1.8.0_121.jdk/Contents/Home/jre/lib/sunrsasign.jar:/Library/Java/JavaVirtualMachines/jdk1.8.0_121.jdk/Contents/Home/jre/lib/jsse.jar:/Library/Java/JavaVirtualMachines/jdk1.8.0_121.jdk/Contents/Home/jre/lib/jce.jar:/Library/Java/JavaVirtualMachines/jdk1.8.0_121.jdk/Contents/Home/jre/lib/charsets.jar:/Library/Java/JavaVirtualMachines/jdk1.8.0_121.jdk/Contents/Home/jre/lib/jfr.jar:/Library/Java/JavaVirtualMachines/jdk1.8.0_121.jdk/Contents/Home/jre/classes
01:06:40.813 [ForkJoinPool.commonPool-worker-1] DEBUG FXGLLogger           - os.name=Mac OS X
01:06:40.813 [ForkJoinPool.commonPool-worker-1] DEBUG FXGLLogger           - FXGL.ui.css=fxgl.css
01:06:40.813 [ForkJoinPool.commonPool-worker-1] DEBUG FXGLLogger           - sun.management.compiler=HotSpot 64-Bit Tiered Compilers
01:06:40.813 [ForkJoinPool.commonPool-worker-1] DEBUG FXGLLogger           - FXGL.url.storage=https://raw.githubusercontent.com/AlmasB/git-server/master/storage/
01:06:40.813 [ForkJoinPool.commonPool-worker-1] DEBUG FXGLLogger           - sun.java.launcher=SUN_STANDARD
01:06:40.813 [ForkJoinPool.commonPool-worker-1] DEBUG FXGLLogger           - java.vendor=Oracle Corporation
01:06:40.815 [FXGL Launcher Thread     ] DEBUG FXGLLoggerFactory    - Service [LoggerFactory] initialized
01:06:40.816 [FXGL Launcher Thread     ] DEBUG FXGL                 - FXGL logger initialized
01:06:40.816 [FXGL Launcher Thread     ] DEBUG FXGL                 - Loading FXGL system data
01:06:40.820 [FXGL Launcher Thread     ] DEBUG IOTask               - Executing task: readDataTask(system/fxgl.bundle)
01:06:40.829 [FXGL Launcher Thread     ] DEBUG FS                   - Reading from: system/fxgl.bundle
01:06:40.839 [FXGL Launcher Thread     ] DEBUG IOTask               - Task succeeded: readDataTask(system/fxgl.bundle)
01:06:40.839 [FXGL Launcher Thread     ] DEBUG Bundle               - Logging bundle: FXGL
01:06:40.840 [FXGL Launcher Thread     ] DEBUG Bundle               - FXGL.offline.timer.version.check=2017-04-27T12:29:57.078
01:06:40.840 [FXGL Launcher Thread     ] DEBUG FXGLApplication      - FXGL configuration complete
01:06:40.840 [FXGL Launcher Thread     ] INFO  FXGLApplication      - FXGL configuration took:  1.830 sec
01:06:40.845 [FXGL Launcher Thread     ] DEBUG FXGLApplication      - Logging game settings
Title: TowerDefense
Version: 1.0
Width: 400
Height: 280
Fullscreen: false
Intro: false
Menus: false
Profiling: false
App Mode: DEVELOPER
Menu Style: FXGL_DEFAULT
Menu Key: ESCAPE
Services: []
01:06:40.848 [JavaFX Application Thread] DEBUG FXGLApplication      - Running task: UpdaterTask
01:06:40.865 [FXGL Launcher Thread     ] DEBUG FXGLApplication      - Configuring GameApplication
01:06:40.866 [FXGL Launcher Thread     ] DEBUG FXGLApplication      - Running task: PreInitTask
01:06:40.873 [FXGL Launcher Thread     ] DEBUG FXGLExceptionHandler - Service [ExceptionHandler] initialized
01:06:40.874 [FXGL Launcher Thread     ] DEBUG FXGLEventBus         - Service [EventBus] initialized
01:06:40.880 [FXGL Launcher Thread     ] DEBUG FXGLExecutor         - Service [Executor] initialized
01:06:40.880 [FXGL Launcher Thread     ] DEBUG PreInitTask          - Injecting gameWorld & physicsWorld
01:06:40.888 [FXGL Launcher Thread     ] DEBUG GameWorld            - Game world initialized
01:06:40.969 [FXGL Launcher Thread     ] DEBUG FXGLPooler           - Service [Pooler] initialized with default size = 128
01:06:40.970 [FXGL Launcher Thread     ] DEBUG PhysicsWorld         - Physics world initialized: appHeight=280, physics.ppm=50.0
01:06:40.972 [FXGL Launcher Thread     ] DEBUG FXGLInput            - Service [Input] initialized
01:06:40.996 [FXGL Launcher Thread     ] DEBUG FXGLInput            - Registered new binding: Screenshot - P
01:06:40.996 [FXGL Launcher Thread     ] DEBUG FXGLInput            - Registered new binding: Dev Options - CTRL+0
01:06:40.997 [FXGL Launcher Thread     ] DEBUG FXGLInput            - Registered new binding: Place Tower A - PRIMARY
01:06:40.998 [FXGL Launcher Thread     ] DEBUG FXGLApplication      - Running task: InitScenesTask
01:06:41.004 [FXGL Launcher Thread     ] DEBUG FXGLAssetLoader      - Service [AssetLoader] initialized: cacheSize=35
01:06:41.005 [FXGL Launcher Thread     ] DEBUG FXGLAssetLoader      - Loading from disk: /assets/ui/cursors/fxgl_default.png
01:06:41.096 [FXGL Launcher Thread     ] DEBUG GameScene            - Game scene initialized: 400x280
01:06:41.096 [FXGL Launcher Thread     ] DEBUG FXGLAssetLoader      - Loading from disk: /assets/ui/cursors/fxgl_default.png
01:06:41.108 [FXGL Launcher Thread     ] DEBUG FXGLAssetLoader      - Loading from disk: /assets/sounds/core/notification.wav
01:06:41.166 [FXGL Launcher Thread     ] DEBUG FXGLAssetLoader      - Loading from disk: /assets/sounds/menu/select.wav
01:06:41.172 [FXGL Launcher Thread     ] DEBUG FXGLAssetLoader      - Loading from disk: /assets/sounds/menu/back.wav
01:06:41.177 [FXGL Launcher Thread     ] DEBUG FXGLAssetLoader      - Loading from disk: /assets/sounds/menu/press.wav
01:06:41.180 [FXGL Launcher Thread     ] DEBUG FXGLAssetLoader      - Loading from disk: /assets/ui/fonts/Copperplate_Gothic_Light_Regular.ttf
01:06:41.195 [FXGL Launcher Thread     ] DEBUG FXGLAssetLoader      - Loading from disk: /assets/ui/fonts/lucida_console.ttf
01:06:41.198 [FXGL Launcher Thread     ] DEBUG FXGLAssetLoader      - Loading from disk: /assets/ui/css/fxgl.css
01:06:41.199 [FXGL Launcher Thread     ] DEBUG FXGLAssetLoader      - Loading from disk: /assets/ui/icons/fxgl_icon.png
01:06:41.224 [FXGL Launcher Thread     ] DEBUG FXGLAssetLoader      - Loading from disk: /assets/ui/css/fxgl_dark.css
01:06:41.238 [FXGL Launcher Thread     ] DEBUG FXGLDisplay          - Target size: DoubleProperty [value: 400.0] x DoubleProperty [value: 280.0] @ 1.0
01:06:41.238 [FXGL Launcher Thread     ] DEBUG FXGLDisplay          - New size:    400.0 x 280.0 @ DoubleProperty [value: 1.0]
01:06:41.239 [FXGL Launcher Thread     ] DEBUG FXGLDisplay          - Service [Display] initialized
01:06:41.239 [FXGL Launcher Thread     ] DEBUG FXGLDisplay          - Using CSS: CSS(externalForm=jar:file:/Users/FelixWu/Downloads/fxgl-0.3.1-uber.jar!/assets/ui/css/fxgl_dark.css)
01:06:41.239 [FXGL Launcher Thread     ] DEBUG InitScenesTask       - Injecting loadingScene & gameScene
01:06:41.240 [FXGL Launcher Thread     ] DEBUG FXGLApplication      - Running task: InitEventHandlersTask
01:06:41.246 [FXGL Launcher Thread     ] DEBUG FXGLMasterTimer      - Service [MasterTimer] initialized
01:06:41.248 [FXGL Launcher Thread     ] DEBUG FXGLAudioPlayer      - Service [AudioPlayer] initialized
01:06:41.249 [FXGL Launcher Thread     ] DEBUG InitEventHandlersTask - scanForServiceListeners
01:06:41.249 [FXGL Launcher Thread     ] DEBUG InitEventHandlersTask - FXGLListener: interface com.almasb.fxgl.service.MasterTimer
01:06:41.249 [FXGL Launcher Thread     ] DEBUG InitEventHandlersTask - FXGLListener: interface com.almasb.fxgl.service.Input
01:06:41.249 [FXGL Launcher Thread     ] DEBUG InitEventHandlersTask - UserProfileSavable: interface com.almasb.fxgl.service.AudioPlayer
01:06:41.251 [FXGL Launcher Thread     ] DEBUG InitEventHandlersTask - UserProfileSavable: interface com.almasb.fxgl.service.MasterTimer
01:06:41.251 [FXGL Launcher Thread     ] DEBUG InitEventHandlersTask - UserProfileSavable: interface com.almasb.fxgl.service.Input
01:06:41.251 [FXGL Launcher Thread     ] DEBUG InitEventHandlersTask - UserProfileSavable: interface com.almasb.fxgl.service.Display
01:06:41.251 [FXGL Launcher Thread     ] DEBUG InitEventHandlersTask - UserProfileSavable: class com.almasb.fxgl.gameplay.AchievementManager
01:06:41.252 [FXGL Launcher Thread     ] DEBUG AchievementManager   - Service [AchievementManager] initialized
01:06:41.252 [FXGL Launcher Thread     ] DEBUG InitEventHandlersTask - UserProfileSavable: class com.almasb.fxgl.service.impl.quest.FXGLQuestServiceProvider
01:06:41.253 [FXGL Launcher Thread     ] DEBUG InitEventHandlersTask - NotificationListener: interface com.almasb.fxgl.service.AudioPlayer
01:06:41.254 [FXGL Launcher Thread     ] DEBUG InitEventHandlersTask - AchievementListener: interface com.almasb.fxgl.service.NotificationService
01:06:41.257 [FXGL Launcher Thread     ] DEBUG SlidingNotificationService - Service [NotificationService] initialized
01:06:41.263 [FXGL Launcher Thread     ] DEBUG FXGLApplication      - Running task: InitProfilerTask
01:06:41.265 [FXGL Launcher Thread     ] DEBUG FXGLApplication      - Starting new game
01:06:41.268 [FXGL Launcher Thread     ] DEBUG FXGLApplication      - Initializing App
01:06:41.268 [FXGL Launcher Thread     ] DEBUG FXGLApplication      - Pausing main loop
01:06:41.269 [FXGL Launcher Thread     ] DEBUG FXGLApplication      - State: STARTUP -> PAUSED
01:06:41.270 [FXGL Launcher Thread     ] DEBUG FXGLMasterTimer      - Stopping master timer
01:06:41.270 [FXGL Launcher Thread     ] DEBUG FXGLInput            - Clearing active input actions
01:06:41.271 [FXGL Launcher Thread     ] DEBUG FXGLEventBus         - Firing event: FXGLEvent[type=PAUSE]
01:06:41.271 [FXGL Launcher Thread     ] DEBUG FXGLApplication      - Resetting FXGL application
01:06:41.272 [FXGL Launcher Thread     ] DEBUG GameWorld            - Resetting game world
01:06:41.272 [FXGL Launcher Thread     ] DEBUG EntityWorld          - Resetting entity world
01:06:41.273 [FXGL Launcher Thread     ] DEBUG PhysicsWorld         - Resetting physics world
01:06:41.273 [FXGL Launcher Thread     ] DEBUG GameScene            - Resetting game scene
01:06:41.273 [FXGL Launcher Thread     ] DEBUG FXGLMasterTimer      - Resetting ticks and clearing all actions
01:06:41.273 [FXGL Launcher Thread     ] DEBUG FXGLInput            - Clearing active input actions
01:06:41.273 [FXGL Launcher Thread     ] DEBUG FXGLEventBus         - Firing event: FXGLEvent[type=RESET]
01:06:41.351 [FXGL Launcher Thread     ] DEBUG FXGLApplication      - State: PAUSED -> LOADING
01:06:41.389 [FXGL Launcher Thread     ] INFO  FXGLApplication      - Game configuration took:  0.524 sec
01:06:41.389 [FXGL Background Thread 1 ] DEBUG InitAppTask          - Initializing Assets
01:06:41.391 [FXGL Background Thread 1 ] DEBUG InitAppTask          - Initializing Game
01:06:41.391 [FXGL Background Thread 1 ] DEBUG InitAppTask          - Injecting gameState
01:06:41.477 [JavaFX Application Thread] DEBUG FXGLDisplay          - Showing stage
01:06:41.477 [JavaFX Application Thread] DEBUG FXGLDisplay          - Root size: 400.0x280.0
01:06:41.477 [JavaFX Application Thread] DEBUG FXGLDisplay          - Scene size: 400.0x280.0
01:06:41.477 [JavaFX Application Thread] DEBUG FXGLDisplay          - Stage size: 400.0x302.0
01:06:41.478 [FastClasspathScanner-worker-0] DEBUG InitAppTask          - @SetEntityFactory: class com.felixwu.td.TdFactory
01:06:41.493 [FXGL Background Thread 1 ] DEBUG FXGLAssetLoader      - Loading from disk: /assets/text/level1.txt
01:06:41.522 [FXGL Background Thread 1 ] DEBUG FXGLAssetLoader      - Loading from disk: /assets/textures/backgroundG.png
01:06:41.531 [FXGL Background Thread 1 ] DEBUG FXGLAssetLoader      - Loading from cache: /assets/textures/backgroundG.png
01:06:41.532 [FXGL Background Thread 1 ] DEBUG FXGLAssetLoader      - Loading from cache: /assets/textures/backgroundG.png
01:06:41.533 [FXGL Background Thread 1 ] DEBUG FXGLAssetLoader      - Loading from cache: /assets/textures/backgroundG.png
01:06:41.534 [FXGL Background Thread 1 ] DEBUG FXGLAssetLoader      - Loading from cache: /assets/textures/backgroundG.png
01:06:41.543 [FXGL Background Thread 1 ] DEBUG FXGLAssetLoader      - Loading from cache: /assets/textures/backgroundG.png
01:06:41.548 [FXGL Background Thread 1 ] DEBUG FXGLAssetLoader      - Loading from cache: /assets/textures/backgroundG.png
01:06:41.549 [FXGL Background Thread 1 ] DEBUG FXGLAssetLoader      - Loading from cache: /assets/textures/backgroundG.png
01:06:41.551 [FXGL Background Thread 1 ] DEBUG FXGLAssetLoader      - Loading from cache: /assets/textures/backgroundG.png
01:06:41.556 [FXGL Background Thread 1 ] DEBUG FXGLAssetLoader      - Loading from cache: /assets/textures/backgroundG.png
01:06:41.558 [FXGL Background Thread 1 ] DEBUG FXGLAssetLoader      - Loading from disk: /assets/textures/backgroundP.png
01:06:41.560 [FXGL Background Thread 1 ] DEBUG FXGLAssetLoader      - Loading from cache: /assets/textures/backgroundP.png
01:06:41.561 [FXGL Background Thread 1 ] DEBUG FXGLAssetLoader      - Loading from cache: /assets/textures/backgroundP.png
01:06:41.562 [FXGL Background Thread 1 ] DEBUG FXGLAssetLoader      - Loading from cache: /assets/textures/backgroundP.png
01:06:41.563 [FXGL Background Thread 1 ] DEBUG FXGLAssetLoader      - Loading from cache: /assets/textures/backgroundP.png
01:06:41.567 [FXGL Background Thread 1 ] DEBUG FXGLAssetLoader      - Loading from cache: /assets/textures/backgroundP.png
01:06:41.570 [FXGL Background Thread 1 ] DEBUG FXGLAssetLoader      - Loading from cache: /assets/textures/backgroundP.png
01:06:41.572 [FXGL Background Thread 1 ] DEBUG FXGLAssetLoader      - Loading from cache: /assets/textures/backgroundP.png
01:06:41.573 [FXGL Background Thread 1 ] DEBUG FXGLAssetLoader      - Loading from cache: /assets/textures/backgroundP.png
01:06:41.574 [FXGL Background Thread 1 ] DEBUG FXGLAssetLoader      - Loading from cache: /assets/textures/backgroundG.png
01:06:41.575 [FXGL Background Thread 1 ] DEBUG FXGLAssetLoader      - Loading from cache: /assets/textures/backgroundG.png
01:06:41.576 [FXGL Background Thread 1 ] DEBUG FXGLAssetLoader      - Loading from cache: /assets/textures/backgroundG.png
01:06:41.577 [FXGL Background Thread 1 ] DEBUG FXGLAssetLoader      - Loading from cache: /assets/textures/backgroundG.png
01:06:41.579 [FXGL Background Thread 1 ] DEBUG FXGLAssetLoader      - Loading from cache: /assets/textures/backgroundG.png
01:06:41.581 [FXGL Background Thread 1 ] DEBUG FXGLAssetLoader      - Loading from cache: /assets/textures/backgroundG.png
01:06:41.582 [FXGL Background Thread 1 ] DEBUG FXGLAssetLoader      - Loading from cache: /assets/textures/backgroundG.png
01:06:41.583 [FXGL Background Thread 1 ] DEBUG FXGLAssetLoader      - Loading from cache: /assets/textures/backgroundG.png
01:06:41.583 [FXGL Background Thread 1 ] DEBUG FXGLAssetLoader      - Loading from cache: /assets/textures/backgroundG.png
01:06:41.585 [FXGL Background Thread 1 ] DEBUG FXGLAssetLoader      - Loading from cache: /assets/textures/backgroundP.png
01:06:41.586 [FXGL Background Thread 1 ] DEBUG FXGLAssetLoader      - Loading from cache: /assets/textures/backgroundG.png
01:06:41.587 [FXGL Background Thread 1 ] DEBUG FXGLAssetLoader      - Loading from cache: /assets/textures/backgroundG.png
01:06:41.588 [FXGL Background Thread 1 ] DEBUG FXGLAssetLoader      - Loading from cache: /assets/textures/backgroundP.png
01:06:41.589 [FXGL Background Thread 1 ] DEBUG FXGLAssetLoader      - Loading from cache: /assets/textures/backgroundP.png
01:06:41.590 [FXGL Background Thread 1 ] DEBUG FXGLAssetLoader      - Loading from cache: /assets/textures/backgroundP.png
01:06:41.592 [FXGL Background Thread 1 ] DEBUG FXGLAssetLoader      - Loading from cache: /assets/textures/backgroundP.png
01:06:41.593 [FXGL Background Thread 1 ] DEBUG FXGLAssetLoader      - Loading from cache: /assets/textures/backgroundP.png
01:06:41.596 [FXGL Background Thread 1 ] DEBUG FXGLAssetLoader      - Loading from cache: /assets/textures/backgroundP.png
01:06:41.606 [FXGL Background Thread 1 ] DEBUG FXGLAssetLoader      - Loading from cache: /assets/textures/backgroundP.png
01:06:41.610 [FXGL Background Thread 1 ] DEBUG FXGLAssetLoader      - Loading from cache: /assets/textures/backgroundP.png
01:06:41.611 [FXGL Background Thread 1 ] DEBUG FXGLAssetLoader      - Loading from cache: /assets/textures/backgroundG.png
01:06:41.612 [FXGL Background Thread 1 ] DEBUG FXGLAssetLoader      - Loading from cache: /assets/textures/backgroundG.png
01:06:41.613 [FXGL Background Thread 1 ] DEBUG FXGLAssetLoader      - Loading from cache: /assets/textures/backgroundP.png
01:06:41.615 [FXGL Background Thread 1 ] DEBUG FXGLAssetLoader      - Loading from cache: /assets/textures/backgroundG.png
01:06:41.616 [FXGL Background Thread 1 ] DEBUG FXGLAssetLoader      - Loading from cache: /assets/textures/backgroundG.png
01:06:41.617 [FXGL Background Thread 1 ] DEBUG FXGLAssetLoader      - Loading from cache: /assets/textures/backgroundG.png
01:06:41.618 [FXGL Background Thread 1 ] DEBUG FXGLAssetLoader      - Loading from cache: /assets/textures/backgroundG.png
01:06:41.620 [FXGL Background Thread 1 ] DEBUG FXGLAssetLoader      - Loading from cache: /assets/textures/backgroundG.png
01:06:41.620 [FXGL Background Thread 1 ] DEBUG FXGLAssetLoader      - Loading from cache: /assets/textures/backgroundG.png
01:06:41.621 [FXGL Background Thread 1 ] DEBUG FXGLAssetLoader      - Loading from cache: /assets/textures/backgroundG.png
01:06:41.623 [FXGL Background Thread 1 ] DEBUG FXGLAssetLoader      - Loading from cache: /assets/textures/backgroundG.png
01:06:41.623 [FXGL Background Thread 1 ] DEBUG FXGLAssetLoader      - Loading from cache: /assets/textures/backgroundG.png
01:06:41.624 [FXGL Background Thread 1 ] DEBUG FXGLAssetLoader      - Loading from cache: /assets/textures/backgroundP.png
01:06:41.625 [FXGL Background Thread 1 ] DEBUG FXGLAssetLoader      - Loading from cache: /assets/textures/backgroundP.png
01:06:41.625 [FXGL Background Thread 1 ] DEBUG FXGLAssetLoader      - Loading from cache: /assets/textures/backgroundP.png
01:06:41.626 [FXGL Background Thread 1 ] DEBUG FXGLAssetLoader      - Loading from cache: /assets/textures/backgroundP.png
01:06:41.627 [FXGL Background Thread 1 ] DEBUG FXGLAssetLoader      - Loading from cache: /assets/textures/backgroundP.png
01:06:41.627 [FXGL Background Thread 1 ] DEBUG FXGLAssetLoader      - Loading from cache: /assets/textures/backgroundP.png
01:06:41.628 [FXGL Background Thread 1 ] DEBUG FXGLAssetLoader      - Loading from cache: /assets/textures/backgroundP.png
01:06:41.629 [FXGL Background Thread 1 ] DEBUG FXGLAssetLoader      - Loading from cache: /assets/textures/backgroundP.png
01:06:41.629 [FXGL Background Thread 1 ] DEBUG FXGLAssetLoader      - Loading from disk: /assets/textures/home.jpg
01:06:41.644 [FXGL Background Thread 1 ] DEBUG FXGLAssetLoader      - Loading from cache: /assets/textures/backgroundG.png
01:06:41.644 [FXGL Background Thread 1 ] DEBUG FXGLAssetLoader      - Loading from cache: /assets/textures/backgroundG.png
01:06:41.645 [FXGL Background Thread 1 ] DEBUG FXGLAssetLoader      - Loading from cache: /assets/textures/backgroundG.png
01:06:41.646 [FXGL Background Thread 1 ] DEBUG FXGLAssetLoader      - Loading from cache: /assets/textures/backgroundG.png
01:06:41.647 [FXGL Background Thread 1 ] DEBUG FXGLAssetLoader      - Loading from cache: /assets/textures/backgroundG.png
01:06:41.648 [FXGL Background Thread 1 ] DEBUG FXGLAssetLoader      - Loading from cache: /assets/textures/backgroundG.png
01:06:41.649 [FXGL Background Thread 1 ] DEBUG FXGLAssetLoader      - Loading from cache: /assets/textures/backgroundG.png
01:06:41.650 [FXGL Background Thread 1 ] DEBUG FXGLAssetLoader      - Loading from cache: /assets/textures/backgroundG.png
01:06:41.650 [FXGL Background Thread 1 ] DEBUG FXGLAssetLoader      - Loading from cache: /assets/textures/backgroundG.png
01:06:41.651 [FXGL Background Thread 1 ] DEBUG FXGLAssetLoader      - Loading from cache: /assets/textures/backgroundG.png
01:06:41.651 [FXGL Background Thread 1 ] DEBUG GameWorld            - Resetting game world
01:06:41.652 [FXGL Background Thread 1 ] DEBUG EntityWorld          - Resetting entity world
01:06:41.652 [FXGL Background Thread 1 ] DEBUG PhysicsWorld         - Resetting physics world
01:06:41.652 [FXGL Background Thread 1 ] DEBUG GameScene            - Resetting game scene
01:06:41.652 [FXGL Background Thread 1 ] DEBUG GameWorld            - Setting level: com.almasb.fxgl.gameplay.Level@304b5f81
01:06:41.659 [FXGL Background Thread 1 ] DEBUG GameScene            - Creating render group for layer: TOP(2147483647)
01:06:41.680 [FXGL Background Thread 1 ] DEBUG InitAppTask          - Initializing Physics
01:06:41.681 [FXGL Background Thread 1 ] DEBUG InitAppTask          - Initializing UI
01:06:41.681 [FXGL Background Thread 1 ] DEBUG InitAppTask          - Initialization Complete
01:06:41.682 [FXGL Background Thread 1 ] INFO  InitAppTask          - Game initialization took: 0.292 sec
01:06:41.683 [JavaFX Application Thread] DEBUG FXGLApplication      - Resuming main loop
01:06:41.683 [JavaFX Application Thread] DEBUG FXGLApplication      - State: LOADING -> PLAYING
01:06:41.694 [JavaFX Application Thread] DEBUG FXGLMasterTimer      - Starting master timer
01:06:41.695 [JavaFX Application Thread] DEBUG FXGLInput            - Clearing active input actions
01:06:41.695 [JavaFX Application Thread] DEBUG FXGLEventBus         - Firing event: FXGLEvent[type=RESUME]
01:06:42.760 [JavaFX Application Thread] DEBUG FXGLAssetLoader      - Loading from disk: /assets/textures/ufo.png
01:06:42.808 [JavaFX Application Thread] DEBUG FXGLAssetLoader      - Loading from disk: /assets/textures/tower1.png
01:06:42.814 [JavaFX Application Thread] DEBUG FXGLAssetLoader      - Loading from disk: /assets/textures/bullet.png
01:06:43.328 [JavaFX Application Thread] DEBUG FXGLAssetLoader      - Loading from cache: /assets/textures/bullet.png
01:06:43.794 [JavaFX Application Thread] DEBUG FXGLAssetLoader      - Loading from cache: /assets/textures/ufo.png
01:06:43.844 [JavaFX Application Thread] DEBUG FXGLAssetLoader      - Loading from cache: /assets/textures/bullet.png
01:06:43.848 [JavaFX Application Thread] DEBUG FXGLAssetLoader      - Loading from cache: /assets/textures/tower1.png
01:06:43.861 [JavaFX Application Thread] DEBUG FXGLAssetLoader      - Loading from cache: /assets/textures/bullet.png
01:06:44.362 [JavaFX Application Thread] DEBUG FXGLAssetLoader      - Loading from cache: /assets/textures/bullet.png
01:06:44.378 [JavaFX Application Thread] DEBUG FXGLAssetLoader      - Loading from cache: /assets/textures/bullet.png
01:06:44.811 [JavaFX Application Thread] DEBUG FXGLAssetLoader      - Loading from cache: /assets/textures/ufo.png
01:06:44.878 [JavaFX Application Thread] DEBUG FXGLAssetLoader      - Loading from cache: /assets/textures/bullet.png
01:06:44.895 [JavaFX Application Thread] DEBUG FXGLAssetLoader      - Loading from cache: /assets/textures/bullet.png
01:06:45.011 [JavaFX Application Thread] DEBUG FXGLEventBus         - Firing event: com.felixwu.td.event.EnemyKilled[source=javafx.event.Event$$Lambda$73/35614109@5c3a408b]
01:06:45.395 [JavaFX Application Thread] DEBUG FXGLAssetLoader      - Loading from cache: /assets/textures/bullet.png
01:06:45.412 [JavaFX Application Thread] DEBUG FXGLAssetLoader      - Loading from cache: /assets/textures/bullet.png
01:06:45.829 [JavaFX Application Thread] DEBUG FXGLAssetLoader      - Loading from cache: /assets/textures/ufo.png
01:06:45.913 [JavaFX Application Thread] DEBUG FXGLAssetLoader      - Loading from cache: /assets/textures/bullet.png
01:06:45.929 [JavaFX Application Thread] DEBUG FXGLAssetLoader      - Loading from cache: /assets/textures/bullet.png
01:06:46.049 [JavaFX Application Thread] DEBUG FXGLEventBus         - Firing event: com.felixwu.td.event.EnemyKilled[source=javafx.event.Event$$Lambda$73/35614109@5c3a408b]
01:06:46.433 [JavaFX Application Thread] DEBUG FXGLAssetLoader      - Loading from cache: /assets/textures/bullet.png
01:06:46.450 [JavaFX Application Thread] DEBUG FXGLAssetLoader      - Loading from cache: /assets/textures/bullet.png
01:06:46.850 [JavaFX Application Thread] DEBUG FXGLAssetLoader      - Loading from cache: /assets/textures/ufo.png
01:06:46.950 [JavaFX Application Thread] DEBUG FXGLAssetLoader      - Loading from cache: /assets/textures/bullet.png
01:06:46.967 [JavaFX Application Thread] DEBUG FXGLAssetLoader      - Loading from cache: /assets/textures/bullet.png
01:06:47.068 [JavaFX Application Thread] DEBUG FXGLEventBus         - Firing event: com.felixwu.td.event.EnemyKilled[source=javafx.event.Event$$Lambda$73/35614109@5c3a408b]
01:06:47.467 [JavaFX Application Thread] DEBUG FXGLAssetLoader      - Loading from cache: /assets/textures/bullet.png
01:06:47.484 [JavaFX Application Thread] DEBUG FXGLAssetLoader      - Loading from cache: /assets/textures/bullet.png
01:06:47.867 [JavaFX Application Thread] DEBUG FXGLAssetLoader      - Loading from cache: /assets/textures/ufo.png
01:06:47.983 [JavaFX Application Thread] DEBUG FXGLAssetLoader      - Loading from cache: /assets/textures/bullet.png
01:06:48.001 [JavaFX Application Thread] DEBUG FXGLAssetLoader      - Loading from cache: /assets/textures/bullet.png
01:06:48.101 [JavaFX Application Thread] DEBUG FXGLEventBus         - Firing event: com.felixwu.td.event.EnemyKilled[source=javafx.event.Event$$Lambda$73/35614109@5c3a408b]
01:06:48.501 [JavaFX Application Thread] DEBUG FXGLAssetLoader      - Loading from cache: /assets/textures/bullet.png
01:06:48.517 [JavaFX Application Thread] DEBUG FXGLAssetLoader      - Loading from cache: /assets/textures/bullet.png
01:06:48.884 [JavaFX Application Thread] DEBUG FXGLAssetLoader      - Loading from cache: /assets/textures/ufo.png
01:06:49.017 [JavaFX Application Thread] DEBUG FXGLAssetLoader      - Loading from cache: /assets/textures/bullet.png
01:06:49.034 [JavaFX Application Thread] DEBUG FXGLAssetLoader      - Loading from cache: /assets/textures/bullet.png
01:06:49.118 [JavaFX Application Thread] DEBUG FXGLEventBus         - Firing event: com.felixwu.td.event.EnemyKilled[source=javafx.event.Event$$Lambda$73/35614109@5c3a408b]
01:06:49.535 [JavaFX Application Thread] DEBUG FXGLAssetLoader      - Loading from cache: /assets/textures/bullet.png
01:06:49.551 [JavaFX Application Thread] DEBUG FXGLAssetLoader      - Loading from cache: /assets/textures/bullet.png
01:06:49.901 [JavaFX Application Thread] DEBUG FXGLAssetLoader      - Loading from cache: /assets/textures/ufo.png
01:06:50.051 [JavaFX Application Thread] DEBUG FXGLAssetLoader      - Loading from cache: /assets/textures/bullet.png
01:06:50.067 [JavaFX Application Thread] DEBUG FXGLAssetLoader      - Loading from cache: /assets/textures/bullet.png
01:06:50.151 [JavaFX Application Thread] DEBUG FXGLEventBus         - Firing event: com.felixwu.td.event.EnemyKilled[source=javafx.event.Event$$Lambda$73/35614109@5c3a408b]
01:06:50.568 [JavaFX Application Thread] DEBUG FXGLAssetLoader      - Loading from cache: /assets/textures/bullet.png
01:06:50.585 [JavaFX Application Thread] DEBUG FXGLAssetLoader      - Loading from cache: /assets/textures/bullet.png
01:06:50.601 [JavaFX Application Thread] DEBUG FXGLEventBus         - Firing event: com.felixwu.td.event.EnemyKilled[source=javafx.event.Event$$Lambda$73/35614109@5c3a408b]
01:06:50.919 [JavaFX Application Thread] DEBUG FXGLAssetLoader      - Loading from cache: /assets/textures/ufo.png
01:06:51.085 [JavaFX Application Thread] DEBUG FXGLAssetLoader      - Loading from cache: /assets/textures/bullet.png
01:06:51.102 [JavaFX Application Thread] DEBUG FXGLAssetLoader      - Loading from cache: /assets/textures/bullet.png
01:06:51.602 [JavaFX Application Thread] DEBUG FXGLAssetLoader      - Loading from cache: /assets/textures/bullet.png
01:06:51.618 [JavaFX Application Thread] DEBUG FXGLAssetLoader      - Loading from cache: /assets/textures/bullet.png
01:06:51.636 [JavaFX Application Thread] DEBUG FXGLEventBus         - Firing event: com.felixwu.td.event.EnemyKilled[source=javafx.event.Event$$Lambda$73/35614109@5c3a408b]
01:06:51.936 [JavaFX Application Thread] DEBUG FXGLAssetLoader      - Loading from cache: /assets/textures/ufo.png
01:06:52.119 [JavaFX Application Thread] DEBUG FXGLAssetLoader      - Loading from cache: /assets/textures/bullet.png
01:06:52.135 [JavaFX Application Thread] DEBUG FXGLAssetLoader      - Loading from cache: /assets/textures/bullet.png
01:06:52.637 [JavaFX Application Thread] DEBUG FXGLAssetLoader      - Loading from cache: /assets/textures/bullet.png
01:06:52.653 [JavaFX Application Thread] DEBUG FXGLAssetLoader      - Loading from cache: /assets/textures/bullet.png
01:06:52.655 [JavaFX Application Thread] DEBUG FXGLEventBus         - Firing event: com.felixwu.td.event.EnemyKilled[source=javafx.event.Event$$Lambda$73/35614109@5c3a408b]
01:06:53.153 [JavaFX Application Thread] DEBUG FXGLAssetLoader      - Loading from cache: /assets/textures/bullet.png
01:06:53.170 [JavaFX Application Thread] DEBUG FXGLAssetLoader      - Loading from cache: /assets/textures/bullet.png
01:06:53.670 [JavaFX Application Thread] DEBUG FXGLAssetLoader      - Loading from cache: /assets/textures/bullet.png
01:06:53.686 [JavaFX Application Thread] DEBUG FXGLAssetLoader      - Loading from cache: /assets/textures/bullet.png
01:06:53.970 [JavaFX Application Thread] DEBUG FXGLEventBus         - Firing event: com.felixwu.td.event.EnemyKilled[source=javafx.event.Event$$Lambda$73/35614109@5c3a408b]
01:06:53.986 [JavaFX Application Thread] DEBUG FXGLEventBus         - Firing event: DisplayEvent[type=DIALOG_OPENED]
01:06:53.986 [JavaFX Application Thread] DEBUG FXGLApplication      - Pausing main loop
01:06:53.986 [JavaFX Application Thread] DEBUG FXGLApplication      - State: PLAYING -> PAUSED
01:06:53.987 [JavaFX Application Thread] DEBUG FXGLMasterTimer      - Stopping master timer
01:06:53.987 [JavaFX Application Thread] DEBUG FXGLInput            - Clearing active input actions
01:06:53.987 [JavaFX Application Thread] DEBUG FXGLEventBus         - Firing event: FXGLEvent[type=PAUSE]
01:06:53.987 [JavaFX Application Thread] DEBUG FXGLInput            - Clearing active input actions
01:06:56.923 [JavaFX Application Thread] DEBUG FXGLEventBus         - Firing event: DisplayEvent[type=DIALOG_CLOSED]
01:06:56.923 [JavaFX Application Thread] DEBUG FXGLApplication      - Resuming main loop
01:06:56.923 [JavaFX Application Thread] DEBUG FXGLApplication      - State: PAUSED -> PLAYING
01:06:56.923 [JavaFX Application Thread] DEBUG FXGLMasterTimer      - Starting master timer
01:06:56.923 [JavaFX Application Thread] DEBUG FXGLInput            - Clearing active input actions
01:06:56.923 [JavaFX Application Thread] DEBUG FXGLEventBus         - Firing event: FXGLEvent[type=RESUME]
01:06:56.923 [JavaFX Application Thread] DEBUG FXGLApplication      - Exiting FXGL application
01:06:56.924 [JavaFX Application Thread] DEBUG FXGLEventBus         - Firing event: FXGLEvent[type=EXIT]
01:06:56.924 [JavaFX Application Thread] DEBUG FXGL                 - Saving FXGL system data
01:06:56.925 [JavaFX Application Thread] DEBUG IOTask               - Executing task: writeDataTask(system/fxgl.bundle)
01:06:56.927 [JavaFX Application Thread] DEBUG FS                   - Writing to: system/fxgl.bundle
01:06:56.930 [JavaFX Application Thread] DEBUG IOTask               - Task succeeded: writeDataTask(system/fxgl.bundle)
01:06:56.930 [JavaFX Application Thread] DEBUG FXGLApplication      - Closing FXGL logger and exiting JavaFX
