18:56:59.212 [ForkJoinPool.commonPool-worker-1] DEBUG FXGLLogger           - Logging System Info
18:56:59.215 [ForkJoinPool.commonPool-worker-1] DEBUG FXGLLogger           - CPU cores: 4
18:56:59.216 [ForkJoinPool.commonPool-worker-1] DEBUG FXGLLogger           - Free Memory: 75MB
18:56:59.216 [ForkJoinPool.commonPool-worker-1] DEBUG FXGLLogger           - Max Memory: 1821MB
18:56:59.216 [ForkJoinPool.commonPool-worker-1] DEBUG FXGLLogger           - Total Memory: 95MB
18:56:59.216 [ForkJoinPool.commonPool-worker-1] DEBUG FXGLLogger           - System Properties:
18:56:59.217 [ForkJoinPool.commonPool-worker-1] DEBUG FXGLLogger           - java.specification.version=1.8
18:56:59.217 [ForkJoinPool.commonPool-worker-1] DEBUG FXGLLogger           - FXGL.fxgl.version=0.3.1
18:56:59.217 [ForkJoinPool.commonPool-worker-1] DEBUG FXGLLogger           - file.encoding=UTF-8
18:56:59.217 [ForkJoinPool.commonPool-worker-1] DEBUG FXGLLogger           - FXGL.fs.savefile.ext=.sav
18:56:59.217 [ForkJoinPool.commonPool-worker-1] DEBUG FXGLLogger           - javafx.version=8.0.121
18:56:59.217 [ForkJoinPool.commonPool-worker-1] DEBUG FXGLLogger           - FXGL.url.googleforms=https://goo.gl/forms/6wrMnOBxTE1fEpOy2
18:56:59.217 [ForkJoinPool.commonPool-worker-1] DEBUG FXGLLogger           - FXGL.url.github=https://github.com/AlmasB/FXGL
18:56:59.218 [ForkJoinPool.commonPool-worker-1] DEBUG FXGLLogger           - FXGL.dev.showbbox=false
18:56:59.218 [ForkJoinPool.commonPool-worker-1] DEBUG FXGLLogger           - java.vm.name=Java HotSpot(TM) 64-Bit Server VM
18:56:59.218 [ForkJoinPool.commonPool-worker-1] DEBUG FXGLLogger           - line.separator=

18:56:59.218 [ForkJoinPool.commonPool-worker-1] DEBUG FXGLLogger           - FXGL.fs.profiledir=profiles/
18:56:59.218 [ForkJoinPool.commonPool-worker-1] DEBUG FXGLLogger           - user.dir=/Users/FelixWu/IdeaProjects/TowerDefence
18:56:59.218 [ForkJoinPool.commonPool-worker-1] DEBUG FXGLLogger           - java.ext.dirs=/Users/FelixWu/Library/Java/Extensions:/Library/Java/JavaVirtualMachines/jdk1.8.0_121.jdk/Contents/Home/jre/lib/ext:/Library/Java/Extensions:/Network/Library/Java/Extensions:/System/Library/Java/Extensions:/usr/lib/java
18:56:59.218 [ForkJoinPool.commonPool-worker-1] DEBUG FXGLLogger           - FXGL.version.check.days=7
18:56:59.218 [ForkJoinPool.commonPool-worker-1] DEBUG FXGLLogger           - os.arch=x86_64
18:56:59.218 [ForkJoinPool.commonPool-worker-1] DEBUG FXGLLogger           - java.awt.graphicsenv=sun.awt.CGraphicsEnvironment
18:56:59.218 [ForkJoinPool.commonPool-worker-1] DEBUG FXGLLogger           - FXGL.physics.ppm=50.0
18:56:59.218 [ForkJoinPool.commonPool-worker-1] DEBUG FXGLLogger           - java.vendor.url.bug=http://bugreport.sun.com/bugreport/
18:56:59.218 [ForkJoinPool.commonPool-worker-1] DEBUG FXGLLogger           - FXGL.url.pom=https://raw.githubusercontent.com/AlmasB/FXGL/master/pom.xml
18:56:59.218 [ForkJoinPool.commonPool-worker-1] DEBUG FXGLLogger           - java.io.tmpdir=/var/folders/8r/yhtjxhq56vzdzcyr91zp1r_00000gn/T/
18:56:59.218 [ForkJoinPool.commonPool-worker-1] DEBUG FXGLLogger           - sun.cpu.endian=little
18:56:59.219 [ForkJoinPool.commonPool-worker-1] DEBUG FXGLLogger           - sun.os.patch.level=unknown
18:56:59.219 [ForkJoinPool.commonPool-worker-1] DEBUG FXGLLogger           - java.vm.specification.version=1.8
18:56:59.219 [ForkJoinPool.commonPool-worker-1] DEBUG FXGLLogger           - FXGL.url.surveymonkey=https://www.surveymonkey.co.uk/r/BH6LLPM
18:56:59.219 [ForkJoinPool.commonPool-worker-1] DEBUG FXGLLogger           - java.vm.specification.name=Java Virtual Machine Specification
18:56:59.219 [ForkJoinPool.commonPool-worker-1] DEBUG FXGLLogger           - FXGL.ui.icon.name=fxgl_icon.png
18:56:59.219 [ForkJoinPool.commonPool-worker-1] DEBUG FXGLLogger           - idea.launcher.port=7534
18:56:59.219 [ForkJoinPool.commonPool-worker-1] DEBUG FXGLLogger           - sun.java.command=com.intellij.rt.execution.application.AppMain com.felixwu.td.Main
18:56:59.219 [ForkJoinPool.commonPool-worker-1] DEBUG FXGLLogger           - java.class.path=/Library/Java/JavaVirtualMachines/jdk1.8.0_121.jdk/Contents/Home/jre/lib/charsets.jar:/Library/Java/JavaVirtualMachines/jdk1.8.0_121.jdk/Contents/Home/jre/lib/deploy.jar:/Library/Java/JavaVirtualMachines/jdk1.8.0_121.jdk/Contents/Home/jre/lib/ext/cldrdata.jar:/Library/Java/JavaVirtualMachines/jdk1.8.0_121.jdk/Contents/Home/jre/lib/ext/dnsns.jar:/Library/Java/JavaVirtualMachines/jdk1.8.0_121.jdk/Contents/Home/jre/lib/ext/jaccess.jar:/Library/Java/JavaVirtualMachines/jdk1.8.0_121.jdk/Contents/Home/jre/lib/ext/jfxrt.jar:/Library/Java/JavaVirtualMachines/jdk1.8.0_121.jdk/Contents/Home/jre/lib/ext/localedata.jar:/Library/Java/JavaVirtualMachines/jdk1.8.0_121.jdk/Contents/Home/jre/lib/ext/nashorn.jar:/Library/Java/JavaVirtualMachines/jdk1.8.0_121.jdk/Contents/Home/jre/lib/ext/sunec.jar:/Library/Java/JavaVirtualMachines/jdk1.8.0_121.jdk/Contents/Home/jre/lib/ext/sunjce_provider.jar:/Library/Java/JavaVirtualMachines/jdk1.8.0_121.jdk/Contents/Home/jre/lib/ext/sunpkcs11.jar:/Library/Java/JavaVirtualMachines/jdk1.8.0_121.jdk/Contents/Home/jre/lib/ext/zipfs.jar:/Library/Java/JavaVirtualMachines/jdk1.8.0_121.jdk/Contents/Home/jre/lib/javaws.jar:/Library/Java/JavaVirtualMachines/jdk1.8.0_121.jdk/Contents/Home/jre/lib/jce.jar:/Library/Java/JavaVirtualMachines/jdk1.8.0_121.jdk/Contents/Home/jre/lib/jfr.jar:/Library/Java/JavaVirtualMachines/jdk1.8.0_121.jdk/Contents/Home/jre/lib/jfxswt.jar:/Library/Java/JavaVirtualMachines/jdk1.8.0_121.jdk/Contents/Home/jre/lib/jsse.jar:/Library/Java/JavaVirtualMachines/jdk1.8.0_121.jdk/Contents/Home/jre/lib/management-agent.jar:/Library/Java/JavaVirtualMachines/jdk1.8.0_121.jdk/Contents/Home/jre/lib/plugin.jar:/Library/Java/JavaVirtualMachines/jdk1.8.0_121.jdk/Contents/Home/jre/lib/resources.jar:/Library/Java/JavaVirtualMachines/jdk1.8.0_121.jdk/Contents/Home/jre/lib/rt.jar:/Library/Java/JavaVirtualMachines/jdk1.8.0_121.jdk/Contents/Home/lib/ant-javafx.jar:/Library/Java/JavaVirtualMachines/jdk1.8.0_121.jdk/Contents/Home/lib/dt.jar:/Library/Java/JavaVirtualMachines/jdk1.8.0_121.jdk/Contents/Home/lib/javafx-mx.jar:/Library/Java/JavaVirtualMachines/jdk1.8.0_121.jdk/Contents/Home/lib/jconsole.jar:/Library/Java/JavaVirtualMachines/jdk1.8.0_121.jdk/Contents/Home/lib/packager.jar:/Library/Java/JavaVirtualMachines/jdk1.8.0_121.jdk/Contents/Home/lib/sa-jdi.jar:/Library/Java/JavaVirtualMachines/jdk1.8.0_121.jdk/Contents/Home/lib/tools.jar:/Users/FelixWu/IdeaProjects/TowerDefence/out/production/TowerDefence:/Users/FelixWu/Downloads/fxgl-0.3.1-uber.jar:/Applications/IntelliJ IDEA CE.app/Contents/lib/idea_rt.jar
18:56:59.219 [ForkJoinPool.commonPool-worker-1] DEBUG FXGLLogger           - java.runtime.name=Java(TM) SE Runtime Environment
18:56:59.219 [ForkJoinPool.commonPool-worker-1] DEBUG FXGLLogger           - FXGL.ui.font=Copperplate_Gothic_Light_Regular.ttf
18:56:59.219 [ForkJoinPool.commonPool-worker-1] DEBUG FXGLLogger           - java.vm.vendor=Oracle Corporation
18:56:59.219 [ForkJoinPool.commonPool-worker-1] DEBUG FXGLLogger           - gopherProxySet=false
18:56:59.220 [ForkJoinPool.commonPool-worker-1] DEBUG FXGLLogger           - java.library.path=/Users/FelixWu/Library/Java/Extensions:/Library/Java/Extensions:/Network/Library/Java/Extensions:/System/Library/Java/Extensions:/usr/lib/java:.
18:56:59.220 [ForkJoinPool.commonPool-worker-1] DEBUG FXGLLogger           - java.vendor.url=http://java.oracle.com/
18:56:59.220 [ForkJoinPool.commonPool-worker-1] DEBUG FXGLLogger           - FXGL.sound.menu.back=menu/back.wav
18:56:59.220 [ForkJoinPool.commonPool-worker-1] DEBUG FXGLLogger           - FXGL.ui.mono.font=lucida_console.ttf
18:56:59.220 [ForkJoinPool.commonPool-worker-1] DEBUG FXGLLogger           - java.specification.vendor=Oracle Corporation
18:56:59.220 [ForkJoinPool.commonPool-worker-1] DEBUG FXGLLogger           - user.home=/Users/FelixWu
18:56:59.220 [ForkJoinPool.commonPool-worker-1] DEBUG FXGLLogger           - ftp.nonProxyHosts=local|*.local|169.254/16|*.169.254/16
18:56:59.220 [ForkJoinPool.commonPool-worker-1] DEBUG FXGLLogger           - socksNonProxyHosts=local|*.local|169.254/16|*.169.254/16
18:56:59.220 [ForkJoinPool.commonPool-worker-1] DEBUG FXGLLogger           - awt.toolkit=sun.lwawt.macosx.LWCToolkit
18:56:59.220 [ForkJoinPool.commonPool-worker-1] DEBUG FXGLLogger           - sun.io.unicode.encoding=UnicodeBig
18:56:59.220 [ForkJoinPool.commonPool-worker-1] DEBUG FXGLLogger           - java.awt.printerjob=sun.lwawt.macosx.CPrinterJob
18:56:59.220 [ForkJoinPool.commonPool-worker-1] DEBUG FXGLLogger           - FXGL.asset.cache.size=35
18:56:59.221 [ForkJoinPool.commonPool-worker-1] DEBUG FXGLLogger           - FXGL.fs.profilename=user.profile
18:56:59.221 [ForkJoinPool.commonPool-worker-1] DEBUG FXGLLogger           - FXGL.fs.savedir=saves/
18:56:59.221 [ForkJoinPool.commonPool-worker-1] DEBUG FXGLLogger           - java.vm.version=25.121-b13
18:56:59.221 [ForkJoinPool.commonPool-worker-1] DEBUG FXGLLogger           - path.separator=:
18:56:59.221 [ForkJoinPool.commonPool-worker-1] DEBUG FXGLLogger           - os.version=10.11.6
18:56:59.221 [ForkJoinPool.commonPool-worker-1] DEBUG FXGLLogger           - java.vm.info=mixed mode
18:56:59.221 [ForkJoinPool.commonPool-worker-1] DEBUG FXGLLogger           - java.home=/Library/Java/JavaVirtualMachines/jdk1.8.0_121.jdk/Contents/Home/jre
18:56:59.221 [ForkJoinPool.commonPool-worker-1] DEBUG FXGLLogger           - user.country=US
18:56:59.221 [ForkJoinPool.commonPool-worker-1] DEBUG FXGLLogger           - java.class.version=52.0
18:56:59.221 [ForkJoinPool.commonPool-worker-1] DEBUG FXGLLogger           - file.separator=/
18:56:59.221 [ForkJoinPool.commonPool-worker-1] DEBUG FXGLLogger           - java.specification.name=Java Platform API Specification
18:56:59.221 [ForkJoinPool.commonPool-worker-1] DEBUG FXGLLogger           - FXGL.fs.datafile.ext=.dat
18:56:59.221 [ForkJoinPool.commonPool-worker-1] DEBUG FXGLLogger           - sun.cpu.isalist=
18:56:59.221 [ForkJoinPool.commonPool-worker-1] DEBUG FXGLLogger           - sun.jnu.encoding=UTF-8
18:56:59.221 [ForkJoinPool.commonPool-worker-1] DEBUG FXGLLogger           - file.encoding.pkg=sun.io
18:56:59.221 [ForkJoinPool.commonPool-worker-1] DEBUG FXGLLogger           - http.nonProxyHosts=local|*.local|169.254/16|*.169.254/16
18:56:59.221 [ForkJoinPool.commonPool-worker-1] DEBUG FXGLLogger           - java.endorsed.dirs=/Library/Java/JavaVirtualMachines/jdk1.8.0_121.jdk/Contents/Home/jre/lib/endorsed
18:56:59.221 [ForkJoinPool.commonPool-worker-1] DEBUG FXGLLogger           - sun.arch.data.model=64
18:56:59.221 [ForkJoinPool.commonPool-worker-1] DEBUG FXGLLogger           - user.timezone=Europe/London
18:56:59.221 [ForkJoinPool.commonPool-worker-1] DEBUG FXGLLogger           - java.version=1.8.0_121
18:56:59.221 [ForkJoinPool.commonPool-worker-1] DEBUG FXGLLogger           - sun.boot.library.path=/Library/Java/JavaVirtualMachines/jdk1.8.0_121.jdk/Contents/Home/jre/lib
18:56:59.222 [ForkJoinPool.commonPool-worker-1] DEBUG FXGLLogger           - user.language=en
18:56:59.222 [ForkJoinPool.commonPool-worker-1] DEBUG FXGLLogger           - idea.launcher.bin.path=/Applications/IntelliJ IDEA CE.app/Contents/bin
18:56:59.222 [ForkJoinPool.commonPool-worker-1] DEBUG FXGLLogger           - javafx.runtime.version=8.0.121-b13
18:56:59.222 [ForkJoinPool.commonPool-worker-1] DEBUG FXGLLogger           - FXGL.sound.menu.select=menu/select.wav
18:56:59.222 [ForkJoinPool.commonPool-worker-1] DEBUG FXGLLogger           - FXGL.sound.menu.press=menu/press.wav
18:56:59.222 [ForkJoinPool.commonPool-worker-1] DEBUG FXGLLogger           - FXGL.sound.notification=core/notification.wav
18:56:59.222 [ForkJoinPool.commonPool-worker-1] DEBUG FXGLLogger           - user.name=FelixWu
18:56:59.222 [ForkJoinPool.commonPool-worker-1] DEBUG FXGLLogger           - FXGL.pooling.initialSize=128
18:56:59.222 [ForkJoinPool.commonPool-worker-1] DEBUG FXGLLogger           - java.runtime.version=1.8.0_121-b13
18:56:59.222 [ForkJoinPool.commonPool-worker-1] DEBUG FXGLLogger           - java.vm.specification.vendor=Oracle Corporation
18:56:59.222 [ForkJoinPool.commonPool-worker-1] DEBUG FXGLLogger           - user.country.format=HK
18:56:59.222 [ForkJoinPool.commonPool-worker-1] DEBUG FXGLLogger           - sun.boot.class.path=/Library/Java/JavaVirtualMachines/jdk1.8.0_121.jdk/Contents/Home/jre/lib/resources.jar:/Library/Java/JavaVirtualMachines/jdk1.8.0_121.jdk/Contents/Home/jre/lib/rt.jar:/Library/Java/JavaVirtualMachines/jdk1.8.0_121.jdk/Contents/Home/jre/lib/sunrsasign.jar:/Library/Java/JavaVirtualMachines/jdk1.8.0_121.jdk/Contents/Home/jre/lib/jsse.jar:/Library/Java/JavaVirtualMachines/jdk1.8.0_121.jdk/Contents/Home/jre/lib/jce.jar:/Library/Java/JavaVirtualMachines/jdk1.8.0_121.jdk/Contents/Home/jre/lib/charsets.jar:/Library/Java/JavaVirtualMachines/jdk1.8.0_121.jdk/Contents/Home/jre/lib/jfr.jar:/Library/Java/JavaVirtualMachines/jdk1.8.0_121.jdk/Contents/Home/jre/classes
18:56:59.222 [ForkJoinPool.commonPool-worker-1] DEBUG FXGLLogger           - os.name=Mac OS X
18:56:59.222 [ForkJoinPool.commonPool-worker-1] DEBUG FXGLLogger           - FXGL.ui.css=fxgl.css
18:56:59.222 [ForkJoinPool.commonPool-worker-1] DEBUG FXGLLogger           - sun.management.compiler=HotSpot 64-Bit Tiered Compilers
18:56:59.222 [ForkJoinPool.commonPool-worker-1] DEBUG FXGLLogger           - FXGL.url.storage=https://raw.githubusercontent.com/AlmasB/git-server/master/storage/
18:56:59.222 [ForkJoinPool.commonPool-worker-1] DEBUG FXGLLogger           - sun.java.launcher=SUN_STANDARD
18:56:59.222 [ForkJoinPool.commonPool-worker-1] DEBUG FXGLLogger           - java.vendor=Oracle Corporation
18:56:59.225 [FXGL Launcher Thread     ] DEBUG FXGLLoggerFactory    - Service [LoggerFactory] initialized
18:56:59.225 [FXGL Launcher Thread     ] DEBUG FXGL                 - FXGL logger initialized
18:56:59.225 [FXGL Launcher Thread     ] DEBUG FXGL                 - Loading FXGL system data
18:56:59.228 [FXGL Launcher Thread     ] DEBUG IOTask               - Executing task: readDataTask(system/fxgl.bundle)
18:56:59.236 [FXGL Launcher Thread     ] DEBUG FS                   - Reading from: system/fxgl.bundle
18:56:59.247 [FXGL Launcher Thread     ] DEBUG IOTask               - Task succeeded: readDataTask(system/fxgl.bundle)
18:56:59.247 [FXGL Launcher Thread     ] DEBUG Bundle               - Logging bundle: FXGL
18:56:59.248 [FXGL Launcher Thread     ] DEBUG Bundle               - FXGL.offline.timer.version.check=2017-04-27T12:29:57.078
18:56:59.249 [FXGL Launcher Thread     ] DEBUG FXGLApplication      - FXGL configuration complete
18:56:59.249 [FXGL Launcher Thread     ] INFO  FXGLApplication      - FXGL configuration took:  1.571 sec
18:56:59.250 [FXGL Launcher Thread     ] DEBUG FXGLApplication      - Logging game settings
Title: TowerDefense
Version: 1.0
Width: 800
Height: 600
Fullscreen: false
Intro: false
Menus: false
Profiling: false
App Mode: DEVELOPER
Menu Style: FXGL_DEFAULT
Menu Key: ESCAPE
Services: []
18:56:59.252 [JavaFX Application Thread] DEBUG FXGLApplication      - Running task: UpdaterTask
18:56:59.271 [FXGL Launcher Thread     ] DEBUG FXGLApplication      - Configuring GameApplication
18:56:59.272 [FXGL Launcher Thread     ] DEBUG FXGLApplication      - Running task: PreInitTask
18:56:59.278 [FXGL Launcher Thread     ] DEBUG FXGLExceptionHandler - Service [ExceptionHandler] initialized
18:56:59.280 [FXGL Launcher Thread     ] DEBUG FXGLEventBus         - Service [EventBus] initialized
18:56:59.285 [FXGL Launcher Thread     ] DEBUG FXGLExecutor         - Service [Executor] initialized
18:56:59.285 [FXGL Launcher Thread     ] DEBUG PreInitTask          - Injecting gameWorld & physicsWorld
18:56:59.292 [FXGL Launcher Thread     ] DEBUG GameWorld            - Game world initialized
18:56:59.361 [FXGL Launcher Thread     ] DEBUG FXGLPooler           - Service [Pooler] initialized with default size = 128
18:56:59.361 [FXGL Launcher Thread     ] DEBUG PhysicsWorld         - Physics world initialized: appHeight=600, physics.ppm=50.0
18:56:59.365 [FXGL Launcher Thread     ] DEBUG FXGLInput            - Service [Input] initialized
18:56:59.386 [FXGL Launcher Thread     ] DEBUG FXGLInput            - Registered new binding: Screenshot - P
18:56:59.386 [FXGL Launcher Thread     ] DEBUG FXGLInput            - Registered new binding: Dev Options - CTRL+0
18:56:59.387 [FXGL Launcher Thread     ] DEBUG FXGLInput            - Registered new binding: Place Tower A - PRIMARY
18:56:59.388 [FXGL Launcher Thread     ] DEBUG FXGLApplication      - Running task: InitScenesTask
18:56:59.394 [FXGL Launcher Thread     ] DEBUG FXGLAssetLoader      - Service [AssetLoader] initialized: cacheSize=35
18:56:59.395 [FXGL Launcher Thread     ] DEBUG FXGLAssetLoader      - Loading from disk: /assets/ui/cursors/fxgl_default.png
18:56:59.441 [FXGL Launcher Thread     ] DEBUG GameScene            - Game scene initialized: 800x600
18:56:59.442 [FXGL Launcher Thread     ] DEBUG FXGLAssetLoader      - Loading from disk: /assets/ui/cursors/fxgl_default.png
18:56:59.450 [FXGL Launcher Thread     ] DEBUG FXGLAssetLoader      - Loading from disk: /assets/sounds/core/notification.wav
18:56:59.505 [FXGL Launcher Thread     ] DEBUG FXGLAssetLoader      - Loading from disk: /assets/sounds/menu/select.wav
18:56:59.508 [FXGL Launcher Thread     ] DEBUG FXGLAssetLoader      - Loading from disk: /assets/sounds/menu/back.wav
18:56:59.509 [FXGL Launcher Thread     ] DEBUG FXGLAssetLoader      - Loading from disk: /assets/sounds/menu/press.wav
18:56:59.511 [FXGL Launcher Thread     ] DEBUG FXGLAssetLoader      - Loading from disk: /assets/ui/fonts/Copperplate_Gothic_Light_Regular.ttf
18:56:59.526 [FXGL Launcher Thread     ] DEBUG FXGLAssetLoader      - Loading from disk: /assets/ui/fonts/lucida_console.ttf
18:56:59.529 [FXGL Launcher Thread     ] DEBUG FXGLAssetLoader      - Loading from disk: /assets/ui/css/fxgl.css
18:56:59.530 [FXGL Launcher Thread     ] DEBUG FXGLAssetLoader      - Loading from disk: /assets/ui/icons/fxgl_icon.png
18:56:59.555 [FXGL Launcher Thread     ] DEBUG FXGLAssetLoader      - Loading from disk: /assets/ui/css/fxgl_dark.css
18:56:59.568 [FXGL Launcher Thread     ] DEBUG FXGLDisplay          - Target size: DoubleProperty [value: 800.0] x DoubleProperty [value: 600.0] @ 1.0
18:56:59.568 [FXGL Launcher Thread     ] DEBUG FXGLDisplay          - New size:    800.0 x 600.0 @ DoubleProperty [value: 1.0]
18:56:59.568 [FXGL Launcher Thread     ] DEBUG FXGLDisplay          - Service [Display] initialized
18:56:59.569 [FXGL Launcher Thread     ] DEBUG FXGLDisplay          - Using CSS: CSS(externalForm=jar:file:/Users/FelixWu/Downloads/fxgl-0.3.1-uber.jar!/assets/ui/css/fxgl_dark.css)
18:56:59.569 [FXGL Launcher Thread     ] DEBUG InitScenesTask       - Injecting loadingScene & gameScene
18:56:59.570 [FXGL Launcher Thread     ] DEBUG FXGLApplication      - Running task: InitEventHandlersTask
18:56:59.573 [FXGL Launcher Thread     ] DEBUG FXGLMasterTimer      - Service [MasterTimer] initialized
18:56:59.578 [FXGL Launcher Thread     ] DEBUG FXGLAudioPlayer      - Service [AudioPlayer] initialized
18:56:59.582 [FXGL Launcher Thread     ] DEBUG InitEventHandlersTask - scanForServiceListeners
18:56:59.582 [FXGL Launcher Thread     ] DEBUG InitEventHandlersTask - FXGLListener: interface com.almasb.fxgl.service.MasterTimer
18:56:59.583 [FXGL Launcher Thread     ] DEBUG InitEventHandlersTask - FXGLListener: interface com.almasb.fxgl.service.Input
18:56:59.583 [FXGL Launcher Thread     ] DEBUG InitEventHandlersTask - UserProfileSavable: interface com.almasb.fxgl.service.AudioPlayer
18:56:59.585 [FXGL Launcher Thread     ] DEBUG InitEventHandlersTask - UserProfileSavable: interface com.almasb.fxgl.service.MasterTimer
18:56:59.585 [FXGL Launcher Thread     ] DEBUG InitEventHandlersTask - UserProfileSavable: interface com.almasb.fxgl.service.Input
18:56:59.586 [FXGL Launcher Thread     ] DEBUG InitEventHandlersTask - UserProfileSavable: interface com.almasb.fxgl.service.Display
18:56:59.586 [FXGL Launcher Thread     ] DEBUG InitEventHandlersTask - UserProfileSavable: class com.almasb.fxgl.gameplay.AchievementManager
18:56:59.586 [FXGL Launcher Thread     ] DEBUG AchievementManager   - Service [AchievementManager] initialized
18:56:59.587 [FXGL Launcher Thread     ] DEBUG InitEventHandlersTask - UserProfileSavable: class com.almasb.fxgl.service.impl.quest.FXGLQuestServiceProvider
18:56:59.587 [FXGL Launcher Thread     ] DEBUG InitEventHandlersTask - NotificationListener: interface com.almasb.fxgl.service.AudioPlayer
18:56:59.588 [FXGL Launcher Thread     ] DEBUG InitEventHandlersTask - AchievementListener: interface com.almasb.fxgl.service.NotificationService
18:56:59.591 [FXGL Launcher Thread     ] DEBUG SlidingNotificationService - Service [NotificationService] initialized
18:56:59.593 [FXGL Launcher Thread     ] DEBUG FXGLApplication      - Running task: InitProfilerTask
18:56:59.596 [FXGL Launcher Thread     ] DEBUG FXGLApplication      - Starting new game
18:56:59.599 [FXGL Launcher Thread     ] DEBUG FXGLApplication      - Initializing App
18:56:59.600 [FXGL Launcher Thread     ] DEBUG FXGLApplication      - Pausing main loop
18:56:59.600 [FXGL Launcher Thread     ] DEBUG FXGLApplication      - State: STARTUP -> PAUSED
18:56:59.601 [FXGL Launcher Thread     ] DEBUG FXGLMasterTimer      - Stopping master timer
18:56:59.601 [FXGL Launcher Thread     ] DEBUG FXGLInput            - Clearing active input actions
18:56:59.602 [FXGL Launcher Thread     ] DEBUG FXGLEventBus         - Firing event: FXGLEvent[type=PAUSE]
18:56:59.602 [FXGL Launcher Thread     ] DEBUG FXGLApplication      - Resetting FXGL application
18:56:59.603 [FXGL Launcher Thread     ] DEBUG GameWorld            - Resetting game world
18:56:59.603 [FXGL Launcher Thread     ] DEBUG EntityWorld          - Resetting entity world
18:56:59.603 [FXGL Launcher Thread     ] DEBUG PhysicsWorld         - Resetting physics world
18:56:59.603 [FXGL Launcher Thread     ] DEBUG GameScene            - Resetting game scene
18:56:59.603 [FXGL Launcher Thread     ] DEBUG FXGLMasterTimer      - Resetting ticks and clearing all actions
18:56:59.603 [FXGL Launcher Thread     ] DEBUG FXGLInput            - Clearing active input actions
18:56:59.604 [FXGL Launcher Thread     ] DEBUG FXGLEventBus         - Firing event: FXGLEvent[type=RESET]
18:56:59.669 [FXGL Launcher Thread     ] DEBUG FXGLApplication      - State: PAUSED -> LOADING
18:56:59.703 [FXGL Launcher Thread     ] INFO  FXGLApplication      - Game configuration took:  0.432 sec
18:56:59.705 [FXGL Background Thread 1 ] DEBUG InitAppTask          - Initializing Assets
18:56:59.706 [FXGL Background Thread 1 ] DEBUG InitAppTask          - Initializing Game
18:56:59.707 [FXGL Background Thread 1 ] DEBUG InitAppTask          - Injecting gameState
18:56:59.777 [JavaFX Application Thread] DEBUG FXGLDisplay          - Showing stage
18:56:59.777 [JavaFX Application Thread] DEBUG FXGLDisplay          - Root size: 800.0x600.0
18:56:59.777 [JavaFX Application Thread] DEBUG FXGLDisplay          - Scene size: 800.0x600.0
18:56:59.777 [JavaFX Application Thread] DEBUG FXGLDisplay          - Stage size: 800.0x622.0
18:56:59.802 [FastClasspathScanner-worker-0] DEBUG InitAppTask          - @SetEntityFactory: class com.felixwu.td.TdFactory
18:56:59.818 [FXGL Background Thread 1 ] DEBUG InitAppTask          - Initializing Physics
18:56:59.818 [FXGL Background Thread 1 ] DEBUG InitAppTask          - Initializing UI
18:56:59.819 [FXGL Background Thread 1 ] DEBUG InitAppTask          - Initialization Complete
18:56:59.819 [FXGL Background Thread 1 ] INFO  InitAppTask          - Game initialization took: 0.114 sec
18:56:59.897 [JavaFX Application Thread] DEBUG FXGLApplication      - Resuming main loop
18:56:59.898 [JavaFX Application Thread] DEBUG FXGLApplication      - State: LOADING -> PLAYING
18:56:59.904 [JavaFX Application Thread] DEBUG FXGLMasterTimer      - Starting master timer
18:56:59.904 [JavaFX Application Thread] DEBUG FXGLInput            - Clearing active input actions
18:56:59.904 [JavaFX Application Thread] DEBUG FXGLEventBus         - Firing event: FXGLEvent[type=RESUME]
18:57:01.043 [JavaFX Application Thread] DEBUG GameScene            - Creating render group for layer: TOP(2147483647)
18:57:02.825 [JavaFX Application Thread] DEBUG FXGLEventBus         - Firing event: com.felixwu.td.event.EnemyKilled[source=javafx.event.Event$$Lambda$73/1593586680@641ca878]
18:57:04.441 [JavaFX Application Thread] DEBUG FXGLEventBus         - Firing event: com.felixwu.td.event.EnemyKilled[source=javafx.event.Event$$Lambda$73/1593586680@641ca878]
18:57:06.657 [JavaFX Application Thread] DEBUG FXGLEventBus         - Firing event: com.felixwu.td.event.EnemyKilled[source=javafx.event.Event$$Lambda$73/1593586680@641ca878]
18:57:08.659 [JavaFX Application Thread] DEBUG FXGLEventBus         - Firing event: com.felixwu.td.event.EnemyKilled[source=javafx.event.Event$$Lambda$73/1593586680@641ca878]
18:57:09.510 [JavaFX Application Thread] DEBUG FXGLEventBus         - Firing event: com.felixwu.td.event.EnemyKilled[source=javafx.event.Event$$Lambda$73/1593586680@641ca878]
18:57:10.711 [JavaFX Application Thread] DEBUG FXGLEventBus         - Firing event: com.felixwu.td.event.EnemyKilled[source=javafx.event.Event$$Lambda$73/1593586680@641ca878]
18:57:11.561 [JavaFX Application Thread] DEBUG FXGLEventBus         - Firing event: com.felixwu.td.event.EnemyKilled[source=javafx.event.Event$$Lambda$73/1593586680@641ca878]
18:57:12.761 [JavaFX Application Thread] DEBUG FXGLEventBus         - Firing event: com.felixwu.td.event.EnemyKilled[source=javafx.event.Event$$Lambda$73/1593586680@641ca878]
18:57:13.611 [JavaFX Application Thread] DEBUG FXGLEventBus         - Firing event: com.felixwu.td.event.EnemyKilled[source=javafx.event.Event$$Lambda$73/1593586680@641ca878]
18:57:17.546 [JavaFX Application Thread] DEBUG FXGLEventBus         - Firing event: com.felixwu.td.event.EnemyReachedGoal[source=javafx.event.Event$$Lambda$73/1593586680@641ca878]
18:57:17.562 [JavaFX Application Thread] DEBUG FXGLEventBus         - Firing event: DisplayEvent[type=DIALOG_OPENED]
18:57:17.562 [JavaFX Application Thread] DEBUG FXGLApplication      - Pausing main loop
18:57:17.562 [JavaFX Application Thread] DEBUG FXGLApplication      - State: PLAYING -> PAUSED
18:57:17.563 [JavaFX Application Thread] DEBUG FXGLMasterTimer      - Stopping master timer
18:57:17.563 [JavaFX Application Thread] DEBUG FXGLInput            - Clearing active input actions
18:57:17.563 [JavaFX Application Thread] DEBUG FXGLEventBus         - Firing event: FXGLEvent[type=PAUSE]
18:57:17.563 [JavaFX Application Thread] DEBUG FXGLInput            - Clearing active input actions
18:57:20.446 [JavaFX Application Thread] DEBUG FXGLEventBus         - Firing event: DisplayEvent[type=DIALOG_CLOSED]
18:57:20.446 [JavaFX Application Thread] DEBUG FXGLApplication      - Resuming main loop
18:57:20.447 [JavaFX Application Thread] DEBUG FXGLApplication      - State: PAUSED -> PLAYING
18:57:20.447 [JavaFX Application Thread] DEBUG FXGLMasterTimer      - Starting master timer
18:57:20.447 [JavaFX Application Thread] DEBUG FXGLInput            - Clearing active input actions
18:57:20.447 [JavaFX Application Thread] DEBUG FXGLEventBus         - Firing event: FXGLEvent[type=RESUME]
18:57:20.447 [JavaFX Application Thread] DEBUG FXGLApplication      - Exiting FXGL application
18:57:20.448 [JavaFX Application Thread] DEBUG FXGLEventBus         - Firing event: FXGLEvent[type=EXIT]
18:57:20.448 [JavaFX Application Thread] DEBUG FXGL                 - Saving FXGL system data
18:57:20.449 [JavaFX Application Thread] DEBUG IOTask               - Executing task: writeDataTask(system/fxgl.bundle)
18:57:20.451 [JavaFX Application Thread] DEBUG FS                   - Writing to: system/fxgl.bundle
18:57:20.455 [JavaFX Application Thread] DEBUG IOTask               - Task succeeded: writeDataTask(system/fxgl.bundle)
18:57:20.455 [JavaFX Application Thread] DEBUG FXGLApplication      - Closing FXGL logger and exiting JavaFX
