01:08:12.478 [ForkJoinPool.commonPool-worker-1] DEBUG FXGLLogger           - Logging System Info
01:08:12.481 [ForkJoinPool.commonPool-worker-1] DEBUG FXGLLogger           - CPU cores: 4
01:08:12.482 [ForkJoinPool.commonPool-worker-1] DEBUG FXGLLogger           - Free Memory: 78MB
01:08:12.482 [ForkJoinPool.commonPool-worker-1] DEBUG FXGLLogger           - Max Memory: 1821MB
01:08:12.483 [ForkJoinPool.commonPool-worker-1] DEBUG FXGLLogger           - Total Memory: 98MB
01:08:12.483 [ForkJoinPool.commonPool-worker-1] DEBUG FXGLLogger           - System Properties:
01:08:12.485 [ForkJoinPool.commonPool-worker-1] DEBUG FXGLLogger           - java.specification.version=1.8
01:08:12.486 [ForkJoinPool.commonPool-worker-1] DEBUG FXGLLogger           - FXGL.fxgl.version=0.3.1
01:08:12.486 [ForkJoinPool.commonPool-worker-1] DEBUG FXGLLogger           - file.encoding=UTF-8
01:08:12.486 [ForkJoinPool.commonPool-worker-1] DEBUG FXGLLogger           - FXGL.fs.savefile.ext=.sav
01:08:12.486 [ForkJoinPool.commonPool-worker-1] DEBUG FXGLLogger           - javafx.version=8.0.121
01:08:12.486 [ForkJoinPool.commonPool-worker-1] DEBUG FXGLLogger           - FXGL.url.googleforms=https://goo.gl/forms/6wrMnOBxTE1fEpOy2
01:08:12.486 [ForkJoinPool.commonPool-worker-1] DEBUG FXGLLogger           - FXGL.url.github=https://github.com/AlmasB/FXGL
01:08:12.486 [ForkJoinPool.commonPool-worker-1] DEBUG FXGLLogger           - FXGL.dev.showbbox=false
01:08:12.486 [ForkJoinPool.commonPool-worker-1] DEBUG FXGLLogger           - java.vm.name=Java HotSpot(TM) 64-Bit Server VM
01:08:12.486 [ForkJoinPool.commonPool-worker-1] DEBUG FXGLLogger           - line.separator=

01:08:12.486 [ForkJoinPool.commonPool-worker-1] DEBUG FXGLLogger           - FXGL.fs.profiledir=profiles/
01:08:12.486 [ForkJoinPool.commonPool-worker-1] DEBUG FXGLLogger           - user.dir=/Users/FelixWu/IdeaProjects/TowerDefence
01:08:12.486 [ForkJoinPool.commonPool-worker-1] DEBUG FXGLLogger           - java.ext.dirs=/Users/FelixWu/Library/Java/Extensions:/Library/Java/JavaVirtualMachines/jdk1.8.0_121.jdk/Contents/Home/jre/lib/ext:/Library/Java/Extensions:/Network/Library/Java/Extensions:/System/Library/Java/Extensions:/usr/lib/java
01:08:12.486 [ForkJoinPool.commonPool-worker-1] DEBUG FXGLLogger           - FXGL.version.check.days=7
01:08:12.486 [ForkJoinPool.commonPool-worker-1] DEBUG FXGLLogger           - os.arch=x86_64
01:08:12.487 [ForkJoinPool.commonPool-worker-1] DEBUG FXGLLogger           - java.awt.graphicsenv=sun.awt.CGraphicsEnvironment
01:08:12.487 [ForkJoinPool.commonPool-worker-1] DEBUG FXGLLogger           - FXGL.physics.ppm=50.0
01:08:12.487 [ForkJoinPool.commonPool-worker-1] DEBUG FXGLLogger           - java.vendor.url.bug=http://bugreport.sun.com/bugreport/
01:08:12.487 [ForkJoinPool.commonPool-worker-1] DEBUG FXGLLogger           - FXGL.url.pom=https://raw.githubusercontent.com/AlmasB/FXGL/master/pom.xml
01:08:12.487 [ForkJoinPool.commonPool-worker-1] DEBUG FXGLLogger           - java.io.tmpdir=/var/folders/8r/yhtjxhq56vzdzcyr91zp1r_00000gn/T/
01:08:12.487 [ForkJoinPool.commonPool-worker-1] DEBUG FXGLLogger           - sun.cpu.endian=little
01:08:12.487 [ForkJoinPool.commonPool-worker-1] DEBUG FXGLLogger           - sun.os.patch.level=unknown
01:08:12.487 [ForkJoinPool.commonPool-worker-1] DEBUG FXGLLogger           - java.vm.specification.version=1.8
01:08:12.487 [ForkJoinPool.commonPool-worker-1] DEBUG FXGLLogger           - FXGL.url.surveymonkey=https://www.surveymonkey.co.uk/r/BH6LLPM
01:08:12.487 [ForkJoinPool.commonPool-worker-1] DEBUG FXGLLogger           - java.vm.specification.name=Java Virtual Machine Specification
01:08:12.487 [ForkJoinPool.commonPool-worker-1] DEBUG FXGLLogger           - FXGL.ui.icon.name=fxgl_icon.png
01:08:12.488 [ForkJoinPool.commonPool-worker-1] DEBUG FXGLLogger           - idea.launcher.port=7543
01:08:12.488 [ForkJoinPool.commonPool-worker-1] DEBUG FXGLLogger           - sun.java.command=com.intellij.rt.execution.application.AppMain com.felixwu.td.Main
01:08:12.488 [ForkJoinPool.commonPool-worker-1] DEBUG FXGLLogger           - java.class.path=/Library/Java/JavaVirtualMachines/jdk1.8.0_121.jdk/Contents/Home/jre/lib/charsets.jar:/Library/Java/JavaVirtualMachines/jdk1.8.0_121.jdk/Contents/Home/jre/lib/deploy.jar:/Library/Java/JavaVirtualMachines/jdk1.8.0_121.jdk/Contents/Home/jre/lib/ext/cldrdata.jar:/Library/Java/JavaVirtualMachines/jdk1.8.0_121.jdk/Contents/Home/jre/lib/ext/dnsns.jar:/Library/Java/JavaVirtualMachines/jdk1.8.0_121.jdk/Contents/Home/jre/lib/ext/jaccess.jar:/Library/Java/JavaVirtualMachines/jdk1.8.0_121.jdk/Contents/Home/jre/lib/ext/jfxrt.jar:/Library/Java/JavaVirtualMachines/jdk1.8.0_121.jdk/Contents/Home/jre/lib/ext/localedata.jar:/Library/Java/JavaVirtualMachines/jdk1.8.0_121.jdk/Contents/Home/jre/lib/ext/nashorn.jar:/Library/Java/JavaVirtualMachines/jdk1.8.0_121.jdk/Contents/Home/jre/lib/ext/sunec.jar:/Library/Java/JavaVirtualMachines/jdk1.8.0_121.jdk/Contents/Home/jre/lib/ext/sunjce_provider.jar:/Library/Java/JavaVirtualMachines/jdk1.8.0_121.jdk/Contents/Home/jre/lib/ext/sunpkcs11.jar:/Library/Java/JavaVirtualMachines/jdk1.8.0_121.jdk/Contents/Home/jre/lib/ext/zipfs.jar:/Library/Java/JavaVirtualMachines/jdk1.8.0_121.jdk/Contents/Home/jre/lib/javaws.jar:/Library/Java/JavaVirtualMachines/jdk1.8.0_121.jdk/Contents/Home/jre/lib/jce.jar:/Library/Java/JavaVirtualMachines/jdk1.8.0_121.jdk/Contents/Home/jre/lib/jfr.jar:/Library/Java/JavaVirtualMachines/jdk1.8.0_121.jdk/Contents/Home/jre/lib/jfxswt.jar:/Library/Java/JavaVirtualMachines/jdk1.8.0_121.jdk/Contents/Home/jre/lib/jsse.jar:/Library/Java/JavaVirtualMachines/jdk1.8.0_121.jdk/Contents/Home/jre/lib/management-agent.jar:/Library/Java/JavaVirtualMachines/jdk1.8.0_121.jdk/Contents/Home/jre/lib/plugin.jar:/Library/Java/JavaVirtualMachines/jdk1.8.0_121.jdk/Contents/Home/jre/lib/resources.jar:/Library/Java/JavaVirtualMachines/jdk1.8.0_121.jdk/Contents/Home/jre/lib/rt.jar:/Library/Java/JavaVirtualMachines/jdk1.8.0_121.jdk/Contents/Home/lib/ant-javafx.jar:/Library/Java/JavaVirtualMachines/jdk1.8.0_121.jdk/Contents/Home/lib/dt.jar:/Library/Java/JavaVirtualMachines/jdk1.8.0_121.jdk/Contents/Home/lib/javafx-mx.jar:/Library/Java/JavaVirtualMachines/jdk1.8.0_121.jdk/Contents/Home/lib/jconsole.jar:/Library/Java/JavaVirtualMachines/jdk1.8.0_121.jdk/Contents/Home/lib/packager.jar:/Library/Java/JavaVirtualMachines/jdk1.8.0_121.jdk/Contents/Home/lib/sa-jdi.jar:/Library/Java/JavaVirtualMachines/jdk1.8.0_121.jdk/Contents/Home/lib/tools.jar:/Users/FelixWu/IdeaProjects/TowerDefence/out/production/TowerDefence:/Users/FelixWu/Downloads/fxgl-0.3.1-uber.jar:/Applications/IntelliJ IDEA CE.app/Contents/lib/idea_rt.jar
01:08:12.488 [ForkJoinPool.commonPool-worker-1] DEBUG FXGLLogger           - java.runtime.name=Java(TM) SE Runtime Environment
01:08:12.489 [ForkJoinPool.commonPool-worker-1] DEBUG FXGLLogger           - FXGL.ui.font=Copperplate_Gothic_Light_Regular.ttf
01:08:12.489 [ForkJoinPool.commonPool-worker-1] DEBUG FXGLLogger           - java.vm.vendor=Oracle Corporation
01:08:12.489 [ForkJoinPool.commonPool-worker-1] DEBUG FXGLLogger           - gopherProxySet=false
01:08:12.489 [ForkJoinPool.commonPool-worker-1] DEBUG FXGLLogger           - java.library.path=/Users/FelixWu/Library/Java/Extensions:/Library/Java/Extensions:/Network/Library/Java/Extensions:/System/Library/Java/Extensions:/usr/lib/java:.
01:08:12.489 [ForkJoinPool.commonPool-worker-1] DEBUG FXGLLogger           - java.vendor.url=http://java.oracle.com/
01:08:12.489 [ForkJoinPool.commonPool-worker-1] DEBUG FXGLLogger           - FXGL.sound.menu.back=menu/back.wav
01:08:12.489 [ForkJoinPool.commonPool-worker-1] DEBUG FXGLLogger           - FXGL.ui.mono.font=lucida_console.ttf
01:08:12.489 [ForkJoinPool.commonPool-worker-1] DEBUG FXGLLogger           - java.specification.vendor=Oracle Corporation
01:08:12.489 [ForkJoinPool.commonPool-worker-1] DEBUG FXGLLogger           - user.home=/Users/FelixWu
01:08:12.489 [ForkJoinPool.commonPool-worker-1] DEBUG FXGLLogger           - ftp.nonProxyHosts=local|*.local|169.254/16|*.169.254/16
01:08:12.489 [ForkJoinPool.commonPool-worker-1] DEBUG FXGLLogger           - socksNonProxyHosts=local|*.local|169.254/16|*.169.254/16
01:08:12.490 [ForkJoinPool.commonPool-worker-1] DEBUG FXGLLogger           - awt.toolkit=sun.lwawt.macosx.LWCToolkit
01:08:12.490 [ForkJoinPool.commonPool-worker-1] DEBUG FXGLLogger           - sun.io.unicode.encoding=UnicodeBig
01:08:12.490 [ForkJoinPool.commonPool-worker-1] DEBUG FXGLLogger           - java.awt.printerjob=sun.lwawt.macosx.CPrinterJob
01:08:12.490 [ForkJoinPool.commonPool-worker-1] DEBUG FXGLLogger           - FXGL.asset.cache.size=35
01:08:12.490 [ForkJoinPool.commonPool-worker-1] DEBUG FXGLLogger           - FXGL.fs.profilename=user.profile
01:08:12.490 [ForkJoinPool.commonPool-worker-1] DEBUG FXGLLogger           - FXGL.fs.savedir=saves/
01:08:12.490 [ForkJoinPool.commonPool-worker-1] DEBUG FXGLLogger           - java.vm.version=25.121-b13
01:08:12.490 [ForkJoinPool.commonPool-worker-1] DEBUG FXGLLogger           - path.separator=:
01:08:12.490 [ForkJoinPool.commonPool-worker-1] DEBUG FXGLLogger           - os.version=10.11.6
01:08:12.490 [ForkJoinPool.commonPool-worker-1] DEBUG FXGLLogger           - java.vm.info=mixed mode
01:08:12.490 [ForkJoinPool.commonPool-worker-1] DEBUG FXGLLogger           - java.home=/Library/Java/JavaVirtualMachines/jdk1.8.0_121.jdk/Contents/Home/jre
01:08:12.490 [ForkJoinPool.commonPool-worker-1] DEBUG FXGLLogger           - user.country=US
01:08:12.491 [ForkJoinPool.commonPool-worker-1] DEBUG FXGLLogger           - java.class.version=52.0
01:08:12.491 [ForkJoinPool.commonPool-worker-1] DEBUG FXGLLogger           - file.separator=/
01:08:12.491 [ForkJoinPool.commonPool-worker-1] DEBUG FXGLLogger           - java.specification.name=Java Platform API Specification
01:08:12.491 [ForkJoinPool.commonPool-worker-1] DEBUG FXGLLogger           - FXGL.fs.datafile.ext=.dat
01:08:12.491 [ForkJoinPool.commonPool-worker-1] DEBUG FXGLLogger           - sun.cpu.isalist=
01:08:12.491 [ForkJoinPool.commonPool-worker-1] DEBUG FXGLLogger           - sun.jnu.encoding=UTF-8
01:08:12.491 [ForkJoinPool.commonPool-worker-1] DEBUG FXGLLogger           - file.encoding.pkg=sun.io
01:08:12.491 [ForkJoinPool.commonPool-worker-1] DEBUG FXGLLogger           - http.nonProxyHosts=local|*.local|169.254/16|*.169.254/16
01:08:12.492 [ForkJoinPool.commonPool-worker-1] DEBUG FXGLLogger           - java.endorsed.dirs=/Library/Java/JavaVirtualMachines/jdk1.8.0_121.jdk/Contents/Home/jre/lib/endorsed
01:08:12.492 [ForkJoinPool.commonPool-worker-1] DEBUG FXGLLogger           - sun.arch.data.model=64
01:08:12.492 [ForkJoinPool.commonPool-worker-1] DEBUG FXGLLogger           - user.timezone=Europe/London
01:08:12.492 [ForkJoinPool.commonPool-worker-1] DEBUG FXGLLogger           - java.version=1.8.0_121
01:08:12.492 [ForkJoinPool.commonPool-worker-1] DEBUG FXGLLogger           - sun.boot.library.path=/Library/Java/JavaVirtualMachines/jdk1.8.0_121.jdk/Contents/Home/jre/lib
01:08:12.493 [ForkJoinPool.commonPool-worker-1] DEBUG FXGLLogger           - user.language=en
01:08:12.493 [ForkJoinPool.commonPool-worker-1] DEBUG FXGLLogger           - idea.launcher.bin.path=/Applications/IntelliJ IDEA CE.app/Contents/bin
01:08:12.493 [ForkJoinPool.commonPool-worker-1] DEBUG FXGLLogger           - javafx.runtime.version=8.0.121-b13
01:08:12.493 [ForkJoinPool.commonPool-worker-1] DEBUG FXGLLogger           - FXGL.sound.menu.select=menu/select.wav
01:08:12.493 [ForkJoinPool.commonPool-worker-1] DEBUG FXGLLogger           - FXGL.sound.menu.press=menu/press.wav
01:08:12.494 [ForkJoinPool.commonPool-worker-1] DEBUG FXGLLogger           - FXGL.sound.notification=core/notification.wav
01:08:12.494 [ForkJoinPool.commonPool-worker-1] DEBUG FXGLLogger           - user.name=FelixWu
01:08:12.494 [ForkJoinPool.commonPool-worker-1] DEBUG FXGLLogger           - FXGL.pooling.initialSize=128
01:08:12.494 [ForkJoinPool.commonPool-worker-1] DEBUG FXGLLogger           - java.runtime.version=1.8.0_121-b13
01:08:12.495 [ForkJoinPool.commonPool-worker-1] DEBUG FXGLLogger           - java.vm.specification.vendor=Oracle Corporation
01:08:12.495 [ForkJoinPool.commonPool-worker-1] DEBUG FXGLLogger           - user.country.format=HK
01:08:12.495 [ForkJoinPool.commonPool-worker-1] DEBUG FXGLLogger           - sun.boot.class.path=/Library/Java/JavaVirtualMachines/jdk1.8.0_121.jdk/Contents/Home/jre/lib/resources.jar:/Library/Java/JavaVirtualMachines/jdk1.8.0_121.jdk/Contents/Home/jre/lib/rt.jar:/Library/Java/JavaVirtualMachines/jdk1.8.0_121.jdk/Contents/Home/jre/lib/sunrsasign.jar:/Library/Java/JavaVirtualMachines/jdk1.8.0_121.jdk/Contents/Home/jre/lib/jsse.jar:/Library/Java/JavaVirtualMachines/jdk1.8.0_121.jdk/Contents/Home/jre/lib/jce.jar:/Library/Java/JavaVirtualMachines/jdk1.8.0_121.jdk/Contents/Home/jre/lib/charsets.jar:/Library/Java/JavaVirtualMachines/jdk1.8.0_121.jdk/Contents/Home/jre/lib/jfr.jar:/Library/Java/JavaVirtualMachines/jdk1.8.0_121.jdk/Contents/Home/jre/classes
01:08:12.495 [ForkJoinPool.commonPool-worker-1] DEBUG FXGLLogger           - os.name=Mac OS X
01:08:12.495 [ForkJoinPool.commonPool-worker-1] DEBUG FXGLLogger           - FXGL.ui.css=fxgl.css
01:08:12.495 [ForkJoinPool.commonPool-worker-1] DEBUG FXGLLogger           - sun.management.compiler=HotSpot 64-Bit Tiered Compilers
01:08:12.495 [ForkJoinPool.commonPool-worker-1] DEBUG FXGLLogger           - FXGL.url.storage=https://raw.githubusercontent.com/AlmasB/git-server/master/storage/
01:08:12.495 [ForkJoinPool.commonPool-worker-1] DEBUG FXGLLogger           - sun.java.launcher=SUN_STANDARD
01:08:12.495 [ForkJoinPool.commonPool-worker-1] DEBUG FXGLLogger           - java.vendor=Oracle Corporation
01:08:12.498 [FXGL Launcher Thread     ] DEBUG FXGLLoggerFactory    - Service [LoggerFactory] initialized
01:08:12.499 [FXGL Launcher Thread     ] DEBUG FXGL                 - FXGL logger initialized
01:08:12.499 [FXGL Launcher Thread     ] DEBUG FXGL                 - Loading FXGL system data
01:08:12.506 [FXGL Launcher Thread     ] DEBUG IOTask               - Executing task: readDataTask(system/fxgl.bundle)
01:08:12.521 [FXGL Launcher Thread     ] DEBUG FS                   - Reading from: system/fxgl.bundle
01:08:12.539 [FXGL Launcher Thread     ] DEBUG IOTask               - Task succeeded: readDataTask(system/fxgl.bundle)
01:08:12.539 [FXGL Launcher Thread     ] DEBUG Bundle               - Logging bundle: FXGL
01:08:12.540 [FXGL Launcher Thread     ] DEBUG Bundle               - FXGL.offline.timer.version.check=2017-04-27T12:29:57.078
01:08:12.541 [FXGL Launcher Thread     ] DEBUG FXGLApplication      - FXGL configuration complete
01:08:12.542 [FXGL Launcher Thread     ] INFO  FXGLApplication      - FXGL configuration took:  1.594 sec
01:08:12.546 [FXGL Launcher Thread     ] DEBUG FXGLApplication      - Logging game settings
Title: TowerDefense
Version: 1.0
Width: 400
Height: 280
Fullscreen: false
Intro: false
Menus: true
Profiling: false
App Mode: DEVELOPER
Menu Style: FXGL_DEFAULT
Menu Key: ESCAPE
Services: []
01:08:12.551 [JavaFX Application Thread] DEBUG FXGLApplication      - Running task: UpdaterTask
01:08:12.579 [FXGL Launcher Thread     ] DEBUG FXGLApplication      - Configuring GameApplication
01:08:12.579 [FXGL Launcher Thread     ] DEBUG FXGLApplication      - Running task: PreInitTask
01:08:12.589 [FXGL Launcher Thread     ] DEBUG FXGLExceptionHandler - Service [ExceptionHandler] initialized
01:08:12.591 [FXGL Launcher Thread     ] DEBUG FXGLEventBus         - Service [EventBus] initialized
01:08:12.599 [FXGL Launcher Thread     ] DEBUG FXGLExecutor         - Service [Executor] initialized
01:08:12.599 [FXGL Launcher Thread     ] DEBUG PreInitTask          - Injecting gameWorld & physicsWorld
01:08:12.613 [FXGL Launcher Thread     ] DEBUG GameWorld            - Game world initialized
01:08:12.769 [FXGL Launcher Thread     ] DEBUG FXGLPooler           - Service [Pooler] initialized with default size = 128
01:08:12.772 [FXGL Launcher Thread     ] DEBUG PhysicsWorld         - Physics world initialized: appHeight=280, physics.ppm=50.0
01:08:12.777 [FXGL Launcher Thread     ] DEBUG FXGLInput            - Service [Input] initialized
01:08:12.808 [FXGL Launcher Thread     ] DEBUG FXGLInput            - Registered new binding: Screenshot - P
01:08:12.809 [FXGL Launcher Thread     ] DEBUG FXGLInput            - Registered new binding: Dev Options - CTRL+0
01:08:12.810 [FXGL Launcher Thread     ] DEBUG FXGLInput            - Registered new binding: Place Tower A - PRIMARY
01:08:12.812 [FXGL Launcher Thread     ] DEBUG FXGLApplication      - Running task: InitScenesTask
01:08:12.819 [FXGL Launcher Thread     ] DEBUG FXGLAssetLoader      - Service [AssetLoader] initialized: cacheSize=35
01:08:12.819 [FXGL Launcher Thread     ] DEBUG FXGLAssetLoader      - Loading from disk: /assets/ui/cursors/fxgl_default.png
01:08:12.903 [FXGL Launcher Thread     ] DEBUG GameScene            - Game scene initialized: 400x280
01:08:12.904 [FXGL Launcher Thread     ] DEBUG FXGLAssetLoader      - Loading from disk: /assets/ui/cursors/fxgl_default.png
01:08:12.947 [FXGL Launcher Thread     ] DEBUG FXGLAssetLoader      - Loading from disk: /assets/sounds/core/notification.wav
01:08:13.025 [FXGL Launcher Thread     ] DEBUG FXGLAssetLoader      - Loading from disk: /assets/sounds/menu/select.wav
01:08:13.029 [FXGL Launcher Thread     ] DEBUG FXGLAssetLoader      - Loading from disk: /assets/sounds/menu/back.wav
01:08:13.030 [FXGL Launcher Thread     ] DEBUG FXGLAssetLoader      - Loading from disk: /assets/sounds/menu/press.wav
01:08:13.033 [FXGL Launcher Thread     ] DEBUG FXGLAssetLoader      - Loading from disk: /assets/ui/fonts/Copperplate_Gothic_Light_Regular.ttf
01:08:13.053 [FXGL Launcher Thread     ] DEBUG FXGLAssetLoader      - Loading from disk: /assets/ui/fonts/lucida_console.ttf
01:08:13.057 [FXGL Launcher Thread     ] DEBUG FXGLAssetLoader      - Loading from disk: /assets/ui/css/fxgl.css
01:08:13.057 [FXGL Launcher Thread     ] DEBUG FXGLAssetLoader      - Loading from disk: /assets/ui/icons/fxgl_icon.png
01:08:13.089 [FXGL Launcher Thread     ] DEBUG FXGLAssetLoader      - Loading from disk: /assets/ui/cursors/fxgl_default.png
01:08:13.101 [FXGL Launcher Thread     ] DEBUG Menu                 - createMenuBodyMainMenu()
01:08:13.116 [FXGL Launcher Thread     ] DEBUG Menu                 - createOptionsMenu()
01:08:13.131 [FXGL Launcher Thread     ] DEBUG FXGLAssetLoader      - Loading from disk: /assets/ui/cursors/fxgl_default.png
01:08:13.139 [FXGL Launcher Thread     ] DEBUG Menu                 - createMenuBodyGameMenu()
01:08:13.142 [FXGL Launcher Thread     ] DEBUG Menu                 - createOptionsMenu()
01:08:13.159 [FXGL Launcher Thread     ] DEBUG FXGLAssetLoader      - Loading from disk: /assets/ui/css/fxgl_dark.css
01:08:13.196 [FXGL Launcher Thread     ] DEBUG FXGLDisplay          - Target size: DoubleProperty [value: 400.0] x DoubleProperty [value: 280.0] @ 1.0
01:08:13.196 [FXGL Launcher Thread     ] DEBUG FXGLDisplay          - New size:    400.0 x 280.0 @ DoubleProperty [value: 1.0]
01:08:13.196 [FXGL Launcher Thread     ] DEBUG FXGLDisplay          - Service [Display] initialized
01:08:13.197 [FXGL Launcher Thread     ] DEBUG FXGLDisplay          - Using CSS: CSS(externalForm=jar:file:/Users/FelixWu/Downloads/fxgl-0.3.1-uber.jar!/assets/ui/css/fxgl_dark.css)
01:08:13.198 [FXGL Launcher Thread     ] DEBUG InitScenesTask       - Injecting mainMenuScene & gameMenuScene
01:08:13.198 [FXGL Launcher Thread     ] DEBUG InitScenesTask       - Injecting loadingScene & gameScene
01:08:13.199 [FXGL Launcher Thread     ] DEBUG FXGLApplication      - Running task: InitEventHandlersTask
01:08:13.204 [FXGL Launcher Thread     ] DEBUG FXGLMasterTimer      - Service [MasterTimer] initialized
01:08:13.207 [FXGL Launcher Thread     ] DEBUG FXGLAudioPlayer      - Service [AudioPlayer] initialized
01:08:13.211 [FXGL Launcher Thread     ] DEBUG InitEventHandlersTask - scanForServiceListeners
01:08:13.212 [FXGL Launcher Thread     ] DEBUG InitEventHandlersTask - FXGLListener: interface com.almasb.fxgl.service.MasterTimer
01:08:13.212 [FXGL Launcher Thread     ] DEBUG InitEventHandlersTask - FXGLListener: interface com.almasb.fxgl.service.Input
01:08:13.212 [FXGL Launcher Thread     ] DEBUG InitEventHandlersTask - UserProfileSavable: interface com.almasb.fxgl.service.AudioPlayer
01:08:13.213 [FXGL Launcher Thread     ] DEBUG InitEventHandlersTask - UserProfileSavable: interface com.almasb.fxgl.service.MasterTimer
01:08:13.214 [FXGL Launcher Thread     ] DEBUG InitEventHandlersTask - UserProfileSavable: interface com.almasb.fxgl.service.Input
01:08:13.214 [FXGL Launcher Thread     ] DEBUG InitEventHandlersTask - UserProfileSavable: interface com.almasb.fxgl.service.Display
01:08:13.214 [FXGL Launcher Thread     ] DEBUG InitEventHandlersTask - UserProfileSavable: class com.almasb.fxgl.gameplay.AchievementManager
01:08:13.215 [FXGL Launcher Thread     ] DEBUG AchievementManager   - Service [AchievementManager] initialized
01:08:13.215 [FXGL Launcher Thread     ] DEBUG InitEventHandlersTask - UserProfileSavable: class com.almasb.fxgl.service.impl.quest.FXGLQuestServiceProvider
01:08:13.215 [FXGL Launcher Thread     ] DEBUG InitEventHandlersTask - NotificationListener: interface com.almasb.fxgl.service.AudioPlayer
01:08:13.217 [FXGL Launcher Thread     ] DEBUG InitEventHandlersTask - AchievementListener: interface com.almasb.fxgl.service.NotificationService
01:08:13.221 [FXGL Launcher Thread     ] DEBUG SlidingNotificationService - Service [NotificationService] initialized
01:08:13.225 [FXGL Launcher Thread     ] DEBUG MenuEventHandler     - generateDefaultProfile()
01:08:13.225 [FXGL Launcher Thread     ] DEBUG MenuEventHandler     - Creating default profile
01:08:13.227 [FXGL Launcher Thread     ] DEBUG FXGLEventBus         - Firing event: SaveEvent
01:08:13.229 [FXGL Launcher Thread     ] DEBUG FXGLAudioPlayer      - Saving data to profile
01:08:13.229 [FXGL Launcher Thread     ] DEBUG Bundle               - Logging bundle: audio
01:08:13.229 [FXGL Launcher Thread     ] DEBUG Bundle               - audio.musicVolume=0.5
01:08:13.230 [FXGL Launcher Thread     ] DEBUG Bundle               - audio.soundVolume=0.5
01:08:13.230 [FXGL Launcher Thread     ] DEBUG FXGLMasterTimer      - Saving data to profile
01:08:13.230 [FXGL Launcher Thread     ] DEBUG Bundle               - Logging bundle: timer
01:08:13.230 [FXGL Launcher Thread     ] DEBUG Bundle               - timer.playtime=0
01:08:13.230 [FXGL Launcher Thread     ] DEBUG FXGLInput            - Saving data to profile
01:08:13.230 [FXGL Launcher Thread     ] DEBUG Bundle               - Logging bundle: input
01:08:13.230 [FXGL Launcher Thread     ] DEBUG Bundle               - input.Place Tower A=PRIMARY
01:08:13.230 [FXGL Launcher Thread     ] DEBUG Bundle               - input.Screenshot=P
01:08:13.230 [FXGL Launcher Thread     ] DEBUG Bundle               - input.Dev Options=CTRL+0
01:08:13.230 [FXGL Launcher Thread     ] DEBUG FXGLDisplay          - Saving data to profile
01:08:13.231 [FXGL Launcher Thread     ] DEBUG Bundle               - Logging bundle: scene
01:08:13.231 [FXGL Launcher Thread     ] DEBUG Bundle               - scene.sizeW=400.0
01:08:13.231 [FXGL Launcher Thread     ] DEBUG Bundle               - scene.sizeH=280.0
01:08:13.231 [FXGL Launcher Thread     ] DEBUG AchievementManager   - Saving data to profile
01:08:13.231 [FXGL Launcher Thread     ] DEBUG Bundle               - Logging bundle: achievement
01:08:13.231 [FXGL Launcher Thread     ] DEBUG FXGLApplication      - Running task: InitProfilerTask
01:08:13.235 [FXGL Launcher Thread     ] DEBUG FXGLApplication      - State: STARTUP -> MAIN_MENU
01:08:13.314 [FXGL Launcher Thread     ] DEBUG SaveLoadManager      - Checking profiles dir: profiles/
01:08:13.315 [FXGL Launcher Thread     ] DEBUG SaveLoadManager      - Loading profile names
01:08:13.317 [FXGL Launcher Thread     ] DEBUG IOTask               - Showing dialog
01:08:13.338 [FXGL Launcher Thread     ] DEBUG FXGLEventBus         - Firing event: DisplayEvent[type=DIALOG_OPENED]
01:08:13.339 [FXGL Launcher Thread     ] DEBUG FXGLInput            - Clearing active input actions
01:08:13.341 [FXGL Launcher Thread     ] INFO  FXGLApplication      - Game configuration took:  0.762 sec
01:08:13.341 [FXGL Background Thread 1 ] DEBUG IOTask               - Executing task: loadDirectoryNamesTask(./profiles/, false)
01:08:13.471 [JavaFX Application Thread] DEBUG FXGLDisplay          - Showing stage
01:08:13.471 [JavaFX Application Thread] DEBUG FXGLDisplay          - Root size: 400.0x280.0
01:08:13.471 [JavaFX Application Thread] DEBUG FXGLDisplay          - Scene size: 400.0x280.0
01:08:13.471 [JavaFX Application Thread] DEBUG FXGLDisplay          - Stage size: 400.0x302.0
01:08:13.521 [JavaFX Application Thread] DEBUG IOTask               - succeed(): Dismissing dialog
01:08:13.522 [JavaFX Application Thread] DEBUG FXGLEventBus         - Firing event: DisplayEvent[type=DIALOG_CLOSED]
01:08:13.522 [JavaFX Application Thread] DEBUG IOTask               - Task succeeded: loadDirectoryNamesTask(./profiles/, false)
01:08:13.528 [JavaFX Application Thread] DEBUG FXGLEventBus         - Firing event: DisplayEvent[type=DIALOG_OPENED]
01:08:13.528 [JavaFX Application Thread] DEBUG FXGLInput            - Clearing active input actions
01:08:17.378 [JavaFX Application Thread] DEBUG FXGLEventBus         - Firing event: DisplayEvent[type=DIALOG_CLOSED]
01:08:17.379 [JavaFX Application Thread] DEBUG SaveLoadManager      - Loading profile: h
01:08:17.381 [JavaFX Application Thread] DEBUG IOTask               - Showing dialog
01:08:17.384 [JavaFX Application Thread] DEBUG FXGLEventBus         - Firing event: DisplayEvent[type=DIALOG_OPENED]
01:08:17.385 [JavaFX Application Thread] DEBUG FXGLInput            - Clearing active input actions
01:08:17.386 [FXGL Background Thread 1 ] DEBUG IOTask               - Executing task: readDataTask(./profiles/h/user.profile)
01:08:17.387 [FXGL Background Thread 1 ] DEBUG FS                   - Reading from: ./profiles/h/user.profile
01:08:17.413 [JavaFX Application Thread] DEBUG IOTask               - succeed(): Dismissing dialog
01:08:17.413 [JavaFX Application Thread] DEBUG FXGLEventBus         - Firing event: DisplayEvent[type=DIALOG_CLOSED]
01:08:17.413 [JavaFX Application Thread] DEBUG IOTask               - Task succeeded: readDataTask(./profiles/h/user.profile)
01:08:17.414 [JavaFX Application Thread] DEBUG FXGLEventBus         - Firing event: LoadEvent[type=LOAD_PROFILE]
01:08:17.414 [JavaFX Application Thread] DEBUG FXGLAudioPlayer      - Loading data from profile
01:08:17.414 [JavaFX Application Thread] DEBUG Bundle               - Logging bundle: audio
01:08:17.414 [JavaFX Application Thread] DEBUG Bundle               - audio.musicVolume=0.5
01:08:17.414 [JavaFX Application Thread] DEBUG Bundle               - audio.soundVolume=0.5
01:08:17.414 [JavaFX Application Thread] DEBUG FXGLMasterTimer      - Loading data from profile
01:08:17.414 [JavaFX Application Thread] DEBUG Bundle               - Logging bundle: timer
01:08:17.414 [JavaFX Application Thread] DEBUG Bundle               - timer.playtime=16160599649
01:08:17.414 [JavaFX Application Thread] DEBUG FXGLInput            - Loading data from profile
01:08:17.414 [JavaFX Application Thread] DEBUG Bundle               - Logging bundle: input
01:08:17.414 [JavaFX Application Thread] DEBUG Bundle               - input.Place Tower A=PRIMARY
01:08:17.414 [JavaFX Application Thread] DEBUG Bundle               - input.Screenshot=P
01:08:17.415 [JavaFX Application Thread] DEBUG Bundle               - input.Dev Options=CTRL+0
01:08:17.415 [JavaFX Application Thread] DEBUG FXGLDisplay          - Loading data from profile
01:08:17.415 [JavaFX Application Thread] DEBUG Bundle               - Logging bundle: scene
01:08:17.415 [JavaFX Application Thread] DEBUG Bundle               - scene.sizeW=400.0
01:08:17.415 [JavaFX Application Thread] DEBUG Bundle               - scene.sizeH=280.0
01:08:17.416 [JavaFX Application Thread] DEBUG FXGLDisplay          - Target size: DoubleProperty [value: 400.0] x DoubleProperty [value: 280.0] @ 1.0
01:08:17.416 [JavaFX Application Thread] DEBUG FXGLDisplay          - New size:    400.0 x 280.0 @ DoubleProperty [value: 1.0]
01:08:17.428 [JavaFX Application Thread] DEBUG AchievementManager   - Loading data from profile
01:08:17.429 [JavaFX Application Thread] DEBUG Bundle               - Logging bundle: achievement
01:08:17.430 [JavaFX Application Thread] DEBUG SaveLoadManager      - Loading last modified save file
01:08:17.431 [JavaFX Application Thread] DEBUG SaveLoadManager      - Loading save files
01:08:17.434 [JavaFX Application Thread] DEBUG IOTask               - Showing dialog
01:08:17.440 [JavaFX Application Thread] DEBUG FXGLEventBus         - Firing event: DisplayEvent[type=DIALOG_OPENED]
01:08:17.440 [JavaFX Application Thread] DEBUG FXGLInput            - Clearing active input actions
01:08:17.442 [FXGL Background Thread 1 ] DEBUG IOTask               - Executing task: loadFileNamesTask(./profiles/h/saves/, true, [FileExtension(extension=.sav)])
01:08:17.442 [FXGL Background Thread 1 ] DEBUG IOTask               - Executing task: loadFileNamesTask(./profiles/h/saves/, true, [FileExtension(extension=.sav)])
01:08:17.442 [FXGL Background Thread 1 ] DEBUG IOTask               - Executing task: loadFileNamesTask(./profiles/h/saves/, true, [FileExtension(extension=.sav)])
01:08:17.447 [FXGL Background Thread 1 ] DEBUG IOTask               - Executing task: readSaveFiles
01:08:17.450 [FXGL Background Thread 1 ] DEBUG IOTask               - Executing task: findLastSave
01:08:17.478 [JavaFX Application Thread] DEBUG IOTask               - fail(): Dismissing dialog
01:08:17.478 [JavaFX Application Thread] DEBUG FXGLEventBus         - Firing event: DisplayEvent[type=DIALOG_CLOSED]
01:08:17.479 [JavaFX Application Thread] WARN  IOTask               - Task failed: loadFileNamesTask(./profiles/h/saves/, true, [FileExtension(extension=.sav)]) Error: java.io.FileNotFoundException: No save files found
01:08:17.480 [JavaFX Application Thread] DEBUG FXGLEventBus         - Firing event: ProfileSelectedEvent[name=h,hasSaves=false]
01:08:23.091 [JavaFX Application Thread] DEBUG Menu                 - createContentControls()
01:08:31.422 [JavaFX Application Thread] DEBUG Menu                 - fireNewGame()
01:08:31.423 [JavaFX Application Thread] DEBUG FXGLApplication      - Starting new game
01:08:31.425 [JavaFX Application Thread] DEBUG FXGLApplication      - Initializing App
01:08:31.425 [JavaFX Application Thread] DEBUG FXGLApplication      - Pausing main loop
01:08:31.426 [JavaFX Application Thread] DEBUG FXGLApplication      - State: MAIN_MENU -> PAUSED
01:08:31.426 [JavaFX Application Thread] DEBUG FXGLMasterTimer      - Stopping master timer
01:08:31.427 [JavaFX Application Thread] DEBUG FXGLInput            - Clearing active input actions
01:08:31.427 [JavaFX Application Thread] DEBUG FXGLEventBus         - Firing event: FXGLEvent[type=PAUSE]
01:08:31.427 [JavaFX Application Thread] DEBUG FXGLApplication      - Resetting FXGL application
01:08:31.427 [JavaFX Application Thread] DEBUG GameWorld            - Resetting game world
01:08:31.427 [JavaFX Application Thread] DEBUG EntityWorld          - Resetting entity world
01:08:31.428 [JavaFX Application Thread] DEBUG PhysicsWorld         - Resetting physics world
01:08:31.429 [JavaFX Application Thread] DEBUG GameScene            - Resetting game scene
01:08:31.429 [JavaFX Application Thread] DEBUG FXGLMasterTimer      - Resetting ticks and clearing all actions
01:08:31.429 [JavaFX Application Thread] DEBUG FXGLInput            - Clearing active input actions
01:08:31.429 [JavaFX Application Thread] DEBUG FXGLEventBus         - Firing event: FXGLEvent[type=RESET]
01:08:31.500 [JavaFX Application Thread] DEBUG FXGLApplication      - State: PAUSED -> LOADING
01:08:31.504 [JavaFX Application Thread] DEBUG FXGLEventBus         - Firing event: MenuEvent[type=NEW_GAME]
01:08:31.506 [FXGL Background Thread 1 ] DEBUG InitAppTask          - Initializing Assets
01:08:31.508 [FXGL Background Thread 1 ] DEBUG InitAppTask          - Initializing Game
01:08:31.508 [FXGL Background Thread 1 ] DEBUG InitAppTask          - Injecting gameState
01:08:31.627 [FastClasspathScanner-worker-0] DEBUG InitAppTask          - @SetEntityFactory: class com.felixwu.td.TdFactory
01:08:31.651 [FXGL Background Thread 1 ] DEBUG FXGLAssetLoader      - Loading from disk: /assets/text/level1.txt
01:08:31.676 [FXGL Background Thread 1 ] DEBUG FXGLAssetLoader      - Loading from disk: /assets/textures/backgroundG.png
01:08:31.682 [FXGL Background Thread 1 ] DEBUG FXGLAssetLoader      - Loading from cache: /assets/textures/backgroundG.png
01:08:31.683 [FXGL Background Thread 1 ] DEBUG FXGLAssetLoader      - Loading from cache: /assets/textures/backgroundG.png
01:08:31.683 [FXGL Background Thread 1 ] DEBUG FXGLAssetLoader      - Loading from cache: /assets/textures/backgroundG.png
01:08:31.684 [FXGL Background Thread 1 ] DEBUG FXGLAssetLoader      - Loading from cache: /assets/textures/backgroundG.png
01:08:31.685 [FXGL Background Thread 1 ] DEBUG FXGLAssetLoader      - Loading from cache: /assets/textures/backgroundG.png
01:08:31.686 [FXGL Background Thread 1 ] DEBUG FXGLAssetLoader      - Loading from cache: /assets/textures/backgroundG.png
01:08:31.687 [FXGL Background Thread 1 ] DEBUG FXGLAssetLoader      - Loading from cache: /assets/textures/backgroundG.png
01:08:31.688 [FXGL Background Thread 1 ] DEBUG FXGLAssetLoader      - Loading from cache: /assets/textures/backgroundG.png
01:08:31.688 [FXGL Background Thread 1 ] DEBUG FXGLAssetLoader      - Loading from cache: /assets/textures/backgroundG.png
01:08:31.689 [FXGL Background Thread 1 ] DEBUG FXGLAssetLoader      - Loading from disk: /assets/textures/backgroundP.png
01:08:31.694 [FXGL Background Thread 1 ] DEBUG FXGLAssetLoader      - Loading from cache: /assets/textures/backgroundP.png
01:08:31.695 [FXGL Background Thread 1 ] DEBUG FXGLAssetLoader      - Loading from cache: /assets/textures/backgroundP.png
01:08:31.695 [FXGL Background Thread 1 ] DEBUG FXGLAssetLoader      - Loading from cache: /assets/textures/backgroundP.png
01:08:31.697 [FXGL Background Thread 1 ] DEBUG FXGLAssetLoader      - Loading from cache: /assets/textures/backgroundP.png
01:08:31.698 [FXGL Background Thread 1 ] DEBUG FXGLAssetLoader      - Loading from cache: /assets/textures/backgroundP.png
01:08:31.699 [FXGL Background Thread 1 ] DEBUG FXGLAssetLoader      - Loading from cache: /assets/textures/backgroundP.png
01:08:31.700 [FXGL Background Thread 1 ] DEBUG FXGLAssetLoader      - Loading from cache: /assets/textures/backgroundP.png
01:08:31.701 [FXGL Background Thread 1 ] DEBUG FXGLAssetLoader      - Loading from cache: /assets/textures/backgroundP.png
01:08:31.702 [FXGL Background Thread 1 ] DEBUG FXGLAssetLoader      - Loading from cache: /assets/textures/backgroundG.png
01:08:31.703 [FXGL Background Thread 1 ] DEBUG FXGLAssetLoader      - Loading from cache: /assets/textures/backgroundG.png
01:08:31.703 [FXGL Background Thread 1 ] DEBUG FXGLAssetLoader      - Loading from cache: /assets/textures/backgroundG.png
01:08:31.704 [FXGL Background Thread 1 ] DEBUG FXGLAssetLoader      - Loading from cache: /assets/textures/backgroundG.png
01:08:31.705 [FXGL Background Thread 1 ] DEBUG FXGLAssetLoader      - Loading from cache: /assets/textures/backgroundG.png
01:08:31.706 [FXGL Background Thread 1 ] DEBUG FXGLAssetLoader      - Loading from cache: /assets/textures/backgroundG.png
01:08:31.707 [FXGL Background Thread 1 ] DEBUG FXGLAssetLoader      - Loading from cache: /assets/textures/backgroundG.png
01:08:31.708 [FXGL Background Thread 1 ] DEBUG FXGLAssetLoader      - Loading from cache: /assets/textures/backgroundG.png
01:08:31.709 [FXGL Background Thread 1 ] DEBUG FXGLAssetLoader      - Loading from cache: /assets/textures/backgroundG.png
01:08:31.710 [FXGL Background Thread 1 ] DEBUG FXGLAssetLoader      - Loading from cache: /assets/textures/backgroundP.png
01:08:31.711 [FXGL Background Thread 1 ] DEBUG FXGLAssetLoader      - Loading from cache: /assets/textures/backgroundG.png
01:08:31.712 [FXGL Background Thread 1 ] DEBUG FXGLAssetLoader      - Loading from cache: /assets/textures/backgroundG.png
01:08:31.712 [FXGL Background Thread 1 ] DEBUG FXGLAssetLoader      - Loading from cache: /assets/textures/backgroundP.png
01:08:31.713 [FXGL Background Thread 1 ] DEBUG FXGLAssetLoader      - Loading from cache: /assets/textures/backgroundP.png
01:08:31.714 [FXGL Background Thread 1 ] DEBUG FXGLAssetLoader      - Loading from cache: /assets/textures/backgroundP.png
01:08:31.715 [FXGL Background Thread 1 ] DEBUG FXGLAssetLoader      - Loading from cache: /assets/textures/backgroundP.png
01:08:31.715 [FXGL Background Thread 1 ] DEBUG FXGLAssetLoader      - Loading from cache: /assets/textures/backgroundP.png
01:08:31.716 [FXGL Background Thread 1 ] DEBUG FXGLAssetLoader      - Loading from cache: /assets/textures/backgroundP.png
01:08:31.717 [FXGL Background Thread 1 ] DEBUG FXGLAssetLoader      - Loading from cache: /assets/textures/backgroundP.png
01:08:31.718 [FXGL Background Thread 1 ] DEBUG FXGLAssetLoader      - Loading from cache: /assets/textures/backgroundP.png
01:08:31.718 [FXGL Background Thread 1 ] DEBUG FXGLAssetLoader      - Loading from cache: /assets/textures/backgroundG.png
01:08:31.719 [FXGL Background Thread 1 ] DEBUG FXGLAssetLoader      - Loading from cache: /assets/textures/backgroundG.png
01:08:31.720 [FXGL Background Thread 1 ] DEBUG FXGLAssetLoader      - Loading from cache: /assets/textures/backgroundP.png
01:08:31.721 [FXGL Background Thread 1 ] DEBUG FXGLAssetLoader      - Loading from cache: /assets/textures/backgroundG.png
01:08:31.721 [FXGL Background Thread 1 ] DEBUG FXGLAssetLoader      - Loading from cache: /assets/textures/backgroundG.png
01:08:31.723 [FXGL Background Thread 1 ] DEBUG FXGLAssetLoader      - Loading from cache: /assets/textures/backgroundG.png
01:08:31.724 [FXGL Background Thread 1 ] DEBUG FXGLAssetLoader      - Loading from cache: /assets/textures/backgroundG.png
01:08:31.724 [FXGL Background Thread 1 ] DEBUG FXGLAssetLoader      - Loading from cache: /assets/textures/backgroundG.png
01:08:31.725 [FXGL Background Thread 1 ] DEBUG FXGLAssetLoader      - Loading from cache: /assets/textures/backgroundG.png
01:08:31.725 [FXGL Background Thread 1 ] DEBUG FXGLAssetLoader      - Loading from cache: /assets/textures/backgroundG.png
01:08:31.726 [FXGL Background Thread 1 ] DEBUG FXGLAssetLoader      - Loading from cache: /assets/textures/backgroundG.png
01:08:31.726 [FXGL Background Thread 1 ] DEBUG FXGLAssetLoader      - Loading from cache: /assets/textures/backgroundG.png
01:08:31.727 [FXGL Background Thread 1 ] DEBUG FXGLAssetLoader      - Loading from cache: /assets/textures/backgroundP.png
01:08:31.727 [FXGL Background Thread 1 ] DEBUG FXGLAssetLoader      - Loading from cache: /assets/textures/backgroundP.png
01:08:31.728 [FXGL Background Thread 1 ] DEBUG FXGLAssetLoader      - Loading from cache: /assets/textures/backgroundP.png
01:08:31.729 [FXGL Background Thread 1 ] DEBUG FXGLAssetLoader      - Loading from cache: /assets/textures/backgroundP.png
01:08:31.730 [FXGL Background Thread 1 ] DEBUG FXGLAssetLoader      - Loading from cache: /assets/textures/backgroundP.png
01:08:31.731 [FXGL Background Thread 1 ] DEBUG FXGLAssetLoader      - Loading from cache: /assets/textures/backgroundP.png
01:08:31.732 [FXGL Background Thread 1 ] DEBUG FXGLAssetLoader      - Loading from cache: /assets/textures/backgroundP.png
01:08:31.733 [FXGL Background Thread 1 ] DEBUG FXGLAssetLoader      - Loading from cache: /assets/textures/backgroundP.png
01:08:31.733 [FXGL Background Thread 1 ] DEBUG FXGLAssetLoader      - Loading from disk: /assets/textures/home.jpg
01:08:31.755 [FXGL Background Thread 1 ] DEBUG FXGLAssetLoader      - Loading from cache: /assets/textures/backgroundG.png
01:08:31.756 [FXGL Background Thread 1 ] DEBUG FXGLAssetLoader      - Loading from cache: /assets/textures/backgroundG.png
01:08:31.756 [FXGL Background Thread 1 ] DEBUG FXGLAssetLoader      - Loading from cache: /assets/textures/backgroundG.png
01:08:31.757 [FXGL Background Thread 1 ] DEBUG FXGLAssetLoader      - Loading from cache: /assets/textures/backgroundG.png
01:08:31.757 [FXGL Background Thread 1 ] DEBUG FXGLAssetLoader      - Loading from cache: /assets/textures/backgroundG.png
01:08:31.758 [FXGL Background Thread 1 ] DEBUG FXGLAssetLoader      - Loading from cache: /assets/textures/backgroundG.png
01:08:31.758 [FXGL Background Thread 1 ] DEBUG FXGLAssetLoader      - Loading from cache: /assets/textures/backgroundG.png
01:08:31.759 [FXGL Background Thread 1 ] DEBUG FXGLAssetLoader      - Loading from cache: /assets/textures/backgroundG.png
01:08:31.759 [FXGL Background Thread 1 ] DEBUG FXGLAssetLoader      - Loading from cache: /assets/textures/backgroundG.png
01:08:31.760 [FXGL Background Thread 1 ] DEBUG FXGLAssetLoader      - Loading from cache: /assets/textures/backgroundG.png
01:08:31.761 [FXGL Background Thread 1 ] DEBUG GameWorld            - Resetting game world
01:08:31.761 [FXGL Background Thread 1 ] DEBUG EntityWorld          - Resetting entity world
01:08:31.761 [FXGL Background Thread 1 ] DEBUG PhysicsWorld         - Resetting physics world
01:08:31.761 [FXGL Background Thread 1 ] DEBUG GameScene            - Resetting game scene
01:08:31.761 [FXGL Background Thread 1 ] DEBUG GameWorld            - Setting level: com.almasb.fxgl.gameplay.Level@b9d06a
01:08:31.766 [FXGL Background Thread 1 ] DEBUG GameScene            - Creating render group for layer: TOP(2147483647)
01:08:31.785 [FXGL Background Thread 1 ] DEBUG InitAppTask          - Initializing Physics
01:08:31.785 [FXGL Background Thread 1 ] DEBUG InitAppTask          - Initializing UI
01:08:31.786 [FXGL Background Thread 1 ] DEBUG InitAppTask          - Initialization Complete
01:08:31.786 [FXGL Background Thread 1 ] INFO  InitAppTask          - Game initialization took: 0.280 sec
01:08:31.787 [JavaFX Application Thread] DEBUG FXGLApplication      - Resuming main loop
01:08:31.788 [JavaFX Application Thread] DEBUG FXGLApplication      - State: LOADING -> PLAYING
01:08:31.795 [JavaFX Application Thread] DEBUG FXGLMasterTimer      - Starting master timer
01:08:31.795 [JavaFX Application Thread] DEBUG FXGLInput            - Clearing active input actions
01:08:31.795 [JavaFX Application Thread] DEBUG FXGLEventBus         - Firing event: FXGLEvent[type=RESUME]
01:08:32.702 [JavaFX Application Thread] DEBUG FXGLAssetLoader      - Loading from disk: /assets/textures/tower1.png
01:08:32.888 [JavaFX Application Thread] DEBUG FXGLAssetLoader      - Loading from disk: /assets/textures/ufo.png
01:08:32.893 [JavaFX Application Thread] DEBUG FXGLAssetLoader      - Loading from disk: /assets/textures/bullet.png
01:08:33.405 [JavaFX Application Thread] DEBUG FXGLAssetLoader      - Loading from cache: /assets/textures/bullet.png
01:08:33.422 [JavaFX Application Thread] DEBUG FXGLEventBus         - Firing event: com.felixwu.td.event.EnemyKilled[source=javafx.event.Event$$Lambda$73/151315479@4ae0f832]
01:08:33.904 [JavaFX Application Thread] DEBUG FXGLAssetLoader      - Loading from cache: /assets/textures/ufo.png
01:08:33.921 [JavaFX Application Thread] DEBUG FXGLAssetLoader      - Loading from cache: /assets/textures/bullet.png
01:08:34.438 [JavaFX Application Thread] DEBUG FXGLAssetLoader      - Loading from cache: /assets/textures/bullet.png
01:08:34.455 [JavaFX Application Thread] DEBUG FXGLEventBus         - Firing event: com.felixwu.td.event.EnemyKilled[source=javafx.event.Event$$Lambda$73/151315479@4ae0f832]
01:08:34.922 [JavaFX Application Thread] DEBUG FXGLAssetLoader      - Loading from cache: /assets/textures/ufo.png
01:08:34.956 [JavaFX Application Thread] DEBUG FXGLAssetLoader      - Loading from cache: /assets/textures/bullet.png
01:08:35.472 [JavaFX Application Thread] DEBUG FXGLAssetLoader      - Loading from cache: /assets/textures/bullet.png
01:08:35.489 [JavaFX Application Thread] DEBUG FXGLEventBus         - Firing event: com.felixwu.td.event.EnemyKilled[source=javafx.event.Event$$Lambda$73/151315479@4ae0f832]
01:08:35.939 [JavaFX Application Thread] DEBUG FXGLAssetLoader      - Loading from cache: /assets/textures/ufo.png
01:08:35.989 [JavaFX Application Thread] DEBUG FXGLAssetLoader      - Loading from cache: /assets/textures/bullet.png
01:08:36.510 [JavaFX Application Thread] DEBUG FXGLAssetLoader      - Loading from cache: /assets/textures/bullet.png
01:08:36.527 [JavaFX Application Thread] DEBUG FXGLEventBus         - Firing event: com.felixwu.td.event.EnemyKilled[source=javafx.event.Event$$Lambda$73/151315479@4ae0f832]
01:08:36.960 [JavaFX Application Thread] DEBUG FXGLAssetLoader      - Loading from cache: /assets/textures/ufo.png
01:08:37.027 [JavaFX Application Thread] DEBUG FXGLAssetLoader      - Loading from cache: /assets/textures/bullet.png
01:08:37.543 [JavaFX Application Thread] DEBUG FXGLAssetLoader      - Loading from cache: /assets/textures/bullet.png
01:08:37.560 [JavaFX Application Thread] DEBUG FXGLEventBus         - Firing event: com.felixwu.td.event.EnemyKilled[source=javafx.event.Event$$Lambda$73/151315479@4ae0f832]
01:08:37.976 [JavaFX Application Thread] DEBUG FXGLAssetLoader      - Loading from cache: /assets/textures/ufo.png
01:08:38.060 [JavaFX Application Thread] DEBUG FXGLAssetLoader      - Loading from cache: /assets/textures/bullet.png
01:08:38.577 [JavaFX Application Thread] DEBUG FXGLAssetLoader      - Loading from cache: /assets/textures/bullet.png
01:08:38.594 [JavaFX Application Thread] DEBUG FXGLEventBus         - Firing event: com.felixwu.td.event.EnemyKilled[source=javafx.event.Event$$Lambda$73/151315479@4ae0f832]
01:08:38.994 [JavaFX Application Thread] DEBUG FXGLAssetLoader      - Loading from cache: /assets/textures/ufo.png
01:08:39.094 [JavaFX Application Thread] DEBUG FXGLAssetLoader      - Loading from cache: /assets/textures/bullet.png
01:08:39.610 [JavaFX Application Thread] DEBUG FXGLAssetLoader      - Loading from cache: /assets/textures/bullet.png
01:08:40.011 [JavaFX Application Thread] DEBUG FXGLAssetLoader      - Loading from cache: /assets/textures/ufo.png
01:08:40.128 [JavaFX Application Thread] DEBUG FXGLAssetLoader      - Loading from cache: /assets/textures/bullet.png
01:08:40.646 [JavaFX Application Thread] DEBUG FXGLAssetLoader      - Loading from cache: /assets/textures/bullet.png
01:08:41.028 [JavaFX Application Thread] DEBUG FXGLAssetLoader      - Loading from cache: /assets/textures/ufo.png
01:08:41.162 [JavaFX Application Thread] DEBUG FXGLAssetLoader      - Loading from cache: /assets/textures/bullet.png
01:08:41.208 [JavaFX Application Thread] DEBUG FXGLAssetLoader      - Loading from cache: /assets/textures/tower1.png
01:08:41.215 [JavaFX Application Thread] DEBUG FXGLAssetLoader      - Loading from cache: /assets/textures/bullet.png
01:08:41.428 [JavaFX Application Thread] DEBUG FXGLEventBus         - Firing event: com.felixwu.td.event.EnemyKilled[source=javafx.event.Event$$Lambda$73/151315479@4ae0f832]
01:08:41.679 [JavaFX Application Thread] DEBUG FXGLAssetLoader      - Loading from cache: /assets/textures/bullet.png
01:08:41.729 [JavaFX Application Thread] DEBUG FXGLAssetLoader      - Loading from cache: /assets/textures/bullet.png
01:08:42.062 [JavaFX Application Thread] DEBUG FXGLAssetLoader      - Loading from cache: /assets/textures/ufo.png
01:08:42.196 [JavaFX Application Thread] DEBUG FXGLAssetLoader      - Loading from cache: /assets/textures/bullet.png
01:08:42.246 [JavaFX Application Thread] DEBUG FXGLAssetLoader      - Loading from cache: /assets/textures/bullet.png
01:08:42.445 [JavaFX Application Thread] DEBUG FXGLEventBus         - Firing event: com.felixwu.td.event.EnemyKilled[source=javafx.event.Event$$Lambda$73/151315479@4ae0f832]
01:08:42.712 [JavaFX Application Thread] DEBUG FXGLAssetLoader      - Loading from cache: /assets/textures/bullet.png
01:08:42.763 [JavaFX Application Thread] DEBUG FXGLAssetLoader      - Loading from cache: /assets/textures/bullet.png
01:08:43.230 [JavaFX Application Thread] DEBUG FXGLAssetLoader      - Loading from cache: /assets/textures/bullet.png
01:08:43.279 [JavaFX Application Thread] DEBUG FXGLAssetLoader      - Loading from cache: /assets/textures/bullet.png
01:08:43.696 [JavaFX Application Thread] DEBUG FXGLEventBus         - Firing event: com.felixwu.td.event.EnemyKilled[source=javafx.event.Event$$Lambda$73/151315479@4ae0f832]
01:08:43.747 [JavaFX Application Thread] DEBUG FXGLAssetLoader      - Loading from cache: /assets/textures/bullet.png
01:08:43.796 [JavaFX Application Thread] DEBUG FXGLAssetLoader      - Loading from cache: /assets/textures/bullet.png
01:08:44.263 [JavaFX Application Thread] DEBUG FXGLAssetLoader      - Loading from cache: /assets/textures/bullet.png
01:08:44.314 [JavaFX Application Thread] DEBUG FXGLAssetLoader      - Loading from cache: /assets/textures/bullet.png
01:08:44.514 [JavaFX Application Thread] DEBUG FXGLEventBus         - Firing event: com.felixwu.td.event.EnemyKilled[source=javafx.event.Event$$Lambda$73/151315479@4ae0f832]
01:08:44.520 [JavaFX Application Thread] DEBUG FXGLEventBus         - Firing event: DisplayEvent[type=DIALOG_OPENED]
01:08:44.521 [JavaFX Application Thread] DEBUG FXGLApplication      - Pausing main loop
01:08:44.521 [JavaFX Application Thread] DEBUG FXGLApplication      - State: PLAYING -> PAUSED
01:08:44.521 [JavaFX Application Thread] DEBUG FXGLMasterTimer      - Stopping master timer
01:08:44.521 [JavaFX Application Thread] DEBUG FXGLInput            - Clearing active input actions
01:08:44.521 [JavaFX Application Thread] DEBUG FXGLEventBus         - Firing event: FXGLEvent[type=PAUSE]
01:08:44.521 [JavaFX Application Thread] DEBUG FXGLInput            - Clearing active input actions
01:08:47.735 [JavaFX Application Thread] DEBUG FXGLEventBus         - Firing event: DisplayEvent[type=DIALOG_CLOSED]
01:08:47.735 [JavaFX Application Thread] DEBUG FXGLApplication      - Resuming main loop
01:08:47.735 [JavaFX Application Thread] DEBUG FXGLApplication      - State: PAUSED -> PLAYING
01:08:47.735 [JavaFX Application Thread] DEBUG FXGLMasterTimer      - Starting master timer
01:08:47.735 [JavaFX Application Thread] DEBUG FXGLInput            - Clearing active input actions
01:08:47.735 [JavaFX Application Thread] DEBUG FXGLEventBus         - Firing event: FXGLEvent[type=RESUME]
01:08:47.735 [JavaFX Application Thread] DEBUG FXGLApplication      - Exiting FXGL application
01:08:47.735 [JavaFX Application Thread] DEBUG FXGLEventBus         - Firing event: FXGLEvent[type=EXIT]
01:08:47.735 [JavaFX Application Thread] DEBUG MenuEventHandler     - Creating default profile
01:08:47.735 [JavaFX Application Thread] DEBUG FXGLEventBus         - Firing event: SaveEvent
01:08:47.735 [JavaFX Application Thread] DEBUG FXGLAudioPlayer      - Saving data to profile
01:08:47.735 [JavaFX Application Thread] DEBUG Bundle               - Logging bundle: audio
01:08:47.735 [JavaFX Application Thread] DEBUG Bundle               - audio.musicVolume=0.5
01:08:47.736 [JavaFX Application Thread] DEBUG Bundle               - audio.soundVolume=0.5
01:08:47.736 [JavaFX Application Thread] DEBUG FXGLMasterTimer      - Saving data to profile
01:08:47.736 [JavaFX Application Thread] DEBUG Bundle               - Logging bundle: timer
01:08:47.736 [JavaFX Application Thread] DEBUG Bundle               - timer.playtime=28660863225
01:08:47.736 [JavaFX Application Thread] DEBUG FXGLInput            - Saving data to profile
01:08:47.736 [JavaFX Application Thread] DEBUG Bundle               - Logging bundle: input
01:08:47.736 [JavaFX Application Thread] DEBUG Bundle               - input.Place Tower A=PRIMARY
01:08:47.736 [JavaFX Application Thread] DEBUG Bundle               - input.Screenshot=P
01:08:47.736 [JavaFX Application Thread] DEBUG Bundle               - input.Dev Options=CTRL+0
01:08:47.736 [JavaFX Application Thread] DEBUG FXGLDisplay          - Saving data to profile
01:08:47.736 [JavaFX Application Thread] DEBUG Bundle               - Logging bundle: scene
01:08:47.736 [JavaFX Application Thread] DEBUG Bundle               - scene.sizeW=400.0
01:08:47.736 [JavaFX Application Thread] DEBUG Bundle               - scene.sizeH=280.0
01:08:47.736 [JavaFX Application Thread] DEBUG AchievementManager   - Saving data to profile
01:08:47.736 [JavaFX Application Thread] DEBUG Bundle               - Logging bundle: achievement
01:08:47.736 [JavaFX Application Thread] DEBUG SaveLoadManager      - Saving profile: h
01:08:47.738 [JavaFX Application Thread] DEBUG IOTask               - Executing task: writeDataTask(./profiles/h/user.profile)
01:08:47.738 [JavaFX Application Thread] DEBUG IOTask               - Executing task: writeDataTask(./profiles/h/user.profile)
01:08:47.739 [JavaFX Application Thread] DEBUG FS                   - Writing to: ./profiles/h/user.profile
01:08:47.742 [JavaFX Application Thread] DEBUG IOTask               - Executing task: checkSavesDir(./profiles/h/saves/)
01:08:47.742 [JavaFX Application Thread] DEBUG IOTask               - Task succeeded: writeDataTask(./profiles/h/user.profile)
01:08:47.742 [JavaFX Application Thread] DEBUG FXGL                 - Saving FXGL system data
01:08:47.743 [JavaFX Application Thread] DEBUG IOTask               - Executing task: writeDataTask(system/fxgl.bundle)
01:08:47.743 [JavaFX Application Thread] DEBUG FS                   - Writing to: system/fxgl.bundle
01:08:47.745 [JavaFX Application Thread] DEBUG IOTask               - Task succeeded: writeDataTask(system/fxgl.bundle)
01:08:47.745 [JavaFX Application Thread] DEBUG FXGLApplication      - Closing FXGL logger and exiting JavaFX
