18:05:47.493 [ForkJoinPool.commonPool-worker-1] DEBUG FXGLLogger           - Logging System Info
18:05:47.496 [ForkJoinPool.commonPool-worker-1] DEBUG FXGLLogger           - CPU cores: 4
18:05:47.498 [ForkJoinPool.commonPool-worker-1] DEBUG FXGLLogger           - Free Memory: 73MB
18:05:47.498 [ForkJoinPool.commonPool-worker-1] DEBUG FXGLLogger           - Max Memory: 1821MB
18:05:47.499 [ForkJoinPool.commonPool-worker-1] DEBUG FXGLLogger           - Total Memory: 94MB
18:05:47.499 [ForkJoinPool.commonPool-worker-1] DEBUG FXGLLogger           - System Properties:
18:05:47.500 [ForkJoinPool.commonPool-worker-1] DEBUG FXGLLogger           - java.specification.version=1.8
18:05:47.500 [ForkJoinPool.commonPool-worker-1] DEBUG FXGLLogger           - FXGL.fxgl.version=0.3.1
18:05:47.500 [ForkJoinPool.commonPool-worker-1] DEBUG FXGLLogger           - file.encoding=UTF-8
18:05:47.500 [ForkJoinPool.commonPool-worker-1] DEBUG FXGLLogger           - FXGL.fs.savefile.ext=.sav
18:05:47.500 [ForkJoinPool.commonPool-worker-1] DEBUG FXGLLogger           - javafx.version=8.0.121
18:05:47.500 [ForkJoinPool.commonPool-worker-1] DEBUG FXGLLogger           - FXGL.url.googleforms=https://goo.gl/forms/6wrMnOBxTE1fEpOy2
18:05:47.500 [ForkJoinPool.commonPool-worker-1] DEBUG FXGLLogger           - FXGL.url.github=https://github.com/AlmasB/FXGL
18:05:47.500 [ForkJoinPool.commonPool-worker-1] DEBUG FXGLLogger           - FXGL.dev.showbbox=false
18:05:47.501 [ForkJoinPool.commonPool-worker-1] DEBUG FXGLLogger           - java.vm.name=Java HotSpot(TM) 64-Bit Server VM
18:05:47.501 [ForkJoinPool.commonPool-worker-1] DEBUG FXGLLogger           - line.separator=

18:05:47.501 [ForkJoinPool.commonPool-worker-1] DEBUG FXGLLogger           - FXGL.fs.profiledir=profiles/
18:05:47.502 [ForkJoinPool.commonPool-worker-1] DEBUG FXGLLogger           - user.dir=/Users/FelixWu/IdeaProjects/TowerDefence
18:05:47.502 [ForkJoinPool.commonPool-worker-1] DEBUG FXGLLogger           - java.ext.dirs=/Users/FelixWu/Library/Java/Extensions:/Library/Java/JavaVirtualMachines/jdk1.8.0_121.jdk/Contents/Home/jre/lib/ext:/Library/Java/Extensions:/Network/Library/Java/Extensions:/System/Library/Java/Extensions:/usr/lib/java
18:05:47.502 [ForkJoinPool.commonPool-worker-1] DEBUG FXGLLogger           - FXGL.version.check.days=7
18:05:47.502 [ForkJoinPool.commonPool-worker-1] DEBUG FXGLLogger           - os.arch=x86_64
18:05:47.502 [ForkJoinPool.commonPool-worker-1] DEBUG FXGLLogger           - java.awt.graphicsenv=sun.awt.CGraphicsEnvironment
18:05:47.502 [ForkJoinPool.commonPool-worker-1] DEBUG FXGLLogger           - FXGL.physics.ppm=50.0
18:05:47.502 [ForkJoinPool.commonPool-worker-1] DEBUG FXGLLogger           - java.vendor.url.bug=http://bugreport.sun.com/bugreport/
18:05:47.504 [ForkJoinPool.commonPool-worker-1] DEBUG FXGLLogger           - FXGL.url.pom=https://raw.githubusercontent.com/AlmasB/FXGL/master/pom.xml
18:05:47.504 [ForkJoinPool.commonPool-worker-1] DEBUG FXGLLogger           - java.io.tmpdir=/var/folders/8r/yhtjxhq56vzdzcyr91zp1r_00000gn/T/
18:05:47.504 [ForkJoinPool.commonPool-worker-1] DEBUG FXGLLogger           - sun.cpu.endian=little
18:05:47.504 [ForkJoinPool.commonPool-worker-1] DEBUG FXGLLogger           - sun.os.patch.level=unknown
18:05:47.504 [ForkJoinPool.commonPool-worker-1] DEBUG FXGLLogger           - java.vm.specification.version=1.8
18:05:47.506 [ForkJoinPool.commonPool-worker-1] DEBUG FXGLLogger           - FXGL.url.surveymonkey=https://www.surveymonkey.co.uk/r/BH6LLPM
18:05:47.507 [ForkJoinPool.commonPool-worker-1] DEBUG FXGLLogger           - java.vm.specification.name=Java Virtual Machine Specification
18:05:47.510 [ForkJoinPool.commonPool-worker-1] DEBUG FXGLLogger           - FXGL.ui.icon.name=fxgl_icon.png
18:05:47.510 [ForkJoinPool.commonPool-worker-1] DEBUG FXGLLogger           - idea.launcher.port=7533
18:05:47.510 [ForkJoinPool.commonPool-worker-1] DEBUG FXGLLogger           - sun.java.command=com.intellij.rt.execution.application.AppMain com.felixwu.td.Main
18:05:47.510 [ForkJoinPool.commonPool-worker-1] DEBUG FXGLLogger           - java.class.path=/Library/Java/JavaVirtualMachines/jdk1.8.0_121.jdk/Contents/Home/jre/lib/charsets.jar:/Library/Java/JavaVirtualMachines/jdk1.8.0_121.jdk/Contents/Home/jre/lib/deploy.jar:/Library/Java/JavaVirtualMachines/jdk1.8.0_121.jdk/Contents/Home/jre/lib/ext/cldrdata.jar:/Library/Java/JavaVirtualMachines/jdk1.8.0_121.jdk/Contents/Home/jre/lib/ext/dnsns.jar:/Library/Java/JavaVirtualMachines/jdk1.8.0_121.jdk/Contents/Home/jre/lib/ext/jaccess.jar:/Library/Java/JavaVirtualMachines/jdk1.8.0_121.jdk/Contents/Home/jre/lib/ext/jfxrt.jar:/Library/Java/JavaVirtualMachines/jdk1.8.0_121.jdk/Contents/Home/jre/lib/ext/localedata.jar:/Library/Java/JavaVirtualMachines/jdk1.8.0_121.jdk/Contents/Home/jre/lib/ext/nashorn.jar:/Library/Java/JavaVirtualMachines/jdk1.8.0_121.jdk/Contents/Home/jre/lib/ext/sunec.jar:/Library/Java/JavaVirtualMachines/jdk1.8.0_121.jdk/Contents/Home/jre/lib/ext/sunjce_provider.jar:/Library/Java/JavaVirtualMachines/jdk1.8.0_121.jdk/Contents/Home/jre/lib/ext/sunpkcs11.jar:/Library/Java/JavaVirtualMachines/jdk1.8.0_121.jdk/Contents/Home/jre/lib/ext/zipfs.jar:/Library/Java/JavaVirtualMachines/jdk1.8.0_121.jdk/Contents/Home/jre/lib/javaws.jar:/Library/Java/JavaVirtualMachines/jdk1.8.0_121.jdk/Contents/Home/jre/lib/jce.jar:/Library/Java/JavaVirtualMachines/jdk1.8.0_121.jdk/Contents/Home/jre/lib/jfr.jar:/Library/Java/JavaVirtualMachines/jdk1.8.0_121.jdk/Contents/Home/jre/lib/jfxswt.jar:/Library/Java/JavaVirtualMachines/jdk1.8.0_121.jdk/Contents/Home/jre/lib/jsse.jar:/Library/Java/JavaVirtualMachines/jdk1.8.0_121.jdk/Contents/Home/jre/lib/management-agent.jar:/Library/Java/JavaVirtualMachines/jdk1.8.0_121.jdk/Contents/Home/jre/lib/plugin.jar:/Library/Java/JavaVirtualMachines/jdk1.8.0_121.jdk/Contents/Home/jre/lib/resources.jar:/Library/Java/JavaVirtualMachines/jdk1.8.0_121.jdk/Contents/Home/jre/lib/rt.jar:/Library/Java/JavaVirtualMachines/jdk1.8.0_121.jdk/Contents/Home/lib/ant-javafx.jar:/Library/Java/JavaVirtualMachines/jdk1.8.0_121.jdk/Contents/Home/lib/dt.jar:/Library/Java/JavaVirtualMachines/jdk1.8.0_121.jdk/Contents/Home/lib/javafx-mx.jar:/Library/Java/JavaVirtualMachines/jdk1.8.0_121.jdk/Contents/Home/lib/jconsole.jar:/Library/Java/JavaVirtualMachines/jdk1.8.0_121.jdk/Contents/Home/lib/packager.jar:/Library/Java/JavaVirtualMachines/jdk1.8.0_121.jdk/Contents/Home/lib/sa-jdi.jar:/Library/Java/JavaVirtualMachines/jdk1.8.0_121.jdk/Contents/Home/lib/tools.jar:/Users/FelixWu/IdeaProjects/TowerDefence/out/production/TowerDefence:/Users/FelixWu/Downloads/fxgl-0.3.1-uber.jar:/Applications/IntelliJ IDEA CE.app/Contents/lib/idea_rt.jar
18:05:47.511 [ForkJoinPool.commonPool-worker-1] DEBUG FXGLLogger           - java.runtime.name=Java(TM) SE Runtime Environment
18:05:47.511 [ForkJoinPool.commonPool-worker-1] DEBUG FXGLLogger           - FXGL.ui.font=Copperplate_Gothic_Light_Regular.ttf
18:05:47.511 [ForkJoinPool.commonPool-worker-1] DEBUG FXGLLogger           - java.vm.vendor=Oracle Corporation
18:05:47.511 [ForkJoinPool.commonPool-worker-1] DEBUG FXGLLogger           - gopherProxySet=false
18:05:47.511 [ForkJoinPool.commonPool-worker-1] DEBUG FXGLLogger           - java.library.path=/Users/FelixWu/Library/Java/Extensions:/Library/Java/Extensions:/Network/Library/Java/Extensions:/System/Library/Java/Extensions:/usr/lib/java:.
18:05:47.512 [ForkJoinPool.commonPool-worker-1] DEBUG FXGLLogger           - java.vendor.url=http://java.oracle.com/
18:05:47.512 [ForkJoinPool.commonPool-worker-1] DEBUG FXGLLogger           - FXGL.sound.menu.back=menu/back.wav
18:05:47.513 [ForkJoinPool.commonPool-worker-1] DEBUG FXGLLogger           - FXGL.ui.mono.font=lucida_console.ttf
18:05:47.513 [ForkJoinPool.commonPool-worker-1] DEBUG FXGLLogger           - java.specification.vendor=Oracle Corporation
18:05:47.513 [ForkJoinPool.commonPool-worker-1] DEBUG FXGLLogger           - user.home=/Users/FelixWu
18:05:47.513 [ForkJoinPool.commonPool-worker-1] DEBUG FXGLLogger           - ftp.nonProxyHosts=local|*.local|169.254/16|*.169.254/16
18:05:47.513 [ForkJoinPool.commonPool-worker-1] DEBUG FXGLLogger           - socksNonProxyHosts=local|*.local|169.254/16|*.169.254/16
18:05:47.513 [ForkJoinPool.commonPool-worker-1] DEBUG FXGLLogger           - awt.toolkit=sun.lwawt.macosx.LWCToolkit
18:05:47.513 [ForkJoinPool.commonPool-worker-1] DEBUG FXGLLogger           - sun.io.unicode.encoding=UnicodeBig
18:05:47.513 [ForkJoinPool.commonPool-worker-1] DEBUG FXGLLogger           - java.awt.printerjob=sun.lwawt.macosx.CPrinterJob
18:05:47.513 [ForkJoinPool.commonPool-worker-1] DEBUG FXGLLogger           - FXGL.asset.cache.size=35
18:05:47.513 [ForkJoinPool.commonPool-worker-1] DEBUG FXGLLogger           - FXGL.fs.profilename=user.profile
18:05:47.514 [ForkJoinPool.commonPool-worker-1] DEBUG FXGLLogger           - FXGL.fs.savedir=saves/
18:05:47.514 [ForkJoinPool.commonPool-worker-1] DEBUG FXGLLogger           - java.vm.version=25.121-b13
18:05:47.514 [ForkJoinPool.commonPool-worker-1] DEBUG FXGLLogger           - path.separator=:
18:05:47.514 [ForkJoinPool.commonPool-worker-1] DEBUG FXGLLogger           - os.version=10.11.6
18:05:47.514 [ForkJoinPool.commonPool-worker-1] DEBUG FXGLLogger           - java.vm.info=mixed mode
18:05:47.514 [ForkJoinPool.commonPool-worker-1] DEBUG FXGLLogger           - java.home=/Library/Java/JavaVirtualMachines/jdk1.8.0_121.jdk/Contents/Home/jre
18:05:47.514 [ForkJoinPool.commonPool-worker-1] DEBUG FXGLLogger           - user.country=US
18:05:47.514 [ForkJoinPool.commonPool-worker-1] DEBUG FXGLLogger           - java.class.version=52.0
18:05:47.514 [ForkJoinPool.commonPool-worker-1] DEBUG FXGLLogger           - file.separator=/
18:05:47.514 [ForkJoinPool.commonPool-worker-1] DEBUG FXGLLogger           - java.specification.name=Java Platform API Specification
18:05:47.514 [ForkJoinPool.commonPool-worker-1] DEBUG FXGLLogger           - FXGL.fs.datafile.ext=.dat
18:05:47.514 [ForkJoinPool.commonPool-worker-1] DEBUG FXGLLogger           - sun.cpu.isalist=
18:05:47.514 [ForkJoinPool.commonPool-worker-1] DEBUG FXGLLogger           - sun.jnu.encoding=UTF-8
18:05:47.515 [ForkJoinPool.commonPool-worker-1] DEBUG FXGLLogger           - file.encoding.pkg=sun.io
18:05:47.515 [ForkJoinPool.commonPool-worker-1] DEBUG FXGLLogger           - http.nonProxyHosts=local|*.local|169.254/16|*.169.254/16
18:05:47.515 [ForkJoinPool.commonPool-worker-1] DEBUG FXGLLogger           - java.endorsed.dirs=/Library/Java/JavaVirtualMachines/jdk1.8.0_121.jdk/Contents/Home/jre/lib/endorsed
18:05:47.515 [ForkJoinPool.commonPool-worker-1] DEBUG FXGLLogger           - sun.arch.data.model=64
18:05:47.515 [ForkJoinPool.commonPool-worker-1] DEBUG FXGLLogger           - user.timezone=Europe/London
18:05:47.515 [ForkJoinPool.commonPool-worker-1] DEBUG FXGLLogger           - java.version=1.8.0_121
18:05:47.515 [ForkJoinPool.commonPool-worker-1] DEBUG FXGLLogger           - sun.boot.library.path=/Library/Java/JavaVirtualMachines/jdk1.8.0_121.jdk/Contents/Home/jre/lib
18:05:47.515 [ForkJoinPool.commonPool-worker-1] DEBUG FXGLLogger           - user.language=en
18:05:47.515 [ForkJoinPool.commonPool-worker-1] DEBUG FXGLLogger           - idea.launcher.bin.path=/Applications/IntelliJ IDEA CE.app/Contents/bin
18:05:47.515 [ForkJoinPool.commonPool-worker-1] DEBUG FXGLLogger           - javafx.runtime.version=8.0.121-b13
18:05:47.516 [ForkJoinPool.commonPool-worker-1] DEBUG FXGLLogger           - FXGL.sound.menu.select=menu/select.wav
18:05:47.516 [ForkJoinPool.commonPool-worker-1] DEBUG FXGLLogger           - FXGL.sound.menu.press=menu/press.wav
18:05:47.516 [ForkJoinPool.commonPool-worker-1] DEBUG FXGLLogger           - FXGL.sound.notification=core/notification.wav
18:05:47.516 [ForkJoinPool.commonPool-worker-1] DEBUG FXGLLogger           - user.name=FelixWu
18:05:47.516 [ForkJoinPool.commonPool-worker-1] DEBUG FXGLLogger           - FXGL.pooling.initialSize=128
18:05:47.516 [ForkJoinPool.commonPool-worker-1] DEBUG FXGLLogger           - java.runtime.version=1.8.0_121-b13
18:05:47.516 [ForkJoinPool.commonPool-worker-1] DEBUG FXGLLogger           - java.vm.specification.vendor=Oracle Corporation
18:05:47.516 [ForkJoinPool.commonPool-worker-1] DEBUG FXGLLogger           - user.country.format=HK
18:05:47.516 [ForkJoinPool.commonPool-worker-1] DEBUG FXGLLogger           - sun.boot.class.path=/Library/Java/JavaVirtualMachines/jdk1.8.0_121.jdk/Contents/Home/jre/lib/resources.jar:/Library/Java/JavaVirtualMachines/jdk1.8.0_121.jdk/Contents/Home/jre/lib/rt.jar:/Library/Java/JavaVirtualMachines/jdk1.8.0_121.jdk/Contents/Home/jre/lib/sunrsasign.jar:/Library/Java/JavaVirtualMachines/jdk1.8.0_121.jdk/Contents/Home/jre/lib/jsse.jar:/Library/Java/JavaVirtualMachines/jdk1.8.0_121.jdk/Contents/Home/jre/lib/jce.jar:/Library/Java/JavaVirtualMachines/jdk1.8.0_121.jdk/Contents/Home/jre/lib/charsets.jar:/Library/Java/JavaVirtualMachines/jdk1.8.0_121.jdk/Contents/Home/jre/lib/jfr.jar:/Library/Java/JavaVirtualMachines/jdk1.8.0_121.jdk/Contents/Home/jre/classes
18:05:47.516 [ForkJoinPool.commonPool-worker-1] DEBUG FXGLLogger           - os.name=Mac OS X
18:05:47.516 [ForkJoinPool.commonPool-worker-1] DEBUG FXGLLogger           - FXGL.ui.css=fxgl.css
18:05:47.516 [ForkJoinPool.commonPool-worker-1] DEBUG FXGLLogger           - sun.management.compiler=HotSpot 64-Bit Tiered Compilers
18:05:47.516 [ForkJoinPool.commonPool-worker-1] DEBUG FXGLLogger           - FXGL.url.storage=https://raw.githubusercontent.com/AlmasB/git-server/master/storage/
18:05:47.517 [ForkJoinPool.commonPool-worker-1] DEBUG FXGLLogger           - sun.java.launcher=SUN_STANDARD
18:05:47.517 [ForkJoinPool.commonPool-worker-1] DEBUG FXGLLogger           - java.vendor=Oracle Corporation
18:05:47.521 [FXGL Launcher Thread     ] DEBUG FXGLLoggerFactory    - Service [LoggerFactory] initialized
18:05:47.522 [FXGL Launcher Thread     ] DEBUG FXGL                 - FXGL logger initialized
18:05:47.523 [FXGL Launcher Thread     ] DEBUG FXGL                 - Loading FXGL system data
18:05:47.529 [FXGL Launcher Thread     ] DEBUG IOTask               - Executing task: readDataTask(system/fxgl.bundle)
18:05:47.545 [FXGL Launcher Thread     ] DEBUG FS                   - Reading from: system/fxgl.bundle
18:05:47.558 [FXGL Launcher Thread     ] DEBUG IOTask               - Task succeeded: readDataTask(system/fxgl.bundle)
18:05:47.558 [FXGL Launcher Thread     ] DEBUG Bundle               - Logging bundle: FXGL
18:05:47.558 [FXGL Launcher Thread     ] DEBUG Bundle               - FXGL.offline.timer.version.check=2017-04-27T12:29:57.078
18:05:47.559 [FXGL Launcher Thread     ] DEBUG FXGLApplication      - FXGL configuration complete
18:05:47.559 [FXGL Launcher Thread     ] INFO  FXGLApplication      - FXGL configuration took:  1.606 sec
18:05:47.560 [FXGL Launcher Thread     ] DEBUG FXGLApplication      - Logging game settings
Title: TowerDefense
Version: 1.0
Width: 800
Height: 600
Fullscreen: false
Intro: false
Menus: false
Profiling: false
App Mode: DEVELOPER
Menu Style: FXGL_DEFAULT
Menu Key: ESCAPE
Services: []
18:05:47.564 [JavaFX Application Thread] DEBUG FXGLApplication      - Running task: UpdaterTask
18:05:47.584 [FXGL Launcher Thread     ] DEBUG FXGLApplication      - Configuring GameApplication
18:05:47.587 [FXGL Launcher Thread     ] DEBUG FXGLApplication      - Running task: PreInitTask
18:05:47.595 [FXGL Launcher Thread     ] DEBUG FXGLExceptionHandler - Service [ExceptionHandler] initialized
18:05:47.597 [FXGL Launcher Thread     ] DEBUG FXGLEventBus         - Service [EventBus] initialized
18:05:47.601 [FXGL Launcher Thread     ] DEBUG FXGLExecutor         - Service [Executor] initialized
18:05:47.601 [FXGL Launcher Thread     ] DEBUG PreInitTask          - Injecting gameWorld & physicsWorld
18:05:47.619 [FXGL Launcher Thread     ] DEBUG GameWorld            - Game world initialized
18:05:47.680 [FXGL Launcher Thread     ] DEBUG FXGLPooler           - Service [Pooler] initialized with default size = 128
18:05:47.681 [FXGL Launcher Thread     ] DEBUG PhysicsWorld         - Physics world initialized: appHeight=600, physics.ppm=50.0
18:05:47.683 [FXGL Launcher Thread     ] DEBUG FXGLInput            - Service [Input] initialized
18:05:47.707 [FXGL Launcher Thread     ] DEBUG FXGLInput            - Registered new binding: Screenshot - P
18:05:47.708 [FXGL Launcher Thread     ] DEBUG FXGLInput            - Registered new binding: Dev Options - CTRL+0
18:05:47.709 [FXGL Launcher Thread     ] DEBUG FXGLInput            - Registered new binding: Place Tower A - PRIMARY
18:05:47.711 [FXGL Launcher Thread     ] DEBUG FXGLApplication      - Running task: InitScenesTask
18:05:47.734 [FXGL Launcher Thread     ] DEBUG FXGLAssetLoader      - Service [AssetLoader] initialized: cacheSize=35
18:05:47.735 [FXGL Launcher Thread     ] DEBUG FXGLAssetLoader      - Loading from disk: /assets/ui/cursors/fxgl_default.png
18:05:47.786 [FXGL Launcher Thread     ] DEBUG GameScene            - Game scene initialized: 800x600
18:05:47.787 [FXGL Launcher Thread     ] DEBUG FXGLAssetLoader      - Loading from disk: /assets/ui/cursors/fxgl_default.png
18:05:47.799 [FXGL Launcher Thread     ] DEBUG FXGLAssetLoader      - Loading from disk: /assets/sounds/core/notification.wav
18:05:47.865 [FXGL Launcher Thread     ] DEBUG FXGLAssetLoader      - Loading from disk: /assets/sounds/menu/select.wav
18:05:47.866 [FXGL Launcher Thread     ] DEBUG FXGLAssetLoader      - Loading from disk: /assets/sounds/menu/back.wav
18:05:47.868 [FXGL Launcher Thread     ] DEBUG FXGLAssetLoader      - Loading from disk: /assets/sounds/menu/press.wav
18:05:47.870 [FXGL Launcher Thread     ] DEBUG FXGLAssetLoader      - Loading from disk: /assets/ui/fonts/Copperplate_Gothic_Light_Regular.ttf
18:05:47.888 [FXGL Launcher Thread     ] DEBUG FXGLAssetLoader      - Loading from disk: /assets/ui/fonts/lucida_console.ttf
18:05:47.893 [FXGL Launcher Thread     ] DEBUG FXGLAssetLoader      - Loading from disk: /assets/ui/css/fxgl.css
18:05:47.893 [FXGL Launcher Thread     ] DEBUG FXGLAssetLoader      - Loading from disk: /assets/ui/icons/fxgl_icon.png
18:05:47.926 [FXGL Launcher Thread     ] DEBUG FXGLAssetLoader      - Loading from disk: /assets/ui/css/fxgl_dark.css
18:05:47.942 [FXGL Launcher Thread     ] DEBUG FXGLDisplay          - Target size: DoubleProperty [value: 800.0] x DoubleProperty [value: 600.0] @ 1.0
18:05:47.943 [FXGL Launcher Thread     ] DEBUG FXGLDisplay          - New size:    800.0 x 600.0 @ DoubleProperty [value: 1.0]
18:05:47.943 [FXGL Launcher Thread     ] DEBUG FXGLDisplay          - Service [Display] initialized
18:05:47.944 [FXGL Launcher Thread     ] DEBUG FXGLDisplay          - Using CSS: CSS(externalForm=jar:file:/Users/FelixWu/Downloads/fxgl-0.3.1-uber.jar!/assets/ui/css/fxgl_dark.css)
18:05:47.944 [FXGL Launcher Thread     ] DEBUG InitScenesTask       - Injecting loadingScene & gameScene
18:05:47.946 [FXGL Launcher Thread     ] DEBUG FXGLApplication      - Running task: InitEventHandlersTask
18:05:47.949 [FXGL Launcher Thread     ] DEBUG FXGLMasterTimer      - Service [MasterTimer] initialized
18:05:47.956 [FXGL Launcher Thread     ] DEBUG FXGLAudioPlayer      - Service [AudioPlayer] initialized
18:05:47.958 [FXGL Launcher Thread     ] DEBUG InitEventHandlersTask - scanForServiceListeners
18:05:47.959 [FXGL Launcher Thread     ] DEBUG InitEventHandlersTask - FXGLListener: interface com.almasb.fxgl.service.MasterTimer
18:05:47.959 [FXGL Launcher Thread     ] DEBUG InitEventHandlersTask - FXGLListener: interface com.almasb.fxgl.service.Input
18:05:47.959 [FXGL Launcher Thread     ] DEBUG InitEventHandlersTask - UserProfileSavable: interface com.almasb.fxgl.service.AudioPlayer
18:05:47.969 [FXGL Launcher Thread     ] DEBUG InitEventHandlersTask - UserProfileSavable: interface com.almasb.fxgl.service.MasterTimer
18:05:47.975 [FXGL Launcher Thread     ] DEBUG InitEventHandlersTask - UserProfileSavable: interface com.almasb.fxgl.service.Input
18:05:47.982 [FXGL Launcher Thread     ] DEBUG InitEventHandlersTask - UserProfileSavable: interface com.almasb.fxgl.service.Display
18:05:47.982 [FXGL Launcher Thread     ] DEBUG InitEventHandlersTask - UserProfileSavable: class com.almasb.fxgl.gameplay.AchievementManager
18:05:47.984 [FXGL Launcher Thread     ] DEBUG AchievementManager   - Service [AchievementManager] initialized
18:05:47.984 [FXGL Launcher Thread     ] DEBUG InitEventHandlersTask - UserProfileSavable: class com.almasb.fxgl.service.impl.quest.FXGLQuestServiceProvider
18:05:47.985 [FXGL Launcher Thread     ] DEBUG InitEventHandlersTask - NotificationListener: interface com.almasb.fxgl.service.AudioPlayer
18:05:47.986 [FXGL Launcher Thread     ] DEBUG InitEventHandlersTask - AchievementListener: interface com.almasb.fxgl.service.NotificationService
18:05:47.991 [FXGL Launcher Thread     ] DEBUG SlidingNotificationService - Service [NotificationService] initialized
18:05:47.997 [FXGL Launcher Thread     ] DEBUG FXGLApplication      - Running task: InitProfilerTask
18:05:48.000 [FXGL Launcher Thread     ] DEBUG FXGLApplication      - Starting new game
18:05:48.002 [FXGL Launcher Thread     ] DEBUG FXGLApplication      - Initializing App
18:05:48.002 [FXGL Launcher Thread     ] DEBUG FXGLApplication      - Pausing main loop
18:05:48.005 [FXGL Launcher Thread     ] DEBUG FXGLApplication      - State: STARTUP -> PAUSED
18:05:48.007 [FXGL Launcher Thread     ] DEBUG FXGLMasterTimer      - Stopping master timer
18:05:48.007 [FXGL Launcher Thread     ] DEBUG FXGLInput            - Clearing active input actions
18:05:48.008 [FXGL Launcher Thread     ] DEBUG FXGLEventBus         - Firing event: FXGLEvent[type=PAUSE]
18:05:48.009 [FXGL Launcher Thread     ] DEBUG FXGLApplication      - Resetting FXGL application
18:05:48.010 [FXGL Launcher Thread     ] DEBUG GameWorld            - Resetting game world
18:05:48.010 [FXGL Launcher Thread     ] DEBUG EntityWorld          - Resetting entity world
18:05:48.011 [FXGL Launcher Thread     ] DEBUG PhysicsWorld         - Resetting physics world
18:05:48.012 [FXGL Launcher Thread     ] DEBUG GameScene            - Resetting game scene
18:05:48.012 [FXGL Launcher Thread     ] DEBUG FXGLMasterTimer      - Resetting ticks and clearing all actions
18:05:48.012 [FXGL Launcher Thread     ] DEBUG FXGLInput            - Clearing active input actions
18:05:48.013 [FXGL Launcher Thread     ] DEBUG FXGLEventBus         - Firing event: FXGLEvent[type=RESET]
18:05:48.089 [FXGL Launcher Thread     ] DEBUG FXGLApplication      - State: PAUSED -> LOADING
18:05:48.126 [FXGL Background Thread 1 ] DEBUG InitAppTask          - Initializing Assets
18:05:48.127 [FXGL Background Thread 1 ] DEBUG InitAppTask          - Initializing Game
18:05:48.128 [FXGL Background Thread 1 ] DEBUG InitAppTask          - Injecting gameState
18:05:48.126 [FXGL Launcher Thread     ] INFO  FXGLApplication      - Game configuration took:  0.542 sec
18:05:48.203 [JavaFX Application Thread] DEBUG FXGLDisplay          - Showing stage
18:05:48.204 [JavaFX Application Thread] DEBUG FXGLDisplay          - Root size: 800.0x600.0
18:05:48.204 [JavaFX Application Thread] DEBUG FXGLDisplay          - Scene size: 800.0x600.0
18:05:48.204 [JavaFX Application Thread] DEBUG FXGLDisplay          - Stage size: 800.0x622.0
18:05:48.263 [FastClasspathScanner-worker-0] DEBUG InitAppTask          - @SetEntityFactory: class com.felixwu.td.TdFactory
18:05:48.284 [FXGL Background Thread 1 ] DEBUG InitAppTask          - Initializing Physics
18:05:48.284 [FXGL Background Thread 1 ] DEBUG InitAppTask          - Initializing UI
18:05:48.284 [FXGL Background Thread 1 ] DEBUG InitAppTask          - Initialization Complete
18:05:48.285 [FXGL Background Thread 1 ] INFO  InitAppTask          - Game initialization took: 0.158 sec
18:05:48.295 [JavaFX Application Thread] DEBUG FXGLApplication      - Resuming main loop
18:05:48.295 [JavaFX Application Thread] DEBUG FXGLApplication      - State: LOADING -> PLAYING
18:05:48.301 [JavaFX Application Thread] DEBUG FXGLMasterTimer      - Starting master timer
18:05:48.301 [JavaFX Application Thread] DEBUG FXGLInput            - Clearing active input actions
18:05:48.301 [JavaFX Application Thread] DEBUG FXGLEventBus         - Firing event: FXGLEvent[type=RESUME]
18:05:49.433 [JavaFX Application Thread] DEBUG GameScene            - Creating render group for layer: TOP(2147483647)
18:05:49.923 [JavaFX Application Thread] FATAL FXGLExceptionHandler - Uncaught Exception:
18:05:49.924 [JavaFX Application Thread] FATAL FXGLExceptionHandler - 

Exception occurred: java.lang.IllegalArgumentException : wrong number of arguments
E: sun.reflect.NativeMethodAccessorImpl.invoke0(Native Method)
E: sun.reflect.NativeMethodAccessorImpl.invoke(NativeMethodAccessorImpl.java:62)
E: sun.reflect.DelegatingMethodAccessorImpl.invoke(DelegatingMethodAccessorImpl.java:43)
E: java.lang.reflect.Method.invoke(Method.java:498)
E: com.almasb.fxgl.core.reflect.ReflectionUtils.lambda$null$1(ReflectionUtils.java:82)
E: com.sun.proxy.$Proxy29.spawn(Unknown Source)
E: com.almasb.fxgl.entity.GameWorld.spawn(GameWorld.java:242)
E: com.felixwu.td.Main.placeTower(Main.java:91)
E: com.felixwu.td.Main.access$000(Main.java:22)
E: com.felixwu.td.Main$1.onActionBegin(Main.java:52)
E: com.almasb.fxgl.input.UserAction.fireActionBegin(UserAction.java:96)
E: com.almasb.fxgl.service.impl.input.FXGLInput$initActionListener$1.onChanged(FXGLInput.kt:123)
E: com.sun.javafx.collections.ListListenerHelper$SingleChange.fireValueChangedEvent(ListListenerHelper.java:164)
E: com.sun.javafx.collections.ListListenerHelper.fireValueChangedEvent(ListListenerHelper.java:73)
E: javafx.collections.ObservableListBase.fireChange(ObservableListBase.java:233)
E: javafx.collections.ListChangeBuilder.commit(ListChangeBuilder.java:482)
E: javafx.collections.ListChangeBuilder.endChange(ListChangeBuilder.java:541)
E: javafx.collections.ObservableListBase.endChange(ObservableListBase.java:205)
E: javafx.collections.ModifiableObservableListBase.add(ModifiableObservableListBase.java:155)
E: java.util.AbstractList.add(AbstractList.java:108)
E: com.almasb.fxgl.service.impl.input.FXGLInput.handlePressed(FXGLInput.kt:183)
E: com.almasb.fxgl.service.impl.input.FXGLInput.onMouseEvent(FXGLInput.kt:156)
E: com.almasb.fxgl.app.InitEventHandlersTask$gameSceneEvents$1.handle(InitEventHandlersTask.kt:178)
E: com.almasb.fxgl.app.InitEventHandlersTask$gameSceneEvents$1.handle(InitEventHandlersTask.kt:52)
E: com.sun.javafx.event.CompositeEventHandler$NormalEventHandlerRecord.handleBubblingEvent(CompositeEventHandler.java:218)
E: com.sun.javafx.event.CompositeEventHandler.dispatchBubblingEvent(CompositeEventHandler.java:80)
E: com.sun.javafx.event.EventHandlerManager.dispatchBubblingEvent(EventHandlerManager.java:238)
E: com.sun.javafx.event.EventHandlerManager.dispatchBubblingEvent(EventHandlerManager.java:191)
E: com.sun.javafx.event.CompositeEventDispatcher.dispatchBubblingEvent(CompositeEventDispatcher.java:59)
E: com.sun.javafx.event.BasicEventDispatcher.dispatchEvent(BasicEventDispatcher.java:58)
E: com.sun.javafx.event.EventDispatchChainImpl.dispatchEvent(EventDispatchChainImpl.java:114)
E: com.sun.javafx.event.EventUtil.fireEventImpl(EventUtil.java:74)
E: com.sun.javafx.event.EventUtil.fireEvent(EventUtil.java:49)
E: javafx.event.Event.fireEvent(Event.java:198)
E: javafx.scene.Node.fireEvent(Node.java:8413)
E: com.almasb.fxgl.scene.FXGLScene.fireEvent(FXGLScene.java:150)
E: com.almasb.fxgl.service.impl.display.FXGLDisplay$fxToFXGLFilter$1.handle(FXGLDisplay.kt:107)
E: com.sun.javafx.event.CompositeEventHandler$NormalEventFilterRecord.handleCapturingEvent(CompositeEventHandler.java:282)
E: com.sun.javafx.event.CompositeEventHandler.dispatchCapturingEvent(CompositeEventHandler.java:98)
E: com.sun.javafx.event.EventHandlerManager.dispatchCapturingEvent(EventHandlerManager.java:223)
E: com.sun.javafx.event.EventHandlerManager.dispatchCapturingEvent(EventHandlerManager.java:180)
E: com.sun.javafx.event.CompositeEventDispatcher.dispatchCapturingEvent(CompositeEventDispatcher.java:43)
E: com.sun.javafx.event.BasicEventDispatcher.dispatchEvent(BasicEventDispatcher.java:52)
E: com.sun.javafx.event.EventDispatchChainImpl.dispatchEvent(EventDispatchChainImpl.java:114)
E: com.sun.javafx.event.BasicEventDispatcher.dispatchEvent(BasicEventDispatcher.java:56)
E: com.sun.javafx.event.EventDispatchChainImpl.dispatchEvent(EventDispatchChainImpl.java:114)
E: com.sun.javafx.event.EventUtil.fireEventImpl(EventUtil.java:74)
E: com.sun.javafx.event.EventUtil.fireEvent(EventUtil.java:54)
E: javafx.event.Event.fireEvent(Event.java:198)
E: javafx.scene.Scene$MouseHandler.process(Scene.java:3757)
E: javafx.scene.Scene$MouseHandler.access$1500(Scene.java:3485)
E: javafx.scene.Scene.impl_processMouseEvent(Scene.java:1762)
E: javafx.scene.Scene$ScenePeerListener.mouseEvent(Scene.java:2494)
E: com.sun.javafx.tk.quantum.GlassViewEventHandler$MouseEventNotification.run(GlassViewEventHandler.java:381)
E: com.sun.javafx.tk.quantum.GlassViewEventHandler$MouseEventNotification.run(GlassViewEventHandler.java:295)
E: java.security.AccessController.doPrivileged(Native Method)
E: com.sun.javafx.tk.quantum.GlassViewEventHandler.lambda$handleMouseEvent$354(GlassViewEventHandler.java:417)
E: com.sun.javafx.tk.quantum.QuantumToolkit.runWithoutRenderLock(QuantumToolkit.java:389)
E: com.sun.javafx.tk.quantum.GlassViewEventHandler.handleMouseEvent(GlassViewEventHandler.java:416)
E: com.sun.glass.ui.View.handleMouseEvent(View.java:555)
E: com.sun.glass.ui.View.notifyMouse(View.java:937)

18:05:49.925 [JavaFX Application Thread] FATAL FXGLExceptionHandler - Application will now exit
18:05:49.925 [JavaFX Application Thread] DEBUG FXGLApplication      - Pausing main loop
18:05:49.925 [JavaFX Application Thread] DEBUG FXGLApplication      - State: PLAYING -> PAUSED
18:05:49.925 [JavaFX Application Thread] DEBUG FXGLMasterTimer      - Stopping master timer
18:05:49.925 [JavaFX Application Thread] DEBUG FXGLInput            - Clearing active input actions
18:05:49.925 [JavaFX Application Thread] DEBUG FXGLEventBus         - Firing event: FXGLEvent[type=PAUSE]
18:06:23.920 [JavaFX Application Thread] DEBUG FXGLApplication      - Exiting FXGL application
18:06:23.922 [JavaFX Application Thread] DEBUG FXGLEventBus         - Firing event: FXGLEvent[type=EXIT]
18:06:23.922 [JavaFX Application Thread] DEBUG FXGL                 - Saving FXGL system data
18:06:23.924 [JavaFX Application Thread] DEBUG IOTask               - Executing task: writeDataTask(system/fxgl.bundle)
18:06:23.925 [JavaFX Application Thread] DEBUG FS                   - Writing to: system/fxgl.bundle
18:06:23.928 [JavaFX Application Thread] DEBUG IOTask               - Task succeeded: writeDataTask(system/fxgl.bundle)
18:06:23.928 [JavaFX Application Thread] DEBUG FXGLApplication      - Closing FXGL logger and exiting JavaFX
