01:04:31.711 [ForkJoinPool.commonPool-worker-1] DEBUG FXGLLogger           - Logging System Info
01:04:31.713 [ForkJoinPool.commonPool-worker-1] DEBUG FXGLLogger           - CPU cores: 4
01:04:31.715 [ForkJoinPool.commonPool-worker-1] DEBUG FXGLLogger           - Free Memory: 67MB
01:04:31.716 [ForkJoinPool.commonPool-worker-1] DEBUG FXGLLogger           - Max Memory: 1821MB
01:04:31.717 [ForkJoinPool.commonPool-worker-1] DEBUG FXGLLogger           - Total Memory: 89MB
01:04:31.717 [ForkJoinPool.commonPool-worker-1] DEBUG FXGLLogger           - System Properties:
01:04:31.717 [ForkJoinPool.commonPool-worker-1] DEBUG FXGLLogger           - java.specification.version=1.8
01:04:31.717 [ForkJoinPool.commonPool-worker-1] DEBUG FXGLLogger           - FXGL.fxgl.version=0.3.1
01:04:31.718 [ForkJoinPool.commonPool-worker-1] DEBUG FXGLLogger           - file.encoding=UTF-8
01:04:31.718 [ForkJoinPool.commonPool-worker-1] DEBUG FXGLLogger           - FXGL.fs.savefile.ext=.sav
01:04:31.718 [ForkJoinPool.commonPool-worker-1] DEBUG FXGLLogger           - javafx.version=8.0.121
01:04:31.718 [ForkJoinPool.commonPool-worker-1] DEBUG FXGLLogger           - FXGL.url.googleforms=https://goo.gl/forms/6wrMnOBxTE1fEpOy2
01:04:31.718 [ForkJoinPool.commonPool-worker-1] DEBUG FXGLLogger           - FXGL.url.github=https://github.com/AlmasB/FXGL
01:04:31.718 [ForkJoinPool.commonPool-worker-1] DEBUG FXGLLogger           - FXGL.dev.showbbox=false
01:04:31.718 [ForkJoinPool.commonPool-worker-1] DEBUG FXGLLogger           - java.vm.name=Java HotSpot(TM) 64-Bit Server VM
01:04:31.718 [ForkJoinPool.commonPool-worker-1] DEBUG FXGLLogger           - line.separator=

01:04:31.718 [ForkJoinPool.commonPool-worker-1] DEBUG FXGLLogger           - FXGL.fs.profiledir=profiles/
01:04:31.718 [ForkJoinPool.commonPool-worker-1] DEBUG FXGLLogger           - user.dir=/Users/FelixWu/IdeaProjects/TowerDefence
01:04:31.718 [ForkJoinPool.commonPool-worker-1] DEBUG FXGLLogger           - java.ext.dirs=/Users/FelixWu/Library/Java/Extensions:/Library/Java/JavaVirtualMachines/jdk1.8.0_121.jdk/Contents/Home/jre/lib/ext:/Library/Java/Extensions:/Network/Library/Java/Extensions:/System/Library/Java/Extensions:/usr/lib/java
01:04:31.718 [ForkJoinPool.commonPool-worker-1] DEBUG FXGLLogger           - FXGL.version.check.days=7
01:04:31.718 [ForkJoinPool.commonPool-worker-1] DEBUG FXGLLogger           - os.arch=x86_64
01:04:31.718 [ForkJoinPool.commonPool-worker-1] DEBUG FXGLLogger           - java.awt.graphicsenv=sun.awt.CGraphicsEnvironment
01:04:31.718 [ForkJoinPool.commonPool-worker-1] DEBUG FXGLLogger           - FXGL.physics.ppm=50.0
01:04:31.718 [ForkJoinPool.commonPool-worker-1] DEBUG FXGLLogger           - java.vendor.url.bug=http://bugreport.sun.com/bugreport/
01:04:31.719 [ForkJoinPool.commonPool-worker-1] DEBUG FXGLLogger           - FXGL.url.pom=https://raw.githubusercontent.com/AlmasB/FXGL/master/pom.xml
01:04:31.719 [ForkJoinPool.commonPool-worker-1] DEBUG FXGLLogger           - java.io.tmpdir=/var/folders/8r/yhtjxhq56vzdzcyr91zp1r_00000gn/T/
01:04:31.719 [ForkJoinPool.commonPool-worker-1] DEBUG FXGLLogger           - sun.cpu.endian=little
01:04:31.719 [ForkJoinPool.commonPool-worker-1] DEBUG FXGLLogger           - sun.os.patch.level=unknown
01:04:31.719 [ForkJoinPool.commonPool-worker-1] DEBUG FXGLLogger           - java.vm.specification.version=1.8
01:04:31.719 [ForkJoinPool.commonPool-worker-1] DEBUG FXGLLogger           - FXGL.url.surveymonkey=https://www.surveymonkey.co.uk/r/BH6LLPM
01:04:31.719 [ForkJoinPool.commonPool-worker-1] DEBUG FXGLLogger           - java.vm.specification.name=Java Virtual Machine Specification
01:04:31.719 [ForkJoinPool.commonPool-worker-1] DEBUG FXGLLogger           - FXGL.ui.icon.name=fxgl_icon.png
01:04:31.719 [ForkJoinPool.commonPool-worker-1] DEBUG FXGLLogger           - idea.launcher.port=7540
01:04:31.719 [ForkJoinPool.commonPool-worker-1] DEBUG FXGLLogger           - sun.java.command=com.intellij.rt.execution.application.AppMain com.felixwu.td.Main
01:04:31.719 [ForkJoinPool.commonPool-worker-1] DEBUG FXGLLogger           - java.class.path=/Library/Java/JavaVirtualMachines/jdk1.8.0_121.jdk/Contents/Home/jre/lib/charsets.jar:/Library/Java/JavaVirtualMachines/jdk1.8.0_121.jdk/Contents/Home/jre/lib/deploy.jar:/Library/Java/JavaVirtualMachines/jdk1.8.0_121.jdk/Contents/Home/jre/lib/ext/cldrdata.jar:/Library/Java/JavaVirtualMachines/jdk1.8.0_121.jdk/Contents/Home/jre/lib/ext/dnsns.jar:/Library/Java/JavaVirtualMachines/jdk1.8.0_121.jdk/Contents/Home/jre/lib/ext/jaccess.jar:/Library/Java/JavaVirtualMachines/jdk1.8.0_121.jdk/Contents/Home/jre/lib/ext/jfxrt.jar:/Library/Java/JavaVirtualMachines/jdk1.8.0_121.jdk/Contents/Home/jre/lib/ext/localedata.jar:/Library/Java/JavaVirtualMachines/jdk1.8.0_121.jdk/Contents/Home/jre/lib/ext/nashorn.jar:/Library/Java/JavaVirtualMachines/jdk1.8.0_121.jdk/Contents/Home/jre/lib/ext/sunec.jar:/Library/Java/JavaVirtualMachines/jdk1.8.0_121.jdk/Contents/Home/jre/lib/ext/sunjce_provider.jar:/Library/Java/JavaVirtualMachines/jdk1.8.0_121.jdk/Contents/Home/jre/lib/ext/sunpkcs11.jar:/Library/Java/JavaVirtualMachines/jdk1.8.0_121.jdk/Contents/Home/jre/lib/ext/zipfs.jar:/Library/Java/JavaVirtualMachines/jdk1.8.0_121.jdk/Contents/Home/jre/lib/javaws.jar:/Library/Java/JavaVirtualMachines/jdk1.8.0_121.jdk/Contents/Home/jre/lib/jce.jar:/Library/Java/JavaVirtualMachines/jdk1.8.0_121.jdk/Contents/Home/jre/lib/jfr.jar:/Library/Java/JavaVirtualMachines/jdk1.8.0_121.jdk/Contents/Home/jre/lib/jfxswt.jar:/Library/Java/JavaVirtualMachines/jdk1.8.0_121.jdk/Contents/Home/jre/lib/jsse.jar:/Library/Java/JavaVirtualMachines/jdk1.8.0_121.jdk/Contents/Home/jre/lib/management-agent.jar:/Library/Java/JavaVirtualMachines/jdk1.8.0_121.jdk/Contents/Home/jre/lib/plugin.jar:/Library/Java/JavaVirtualMachines/jdk1.8.0_121.jdk/Contents/Home/jre/lib/resources.jar:/Library/Java/JavaVirtualMachines/jdk1.8.0_121.jdk/Contents/Home/jre/lib/rt.jar:/Library/Java/JavaVirtualMachines/jdk1.8.0_121.jdk/Contents/Home/lib/ant-javafx.jar:/Library/Java/JavaVirtualMachines/jdk1.8.0_121.jdk/Contents/Home/lib/dt.jar:/Library/Java/JavaVirtualMachines/jdk1.8.0_121.jdk/Contents/Home/lib/javafx-mx.jar:/Library/Java/JavaVirtualMachines/jdk1.8.0_121.jdk/Contents/Home/lib/jconsole.jar:/Library/Java/JavaVirtualMachines/jdk1.8.0_121.jdk/Contents/Home/lib/packager.jar:/Library/Java/JavaVirtualMachines/jdk1.8.0_121.jdk/Contents/Home/lib/sa-jdi.jar:/Library/Java/JavaVirtualMachines/jdk1.8.0_121.jdk/Contents/Home/lib/tools.jar:/Users/FelixWu/IdeaProjects/TowerDefence/out/production/TowerDefence:/Users/FelixWu/Downloads/fxgl-0.3.1-uber.jar:/Applications/IntelliJ IDEA CE.app/Contents/lib/idea_rt.jar
01:04:31.719 [ForkJoinPool.commonPool-worker-1] DEBUG FXGLLogger           - java.runtime.name=Java(TM) SE Runtime Environment
01:04:31.719 [ForkJoinPool.commonPool-worker-1] DEBUG FXGLLogger           - FXGL.ui.font=Copperplate_Gothic_Light_Regular.ttf
01:04:31.720 [ForkJoinPool.commonPool-worker-1] DEBUG FXGLLogger           - java.vm.vendor=Oracle Corporation
01:04:31.720 [ForkJoinPool.commonPool-worker-1] DEBUG FXGLLogger           - gopherProxySet=false
01:04:31.720 [ForkJoinPool.commonPool-worker-1] DEBUG FXGLLogger           - java.library.path=/Users/FelixWu/Library/Java/Extensions:/Library/Java/Extensions:/Network/Library/Java/Extensions:/System/Library/Java/Extensions:/usr/lib/java:.
01:04:31.720 [ForkJoinPool.commonPool-worker-1] DEBUG FXGLLogger           - java.vendor.url=http://java.oracle.com/
01:04:31.720 [ForkJoinPool.commonPool-worker-1] DEBUG FXGLLogger           - FXGL.sound.menu.back=menu/back.wav
01:04:31.720 [ForkJoinPool.commonPool-worker-1] DEBUG FXGLLogger           - FXGL.ui.mono.font=lucida_console.ttf
01:04:31.720 [ForkJoinPool.commonPool-worker-1] DEBUG FXGLLogger           - java.specification.vendor=Oracle Corporation
01:04:31.720 [ForkJoinPool.commonPool-worker-1] DEBUG FXGLLogger           - user.home=/Users/FelixWu
01:04:31.720 [ForkJoinPool.commonPool-worker-1] DEBUG FXGLLogger           - ftp.nonProxyHosts=local|*.local|169.254/16|*.169.254/16
01:04:31.720 [ForkJoinPool.commonPool-worker-1] DEBUG FXGLLogger           - socksNonProxyHosts=local|*.local|169.254/16|*.169.254/16
01:04:31.720 [ForkJoinPool.commonPool-worker-1] DEBUG FXGLLogger           - awt.toolkit=sun.lwawt.macosx.LWCToolkit
01:04:31.720 [ForkJoinPool.commonPool-worker-1] DEBUG FXGLLogger           - sun.io.unicode.encoding=UnicodeBig
01:04:31.720 [ForkJoinPool.commonPool-worker-1] DEBUG FXGLLogger           - java.awt.printerjob=sun.lwawt.macosx.CPrinterJob
01:04:31.720 [ForkJoinPool.commonPool-worker-1] DEBUG FXGLLogger           - FXGL.asset.cache.size=35
01:04:31.721 [ForkJoinPool.commonPool-worker-1] DEBUG FXGLLogger           - FXGL.fs.profilename=user.profile
01:04:31.721 [ForkJoinPool.commonPool-worker-1] DEBUG FXGLLogger           - FXGL.fs.savedir=saves/
01:04:31.721 [ForkJoinPool.commonPool-worker-1] DEBUG FXGLLogger           - java.vm.version=25.121-b13
01:04:31.721 [ForkJoinPool.commonPool-worker-1] DEBUG FXGLLogger           - path.separator=:
01:04:31.721 [ForkJoinPool.commonPool-worker-1] DEBUG FXGLLogger           - os.version=10.11.6
01:04:31.721 [ForkJoinPool.commonPool-worker-1] DEBUG FXGLLogger           - java.vm.info=mixed mode
01:04:31.721 [ForkJoinPool.commonPool-worker-1] DEBUG FXGLLogger           - java.home=/Library/Java/JavaVirtualMachines/jdk1.8.0_121.jdk/Contents/Home/jre
01:04:31.721 [ForkJoinPool.commonPool-worker-1] DEBUG FXGLLogger           - user.country=US
01:04:31.721 [ForkJoinPool.commonPool-worker-1] DEBUG FXGLLogger           - java.class.version=52.0
01:04:31.721 [ForkJoinPool.commonPool-worker-1] DEBUG FXGLLogger           - file.separator=/
01:04:31.721 [ForkJoinPool.commonPool-worker-1] DEBUG FXGLLogger           - java.specification.name=Java Platform API Specification
01:04:31.722 [ForkJoinPool.commonPool-worker-1] DEBUG FXGLLogger           - FXGL.fs.datafile.ext=.dat
01:04:31.722 [ForkJoinPool.commonPool-worker-1] DEBUG FXGLLogger           - sun.cpu.isalist=
01:04:31.722 [ForkJoinPool.commonPool-worker-1] DEBUG FXGLLogger           - sun.jnu.encoding=UTF-8
01:04:31.722 [ForkJoinPool.commonPool-worker-1] DEBUG FXGLLogger           - file.encoding.pkg=sun.io
01:04:31.722 [ForkJoinPool.commonPool-worker-1] DEBUG FXGLLogger           - http.nonProxyHosts=local|*.local|169.254/16|*.169.254/16
01:04:31.722 [ForkJoinPool.commonPool-worker-1] DEBUG FXGLLogger           - java.endorsed.dirs=/Library/Java/JavaVirtualMachines/jdk1.8.0_121.jdk/Contents/Home/jre/lib/endorsed
01:04:31.722 [ForkJoinPool.commonPool-worker-1] DEBUG FXGLLogger           - sun.arch.data.model=64
01:04:31.722 [ForkJoinPool.commonPool-worker-1] DEBUG FXGLLogger           - user.timezone=Europe/London
01:04:31.722 [ForkJoinPool.commonPool-worker-1] DEBUG FXGLLogger           - java.version=1.8.0_121
01:04:31.722 [ForkJoinPool.commonPool-worker-1] DEBUG FXGLLogger           - sun.boot.library.path=/Library/Java/JavaVirtualMachines/jdk1.8.0_121.jdk/Contents/Home/jre/lib
01:04:31.722 [ForkJoinPool.commonPool-worker-1] DEBUG FXGLLogger           - user.language=en
01:04:31.722 [ForkJoinPool.commonPool-worker-1] DEBUG FXGLLogger           - idea.launcher.bin.path=/Applications/IntelliJ IDEA CE.app/Contents/bin
01:04:31.722 [ForkJoinPool.commonPool-worker-1] DEBUG FXGLLogger           - javafx.runtime.version=8.0.121-b13
01:04:31.722 [ForkJoinPool.commonPool-worker-1] DEBUG FXGLLogger           - FXGL.sound.menu.select=menu/select.wav
01:04:31.722 [ForkJoinPool.commonPool-worker-1] DEBUG FXGLLogger           - FXGL.sound.menu.press=menu/press.wav
01:04:31.723 [ForkJoinPool.commonPool-worker-1] DEBUG FXGLLogger           - FXGL.sound.notification=core/notification.wav
01:04:31.723 [ForkJoinPool.commonPool-worker-1] DEBUG FXGLLogger           - user.name=FelixWu
01:04:31.723 [ForkJoinPool.commonPool-worker-1] DEBUG FXGLLogger           - FXGL.pooling.initialSize=128
01:04:31.723 [ForkJoinPool.commonPool-worker-1] DEBUG FXGLLogger           - java.runtime.version=1.8.0_121-b13
01:04:31.723 [ForkJoinPool.commonPool-worker-1] DEBUG FXGLLogger           - java.vm.specification.vendor=Oracle Corporation
01:04:31.723 [ForkJoinPool.commonPool-worker-1] DEBUG FXGLLogger           - user.country.format=HK
01:04:31.723 [ForkJoinPool.commonPool-worker-1] DEBUG FXGLLogger           - sun.boot.class.path=/Library/Java/JavaVirtualMachines/jdk1.8.0_121.jdk/Contents/Home/jre/lib/resources.jar:/Library/Java/JavaVirtualMachines/jdk1.8.0_121.jdk/Contents/Home/jre/lib/rt.jar:/Library/Java/JavaVirtualMachines/jdk1.8.0_121.jdk/Contents/Home/jre/lib/sunrsasign.jar:/Library/Java/JavaVirtualMachines/jdk1.8.0_121.jdk/Contents/Home/jre/lib/jsse.jar:/Library/Java/JavaVirtualMachines/jdk1.8.0_121.jdk/Contents/Home/jre/lib/jce.jar:/Library/Java/JavaVirtualMachines/jdk1.8.0_121.jdk/Contents/Home/jre/lib/charsets.jar:/Library/Java/JavaVirtualMachines/jdk1.8.0_121.jdk/Contents/Home/jre/lib/jfr.jar:/Library/Java/JavaVirtualMachines/jdk1.8.0_121.jdk/Contents/Home/jre/classes
01:04:31.723 [ForkJoinPool.commonPool-worker-1] DEBUG FXGLLogger           - os.name=Mac OS X
01:04:31.723 [ForkJoinPool.commonPool-worker-1] DEBUG FXGLLogger           - FXGL.ui.css=fxgl.css
01:04:31.724 [ForkJoinPool.commonPool-worker-1] DEBUG FXGLLogger           - sun.management.compiler=HotSpot 64-Bit Tiered Compilers
01:04:31.724 [ForkJoinPool.commonPool-worker-1] DEBUG FXGLLogger           - FXGL.url.storage=https://raw.githubusercontent.com/AlmasB/git-server/master/storage/
01:04:31.724 [ForkJoinPool.commonPool-worker-1] DEBUG FXGLLogger           - sun.java.launcher=SUN_STANDARD
01:04:31.724 [ForkJoinPool.commonPool-worker-1] DEBUG FXGLLogger           - java.vendor=Oracle Corporation
01:04:31.728 [FXGL Launcher Thread     ] DEBUG FXGLLoggerFactory    - Service [LoggerFactory] initialized
01:04:31.729 [FXGL Launcher Thread     ] DEBUG FXGL                 - FXGL logger initialized
01:04:31.729 [FXGL Launcher Thread     ] DEBUG FXGL                 - Loading FXGL system data
01:04:31.735 [FXGL Launcher Thread     ] DEBUG IOTask               - Executing task: readDataTask(system/fxgl.bundle)
01:04:31.745 [FXGL Launcher Thread     ] DEBUG FS                   - Reading from: system/fxgl.bundle
01:04:31.762 [FXGL Launcher Thread     ] DEBUG IOTask               - Task succeeded: readDataTask(system/fxgl.bundle)
01:04:31.762 [FXGL Launcher Thread     ] DEBUG Bundle               - Logging bundle: FXGL
01:04:31.763 [FXGL Launcher Thread     ] DEBUG Bundle               - FXGL.offline.timer.version.check=2017-04-27T12:29:57.078
01:04:31.764 [FXGL Launcher Thread     ] DEBUG FXGLApplication      - FXGL configuration complete
01:04:31.764 [FXGL Launcher Thread     ] INFO  FXGLApplication      - FXGL configuration took:  1.743 sec
01:04:31.768 [FXGL Launcher Thread     ] DEBUG FXGLApplication      - Logging game settings
Title: TowerDefense
Version: 1.0
Width: 400
Height: 280
Fullscreen: false
Intro: false
Menus: true
Profiling: false
App Mode: DEVELOPER
Menu Style: FXGL_DEFAULT
Menu Key: ESCAPE
Services: []
01:04:31.771 [JavaFX Application Thread] DEBUG FXGLApplication      - Running task: UpdaterTask
01:04:31.802 [FXGL Launcher Thread     ] DEBUG FXGLApplication      - Configuring GameApplication
01:04:31.803 [FXGL Launcher Thread     ] DEBUG FXGLApplication      - Running task: PreInitTask
01:04:31.809 [FXGL Launcher Thread     ] DEBUG FXGLExceptionHandler - Service [ExceptionHandler] initialized
01:04:31.810 [FXGL Launcher Thread     ] DEBUG FXGLEventBus         - Service [EventBus] initialized
01:04:31.817 [FXGL Launcher Thread     ] DEBUG FXGLExecutor         - Service [Executor] initialized
01:04:31.817 [FXGL Launcher Thread     ] DEBUG PreInitTask          - Injecting gameWorld & physicsWorld
01:04:31.829 [FXGL Launcher Thread     ] DEBUG GameWorld            - Game world initialized
01:04:31.896 [FXGL Launcher Thread     ] DEBUG FXGLPooler           - Service [Pooler] initialized with default size = 128
01:04:31.896 [FXGL Launcher Thread     ] DEBUG PhysicsWorld         - Physics world initialized: appHeight=280, physics.ppm=50.0
01:04:31.899 [FXGL Launcher Thread     ] DEBUG FXGLInput            - Service [Input] initialized
01:04:31.921 [FXGL Launcher Thread     ] DEBUG FXGLInput            - Registered new binding: Screenshot - P
01:04:31.921 [FXGL Launcher Thread     ] DEBUG FXGLInput            - Registered new binding: Dev Options - CTRL+0
01:04:31.922 [FXGL Launcher Thread     ] DEBUG FXGLInput            - Registered new binding: Place Tower A - PRIMARY
01:04:31.924 [FXGL Launcher Thread     ] DEBUG FXGLApplication      - Running task: InitScenesTask
01:04:31.929 [FXGL Launcher Thread     ] DEBUG FXGLAssetLoader      - Service [AssetLoader] initialized: cacheSize=35
01:04:31.930 [FXGL Launcher Thread     ] DEBUG FXGLAssetLoader      - Loading from disk: /assets/ui/cursors/fxgl_default.png
01:04:32.037 [FXGL Launcher Thread     ] DEBUG GameScene            - Game scene initialized: 400x280
01:04:32.038 [FXGL Launcher Thread     ] DEBUG FXGLAssetLoader      - Loading from disk: /assets/ui/cursors/fxgl_default.png
01:04:32.048 [FXGL Launcher Thread     ] DEBUG FXGLAssetLoader      - Loading from disk: /assets/sounds/core/notification.wav
01:04:32.119 [FXGL Launcher Thread     ] DEBUG FXGLAssetLoader      - Loading from disk: /assets/sounds/menu/select.wav
01:04:32.122 [FXGL Launcher Thread     ] DEBUG FXGLAssetLoader      - Loading from disk: /assets/sounds/menu/back.wav
01:04:32.124 [FXGL Launcher Thread     ] DEBUG FXGLAssetLoader      - Loading from disk: /assets/sounds/menu/press.wav
01:04:32.126 [FXGL Launcher Thread     ] DEBUG FXGLAssetLoader      - Loading from disk: /assets/ui/fonts/Copperplate_Gothic_Light_Regular.ttf
01:04:32.139 [FXGL Launcher Thread     ] DEBUG FXGLAssetLoader      - Loading from disk: /assets/ui/fonts/lucida_console.ttf
01:04:32.142 [FXGL Launcher Thread     ] DEBUG FXGLAssetLoader      - Loading from disk: /assets/ui/css/fxgl.css
01:04:32.143 [FXGL Launcher Thread     ] DEBUG FXGLAssetLoader      - Loading from disk: /assets/ui/icons/fxgl_icon.png
01:04:32.171 [FXGL Launcher Thread     ] DEBUG FXGLAssetLoader      - Loading from disk: /assets/ui/cursors/fxgl_default.png
01:04:32.179 [FXGL Launcher Thread     ] DEBUG Menu                 - createMenuBodyMainMenu()
01:04:32.193 [FXGL Launcher Thread     ] DEBUG Menu                 - createOptionsMenu()
01:04:32.204 [FXGL Launcher Thread     ] DEBUG FXGLAssetLoader      - Loading from disk: /assets/ui/cursors/fxgl_default.png
01:04:32.207 [FXGL Launcher Thread     ] DEBUG Menu                 - createMenuBodyGameMenu()
01:04:32.208 [FXGL Launcher Thread     ] DEBUG Menu                 - createOptionsMenu()
01:04:32.219 [FXGL Launcher Thread     ] DEBUG FXGLAssetLoader      - Loading from disk: /assets/ui/css/fxgl_dark.css
01:04:32.229 [FXGL Launcher Thread     ] DEBUG FXGLDisplay          - Target size: DoubleProperty [value: 400.0] x DoubleProperty [value: 280.0] @ 1.0
01:04:32.229 [FXGL Launcher Thread     ] DEBUG FXGLDisplay          - New size:    400.0 x 280.0 @ DoubleProperty [value: 1.0]
01:04:32.230 [FXGL Launcher Thread     ] DEBUG FXGLDisplay          - Service [Display] initialized
01:04:32.230 [FXGL Launcher Thread     ] DEBUG FXGLDisplay          - Using CSS: CSS(externalForm=jar:file:/Users/FelixWu/Downloads/fxgl-0.3.1-uber.jar!/assets/ui/css/fxgl_dark.css)
01:04:32.230 [FXGL Launcher Thread     ] DEBUG InitScenesTask       - Injecting mainMenuScene & gameMenuScene
01:04:32.230 [FXGL Launcher Thread     ] DEBUG InitScenesTask       - Injecting loadingScene & gameScene
01:04:32.231 [FXGL Launcher Thread     ] DEBUG FXGLApplication      - Running task: InitEventHandlersTask
01:04:32.236 [FXGL Launcher Thread     ] DEBUG FXGLMasterTimer      - Service [MasterTimer] initialized
01:04:32.238 [FXGL Launcher Thread     ] DEBUG FXGLAudioPlayer      - Service [AudioPlayer] initialized
01:04:32.240 [FXGL Launcher Thread     ] DEBUG InitEventHandlersTask - scanForServiceListeners
01:04:32.240 [FXGL Launcher Thread     ] DEBUG InitEventHandlersTask - FXGLListener: interface com.almasb.fxgl.service.MasterTimer
01:04:32.240 [FXGL Launcher Thread     ] DEBUG InitEventHandlersTask - FXGLListener: interface com.almasb.fxgl.service.Input
01:04:32.241 [FXGL Launcher Thread     ] DEBUG InitEventHandlersTask - UserProfileSavable: interface com.almasb.fxgl.service.AudioPlayer
01:04:32.242 [FXGL Launcher Thread     ] DEBUG InitEventHandlersTask - UserProfileSavable: interface com.almasb.fxgl.service.MasterTimer
01:04:32.242 [FXGL Launcher Thread     ] DEBUG InitEventHandlersTask - UserProfileSavable: interface com.almasb.fxgl.service.Input
01:04:32.242 [FXGL Launcher Thread     ] DEBUG InitEventHandlersTask - UserProfileSavable: interface com.almasb.fxgl.service.Display
01:04:32.242 [FXGL Launcher Thread     ] DEBUG InitEventHandlersTask - UserProfileSavable: class com.almasb.fxgl.gameplay.AchievementManager
01:04:32.243 [FXGL Launcher Thread     ] DEBUG AchievementManager   - Service [AchievementManager] initialized
01:04:32.243 [FXGL Launcher Thread     ] DEBUG InitEventHandlersTask - UserProfileSavable: class com.almasb.fxgl.service.impl.quest.FXGLQuestServiceProvider
01:04:32.243 [FXGL Launcher Thread     ] DEBUG InitEventHandlersTask - NotificationListener: interface com.almasb.fxgl.service.AudioPlayer
01:04:32.244 [FXGL Launcher Thread     ] DEBUG InitEventHandlersTask - AchievementListener: interface com.almasb.fxgl.service.NotificationService
01:04:32.246 [FXGL Launcher Thread     ] DEBUG SlidingNotificationService - Service [NotificationService] initialized
01:04:32.252 [FXGL Launcher Thread     ] DEBUG MenuEventHandler     - generateDefaultProfile()
01:04:32.252 [FXGL Launcher Thread     ] DEBUG MenuEventHandler     - Creating default profile
01:04:32.252 [FXGL Launcher Thread     ] DEBUG FXGLEventBus         - Firing event: SaveEvent
01:04:32.253 [FXGL Launcher Thread     ] DEBUG FXGLAudioPlayer      - Saving data to profile
01:04:32.253 [FXGL Launcher Thread     ] DEBUG Bundle               - Logging bundle: audio
01:04:32.253 [FXGL Launcher Thread     ] DEBUG Bundle               - audio.musicVolume=0.5
01:04:32.253 [FXGL Launcher Thread     ] DEBUG Bundle               - audio.soundVolume=0.5
01:04:32.253 [FXGL Launcher Thread     ] DEBUG FXGLMasterTimer      - Saving data to profile
01:04:32.253 [FXGL Launcher Thread     ] DEBUG Bundle               - Logging bundle: timer
01:04:32.253 [FXGL Launcher Thread     ] DEBUG Bundle               - timer.playtime=0
01:04:32.253 [FXGL Launcher Thread     ] DEBUG FXGLInput            - Saving data to profile
01:04:32.253 [FXGL Launcher Thread     ] DEBUG Bundle               - Logging bundle: input
01:04:32.253 [FXGL Launcher Thread     ] DEBUG Bundle               - input.Place Tower A=PRIMARY
01:04:32.253 [FXGL Launcher Thread     ] DEBUG Bundle               - input.Screenshot=P
01:04:32.253 [FXGL Launcher Thread     ] DEBUG Bundle               - input.Dev Options=CTRL+0
01:04:32.254 [FXGL Launcher Thread     ] DEBUG FXGLDisplay          - Saving data to profile
01:04:32.254 [FXGL Launcher Thread     ] DEBUG Bundle               - Logging bundle: scene
01:04:32.254 [FXGL Launcher Thread     ] DEBUG Bundle               - scene.sizeW=400.0
01:04:32.254 [FXGL Launcher Thread     ] DEBUG Bundle               - scene.sizeH=280.0
01:04:32.254 [FXGL Launcher Thread     ] DEBUG AchievementManager   - Saving data to profile
01:04:32.254 [FXGL Launcher Thread     ] DEBUG Bundle               - Logging bundle: achievement
01:04:32.254 [FXGL Launcher Thread     ] DEBUG FXGLApplication      - Running task: InitProfilerTask
01:04:32.258 [FXGL Launcher Thread     ] DEBUG FXGLApplication      - State: STARTUP -> MAIN_MENU
01:04:32.329 [FXGL Launcher Thread     ] DEBUG SaveLoadManager      - Checking profiles dir: profiles/
01:04:32.329 [FXGL Launcher Thread     ] DEBUG SaveLoadManager      - Creating non-existent profiles dir
01:04:32.334 [FXGL Launcher Thread     ] DEBUG SaveLoadManager      - Loading profile names
01:04:32.335 [FXGL Launcher Thread     ] DEBUG IOTask               - Showing dialog
01:04:32.347 [FXGL Launcher Thread     ] DEBUG FXGLEventBus         - Firing event: DisplayEvent[type=DIALOG_OPENED]
01:04:32.349 [FXGL Launcher Thread     ] DEBUG FXGLInput            - Clearing active input actions
01:04:32.353 [FXGL Launcher Thread     ] INFO  FXGLApplication      - Game configuration took:  0.550 sec
01:04:32.353 [FXGL Background Thread 1 ] DEBUG IOTask               - Executing task: loadDirectoryNamesTask(./profiles/, false)
01:04:32.493 [JavaFX Application Thread] DEBUG FXGLDisplay          - Showing stage
01:04:32.493 [JavaFX Application Thread] DEBUG FXGLDisplay          - Root size: 400.0x280.0
01:04:32.493 [JavaFX Application Thread] DEBUG FXGLDisplay          - Scene size: 400.0x280.0
01:04:32.493 [JavaFX Application Thread] DEBUG FXGLDisplay          - Stage size: 400.0x302.0
01:04:32.546 [JavaFX Application Thread] DEBUG IOTask               - succeed(): Dismissing dialog
01:04:32.547 [JavaFX Application Thread] DEBUG FXGLEventBus         - Firing event: DisplayEvent[type=DIALOG_CLOSED]
01:04:32.547 [JavaFX Application Thread] DEBUG IOTask               - Task succeeded: loadDirectoryNamesTask(./profiles/, false)
01:04:32.552 [JavaFX Application Thread] DEBUG FXGLEventBus         - Firing event: DisplayEvent[type=DIALOG_OPENED]
01:04:32.552 [JavaFX Application Thread] DEBUG FXGLInput            - Clearing active input actions
01:04:39.418 [JavaFX Application Thread] DEBUG FXGLEventBus         - Firing event: DisplayEvent[type=DIALOG_CLOSED]
01:04:39.435 [JavaFX Application Thread] DEBUG FXGLEventBus         - Firing event: DisplayEvent[type=DIALOG_OPENED]
01:04:39.435 [JavaFX Application Thread] DEBUG FXGLInput            - Clearing active input actions
01:04:42.428 [JavaFX Application Thread] DEBUG FXGLEventBus         - Firing event: DisplayEvent[type=DIALOG_CLOSED]
01:04:42.429 [JavaFX Application Thread] DEBUG FXGLEventBus         - Firing event: ProfileSelectedEvent[name=h,hasSaves=false]
01:04:42.429 [JavaFX Application Thread] DEBUG MenuEventHandler     - Creating default profile
01:04:42.429 [JavaFX Application Thread] DEBUG FXGLEventBus         - Firing event: SaveEvent
01:04:42.430 [JavaFX Application Thread] DEBUG FXGLAudioPlayer      - Saving data to profile
01:04:42.430 [JavaFX Application Thread] DEBUG Bundle               - Logging bundle: audio
01:04:42.430 [JavaFX Application Thread] DEBUG Bundle               - audio.musicVolume=0.5
01:04:42.430 [JavaFX Application Thread] DEBUG Bundle               - audio.soundVolume=0.5
01:04:42.430 [JavaFX Application Thread] DEBUG FXGLMasterTimer      - Saving data to profile
01:04:42.430 [JavaFX Application Thread] DEBUG Bundle               - Logging bundle: timer
01:04:42.430 [JavaFX Application Thread] DEBUG Bundle               - timer.playtime=0
01:04:42.430 [JavaFX Application Thread] DEBUG FXGLInput            - Saving data to profile
01:04:42.430 [JavaFX Application Thread] DEBUG Bundle               - Logging bundle: input
01:04:42.430 [JavaFX Application Thread] DEBUG Bundle               - input.Place Tower A=PRIMARY
01:04:42.430 [JavaFX Application Thread] DEBUG Bundle               - input.Screenshot=P
01:04:42.430 [JavaFX Application Thread] DEBUG Bundle               - input.Dev Options=CTRL+0
01:04:42.430 [JavaFX Application Thread] DEBUG FXGLDisplay          - Saving data to profile
01:04:42.430 [JavaFX Application Thread] DEBUG Bundle               - Logging bundle: scene
01:04:42.430 [JavaFX Application Thread] DEBUG Bundle               - scene.sizeW=400.0
01:04:42.430 [JavaFX Application Thread] DEBUG Bundle               - scene.sizeH=280.0
01:04:42.430 [JavaFX Application Thread] DEBUG AchievementManager   - Saving data to profile
01:04:42.430 [JavaFX Application Thread] DEBUG Bundle               - Logging bundle: achievement
01:04:42.431 [JavaFX Application Thread] DEBUG SaveLoadManager      - Saving profile: h
01:04:42.434 [JavaFX Application Thread] DEBUG IOTask               - Executing task: writeDataTask(./profiles/h/user.profile)
01:04:42.434 [JavaFX Application Thread] DEBUG IOTask               - Executing task: writeDataTask(./profiles/h/user.profile)
01:04:42.434 [JavaFX Application Thread] DEBUG FS                   - Creating directories to: ./profiles/h
01:04:42.435 [JavaFX Application Thread] DEBUG FS                   - Writing to: ./profiles/h/user.profile
01:04:42.440 [JavaFX Application Thread] DEBUG IOTask               - Executing task: checkSavesDir(./profiles/h/saves/)
01:04:42.441 [JavaFX Application Thread] DEBUG SaveLoadManager      - Creating non-existent saves dir
01:04:42.441 [JavaFX Application Thread] DEBUG IOTask               - Task succeeded: writeDataTask(./profiles/h/user.profile)
01:04:47.727 [JavaFX Application Thread] DEBUG Menu                 - fireNewGame()
01:04:47.727 [JavaFX Application Thread] DEBUG FXGLApplication      - Starting new game
01:04:47.728 [JavaFX Application Thread] DEBUG FXGLApplication      - Initializing App
01:04:47.728 [JavaFX Application Thread] DEBUG FXGLApplication      - Pausing main loop
01:04:47.730 [JavaFX Application Thread] DEBUG FXGLApplication      - State: MAIN_MENU -> PAUSED
01:04:47.730 [JavaFX Application Thread] DEBUG FXGLMasterTimer      - Stopping master timer
01:04:47.730 [JavaFX Application Thread] DEBUG FXGLInput            - Clearing active input actions
01:04:47.730 [JavaFX Application Thread] DEBUG FXGLEventBus         - Firing event: FXGLEvent[type=PAUSE]
01:04:47.730 [JavaFX Application Thread] DEBUG FXGLApplication      - Resetting FXGL application
01:04:47.731 [JavaFX Application Thread] DEBUG GameWorld            - Resetting game world
01:04:47.731 [JavaFX Application Thread] DEBUG EntityWorld          - Resetting entity world
01:04:47.732 [JavaFX Application Thread] DEBUG PhysicsWorld         - Resetting physics world
01:04:47.732 [JavaFX Application Thread] DEBUG GameScene            - Resetting game scene
01:04:47.732 [JavaFX Application Thread] DEBUG FXGLMasterTimer      - Resetting ticks and clearing all actions
01:04:47.732 [JavaFX Application Thread] DEBUG FXGLInput            - Clearing active input actions
01:04:47.732 [JavaFX Application Thread] DEBUG FXGLEventBus         - Firing event: FXGLEvent[type=RESET]
01:04:47.807 [JavaFX Application Thread] DEBUG FXGLApplication      - State: PAUSED -> LOADING
01:04:47.815 [JavaFX Application Thread] DEBUG FXGLEventBus         - Firing event: MenuEvent[type=NEW_GAME]
01:04:47.816 [FXGL Background Thread 1 ] DEBUG InitAppTask          - Initializing Assets
01:04:47.817 [FXGL Background Thread 1 ] DEBUG InitAppTask          - Initializing Game
01:04:47.817 [FXGL Background Thread 1 ] DEBUG InitAppTask          - Injecting gameState
01:04:47.948 [FastClasspathScanner-worker-0] DEBUG InitAppTask          - @SetEntityFactory: class com.felixwu.td.TdFactory
01:04:47.971 [FXGL Background Thread 1 ] DEBUG FXGLAssetLoader      - Loading from disk: /assets/text/level1.txt
01:04:47.996 [FXGL Background Thread 1 ] DEBUG FXGLAssetLoader      - Loading from disk: /assets/textures/backgroundG.png
01:04:48.004 [FXGL Background Thread 1 ] DEBUG FXGLAssetLoader      - Loading from cache: /assets/textures/backgroundG.png
01:04:48.005 [FXGL Background Thread 1 ] DEBUG FXGLAssetLoader      - Loading from cache: /assets/textures/backgroundG.png
01:04:48.007 [FXGL Background Thread 1 ] DEBUG FXGLAssetLoader      - Loading from cache: /assets/textures/backgroundG.png
01:04:48.008 [FXGL Background Thread 1 ] DEBUG FXGLAssetLoader      - Loading from cache: /assets/textures/backgroundG.png
01:04:48.008 [FXGL Background Thread 1 ] DEBUG FXGLAssetLoader      - Loading from cache: /assets/textures/backgroundG.png
01:04:48.009 [FXGL Background Thread 1 ] DEBUG FXGLAssetLoader      - Loading from cache: /assets/textures/backgroundG.png
01:04:48.010 [FXGL Background Thread 1 ] DEBUG FXGLAssetLoader      - Loading from cache: /assets/textures/backgroundG.png
01:04:48.011 [FXGL Background Thread 1 ] DEBUG FXGLAssetLoader      - Loading from cache: /assets/textures/backgroundG.png
01:04:48.012 [FXGL Background Thread 1 ] DEBUG FXGLAssetLoader      - Loading from cache: /assets/textures/backgroundG.png
01:04:48.013 [FXGL Background Thread 1 ] DEBUG FXGLAssetLoader      - Loading from disk: /assets/textures/backgroundP.png
01:04:48.015 [FXGL Background Thread 1 ] DEBUG FXGLAssetLoader      - Loading from cache: /assets/textures/backgroundP.png
01:04:48.016 [FXGL Background Thread 1 ] DEBUG FXGLAssetLoader      - Loading from cache: /assets/textures/backgroundP.png
01:04:48.019 [FXGL Background Thread 1 ] DEBUG FXGLAssetLoader      - Loading from cache: /assets/textures/backgroundP.png
01:04:48.021 [FXGL Background Thread 1 ] DEBUG FXGLAssetLoader      - Loading from cache: /assets/textures/backgroundP.png
01:04:48.022 [FXGL Background Thread 1 ] DEBUG FXGLAssetLoader      - Loading from cache: /assets/textures/backgroundP.png
01:04:48.024 [FXGL Background Thread 1 ] DEBUG FXGLAssetLoader      - Loading from cache: /assets/textures/backgroundP.png
01:04:48.025 [FXGL Background Thread 1 ] DEBUG FXGLAssetLoader      - Loading from cache: /assets/textures/backgroundP.png
01:04:48.025 [FXGL Background Thread 1 ] DEBUG FXGLAssetLoader      - Loading from cache: /assets/textures/backgroundP.png
01:04:48.026 [FXGL Background Thread 1 ] DEBUG FXGLAssetLoader      - Loading from cache: /assets/textures/backgroundG.png
01:04:48.027 [FXGL Background Thread 1 ] DEBUG FXGLAssetLoader      - Loading from cache: /assets/textures/backgroundG.png
01:04:48.028 [FXGL Background Thread 1 ] DEBUG FXGLAssetLoader      - Loading from cache: /assets/textures/backgroundG.png
01:04:48.029 [FXGL Background Thread 1 ] DEBUG FXGLAssetLoader      - Loading from cache: /assets/textures/backgroundG.png
01:04:48.029 [FXGL Background Thread 1 ] DEBUG FXGLAssetLoader      - Loading from cache: /assets/textures/backgroundG.png
01:04:48.030 [FXGL Background Thread 1 ] DEBUG FXGLAssetLoader      - Loading from cache: /assets/textures/backgroundG.png
01:04:48.031 [FXGL Background Thread 1 ] DEBUG FXGLAssetLoader      - Loading from cache: /assets/textures/backgroundG.png
01:04:48.031 [FXGL Background Thread 1 ] DEBUG FXGLAssetLoader      - Loading from cache: /assets/textures/backgroundG.png
01:04:48.032 [FXGL Background Thread 1 ] DEBUG FXGLAssetLoader      - Loading from cache: /assets/textures/backgroundG.png
01:04:48.032 [FXGL Background Thread 1 ] DEBUG FXGLAssetLoader      - Loading from cache: /assets/textures/backgroundP.png
01:04:48.033 [FXGL Background Thread 1 ] DEBUG FXGLAssetLoader      - Loading from cache: /assets/textures/backgroundG.png
01:04:48.034 [FXGL Background Thread 1 ] DEBUG FXGLAssetLoader      - Loading from cache: /assets/textures/backgroundG.png
01:04:48.035 [FXGL Background Thread 1 ] DEBUG FXGLAssetLoader      - Loading from cache: /assets/textures/backgroundP.png
01:04:48.036 [FXGL Background Thread 1 ] DEBUG FXGLAssetLoader      - Loading from cache: /assets/textures/backgroundP.png
01:04:48.036 [FXGL Background Thread 1 ] DEBUG FXGLAssetLoader      - Loading from cache: /assets/textures/backgroundP.png
01:04:48.037 [FXGL Background Thread 1 ] DEBUG FXGLAssetLoader      - Loading from cache: /assets/textures/backgroundP.png
01:04:48.038 [FXGL Background Thread 1 ] DEBUG FXGLAssetLoader      - Loading from cache: /assets/textures/backgroundP.png
01:04:48.039 [FXGL Background Thread 1 ] DEBUG FXGLAssetLoader      - Loading from cache: /assets/textures/backgroundP.png
01:04:48.040 [FXGL Background Thread 1 ] DEBUG FXGLAssetLoader      - Loading from cache: /assets/textures/backgroundP.png
01:04:48.041 [FXGL Background Thread 1 ] DEBUG FXGLAssetLoader      - Loading from cache: /assets/textures/backgroundP.png
01:04:48.041 [FXGL Background Thread 1 ] DEBUG FXGLAssetLoader      - Loading from cache: /assets/textures/backgroundG.png
01:04:48.042 [FXGL Background Thread 1 ] DEBUG FXGLAssetLoader      - Loading from cache: /assets/textures/backgroundG.png
01:04:48.043 [FXGL Background Thread 1 ] DEBUG FXGLAssetLoader      - Loading from cache: /assets/textures/backgroundP.png
01:04:48.044 [FXGL Background Thread 1 ] DEBUG FXGLAssetLoader      - Loading from cache: /assets/textures/backgroundG.png
01:04:48.044 [FXGL Background Thread 1 ] DEBUG FXGLAssetLoader      - Loading from cache: /assets/textures/backgroundG.png
01:04:48.045 [FXGL Background Thread 1 ] DEBUG FXGLAssetLoader      - Loading from cache: /assets/textures/backgroundG.png
01:04:48.046 [FXGL Background Thread 1 ] DEBUG FXGLAssetLoader      - Loading from cache: /assets/textures/backgroundG.png
01:04:48.046 [FXGL Background Thread 1 ] DEBUG FXGLAssetLoader      - Loading from cache: /assets/textures/backgroundG.png
01:04:48.047 [FXGL Background Thread 1 ] DEBUG FXGLAssetLoader      - Loading from cache: /assets/textures/backgroundG.png
01:04:48.048 [FXGL Background Thread 1 ] DEBUG FXGLAssetLoader      - Loading from cache: /assets/textures/backgroundG.png
01:04:48.048 [FXGL Background Thread 1 ] DEBUG FXGLAssetLoader      - Loading from cache: /assets/textures/backgroundG.png
01:04:48.049 [FXGL Background Thread 1 ] DEBUG FXGLAssetLoader      - Loading from cache: /assets/textures/backgroundG.png
01:04:48.050 [FXGL Background Thread 1 ] DEBUG FXGLAssetLoader      - Loading from cache: /assets/textures/backgroundP.png
01:04:48.051 [FXGL Background Thread 1 ] DEBUG FXGLAssetLoader      - Loading from cache: /assets/textures/backgroundP.png
01:04:48.051 [FXGL Background Thread 1 ] DEBUG FXGLAssetLoader      - Loading from cache: /assets/textures/backgroundP.png
01:04:48.052 [FXGL Background Thread 1 ] DEBUG FXGLAssetLoader      - Loading from cache: /assets/textures/backgroundP.png
01:04:48.053 [FXGL Background Thread 1 ] DEBUG FXGLAssetLoader      - Loading from cache: /assets/textures/backgroundP.png
01:04:48.054 [FXGL Background Thread 1 ] DEBUG FXGLAssetLoader      - Loading from cache: /assets/textures/backgroundP.png
01:04:48.054 [FXGL Background Thread 1 ] DEBUG FXGLAssetLoader      - Loading from cache: /assets/textures/backgroundP.png
01:04:48.055 [FXGL Background Thread 1 ] DEBUG FXGLAssetLoader      - Loading from cache: /assets/textures/backgroundP.png
01:04:48.055 [FXGL Background Thread 1 ] DEBUG FXGLAssetLoader      - Loading from disk: /assets/textures/home.jpg
01:04:48.075 [FXGL Background Thread 1 ] DEBUG FXGLAssetLoader      - Loading from cache: /assets/textures/backgroundG.png
01:04:48.076 [FXGL Background Thread 1 ] DEBUG FXGLAssetLoader      - Loading from cache: /assets/textures/backgroundG.png
01:04:48.076 [FXGL Background Thread 1 ] DEBUG FXGLAssetLoader      - Loading from cache: /assets/textures/backgroundG.png
01:04:48.077 [FXGL Background Thread 1 ] DEBUG FXGLAssetLoader      - Loading from cache: /assets/textures/backgroundG.png
01:04:48.078 [FXGL Background Thread 1 ] DEBUG FXGLAssetLoader      - Loading from cache: /assets/textures/backgroundG.png
01:04:48.079 [FXGL Background Thread 1 ] DEBUG FXGLAssetLoader      - Loading from cache: /assets/textures/backgroundG.png
01:04:48.080 [FXGL Background Thread 1 ] DEBUG FXGLAssetLoader      - Loading from cache: /assets/textures/backgroundG.png
01:04:48.080 [FXGL Background Thread 1 ] DEBUG FXGLAssetLoader      - Loading from cache: /assets/textures/backgroundG.png
01:04:48.081 [FXGL Background Thread 1 ] DEBUG FXGLAssetLoader      - Loading from cache: /assets/textures/backgroundG.png
01:04:48.082 [FXGL Background Thread 1 ] DEBUG FXGLAssetLoader      - Loading from cache: /assets/textures/backgroundG.png
01:04:48.082 [FXGL Background Thread 1 ] DEBUG GameWorld            - Resetting game world
01:04:48.082 [FXGL Background Thread 1 ] DEBUG EntityWorld          - Resetting entity world
01:04:48.082 [FXGL Background Thread 1 ] DEBUG PhysicsWorld         - Resetting physics world
01:04:48.082 [FXGL Background Thread 1 ] DEBUG GameScene            - Resetting game scene
01:04:48.082 [FXGL Background Thread 1 ] DEBUG GameWorld            - Setting level: com.almasb.fxgl.gameplay.Level@7877e70
01:04:48.089 [FXGL Background Thread 1 ] DEBUG GameScene            - Creating render group for layer: TOP(2147483647)
01:04:48.113 [FXGL Background Thread 1 ] DEBUG InitAppTask          - Initializing Physics
01:04:48.114 [FXGL Background Thread 1 ] DEBUG InitAppTask          - Initializing UI
01:04:48.114 [FXGL Background Thread 1 ] DEBUG InitAppTask          - Initialization Complete
01:04:48.114 [FXGL Background Thread 1 ] INFO  InitAppTask          - Game initialization took: 0.298 sec
01:04:48.115 [JavaFX Application Thread] DEBUG FXGLApplication      - Resuming main loop
01:04:48.116 [JavaFX Application Thread] DEBUG FXGLApplication      - State: LOADING -> PLAYING
01:04:48.124 [JavaFX Application Thread] DEBUG FXGLMasterTimer      - Starting master timer
01:04:48.124 [JavaFX Application Thread] DEBUG FXGLInput            - Clearing active input actions
01:04:48.124 [JavaFX Application Thread] DEBUG FXGLEventBus         - Firing event: FXGLEvent[type=RESUME]
01:04:49.193 [JavaFX Application Thread] DEBUG FXGLAssetLoader      - Loading from disk: /assets/textures/ufo.png
01:04:49.924 [JavaFX Application Thread] DEBUG FXGLAssetLoader      - Loading from disk: /assets/textures/tower1.png
01:04:49.931 [JavaFX Application Thread] DEBUG FXGLAssetLoader      - Loading from disk: /assets/textures/bullet.png
01:04:50.211 [JavaFX Application Thread] DEBUG FXGLAssetLoader      - Loading from cache: /assets/textures/ufo.png
01:04:50.445 [JavaFX Application Thread] DEBUG FXGLAssetLoader      - Loading from cache: /assets/textures/bullet.png
01:04:50.964 [JavaFX Application Thread] DEBUG FXGLAssetLoader      - Loading from cache: /assets/textures/bullet.png
01:04:51.231 [JavaFX Application Thread] DEBUG FXGLAssetLoader      - Loading from cache: /assets/textures/ufo.png
01:04:51.480 [JavaFX Application Thread] DEBUG FXGLAssetLoader      - Loading from cache: /assets/textures/bullet.png
01:04:51.997 [JavaFX Application Thread] DEBUG FXGLAssetLoader      - Loading from cache: /assets/textures/bullet.png
01:04:52.248 [JavaFX Application Thread] DEBUG FXGLAssetLoader      - Loading from cache: /assets/textures/ufo.png
01:04:52.514 [JavaFX Application Thread] DEBUG FXGLAssetLoader      - Loading from cache: /assets/textures/bullet.png
01:04:52.606 [JavaFX Application Thread] DEBUG FXGLAssetLoader      - Loading from cache: /assets/textures/tower1.png
01:04:52.615 [JavaFX Application Thread] DEBUG FXGLAssetLoader      - Loading from cache: /assets/textures/bullet.png
01:04:52.632 [JavaFX Application Thread] DEBUG FXGLEventBus         - Firing event: com.felixwu.td.event.EnemyKilled[source=javafx.event.Event$$Lambda$73/2027947499@a1ee6b2]
01:04:53.031 [JavaFX Application Thread] DEBUG FXGLAssetLoader      - Loading from cache: /assets/textures/bullet.png
01:04:53.132 [JavaFX Application Thread] DEBUG FXGLAssetLoader      - Loading from cache: /assets/textures/bullet.png
01:04:53.265 [JavaFX Application Thread] DEBUG FXGLAssetLoader      - Loading from cache: /assets/textures/ufo.png
01:04:53.549 [JavaFX Application Thread] DEBUG FXGLAssetLoader      - Loading from cache: /assets/textures/bullet.png
01:04:53.649 [JavaFX Application Thread] DEBUG FXGLAssetLoader      - Loading from cache: /assets/textures/bullet.png
01:04:53.666 [JavaFX Application Thread] DEBUG FXGLEventBus         - Firing event: com.felixwu.td.event.EnemyKilled[source=javafx.event.Event$$Lambda$73/2027947499@a1ee6b2]
01:04:54.066 [JavaFX Application Thread] DEBUG FXGLAssetLoader      - Loading from cache: /assets/textures/bullet.png
01:04:54.166 [JavaFX Application Thread] DEBUG FXGLAssetLoader      - Loading from cache: /assets/textures/bullet.png
01:04:54.282 [JavaFX Application Thread] DEBUG FXGLAssetLoader      - Loading from cache: /assets/textures/ufo.png
01:04:54.582 [JavaFX Application Thread] DEBUG FXGLAssetLoader      - Loading from cache: /assets/textures/bullet.png
01:04:54.683 [JavaFX Application Thread] DEBUG FXGLAssetLoader      - Loading from cache: /assets/textures/bullet.png
01:04:54.700 [JavaFX Application Thread] DEBUG FXGLEventBus         - Firing event: com.felixwu.td.event.EnemyKilled[source=javafx.event.Event$$Lambda$73/2027947499@a1ee6b2]
01:04:55.100 [JavaFX Application Thread] DEBUG FXGLAssetLoader      - Loading from cache: /assets/textures/bullet.png
01:04:55.199 [JavaFX Application Thread] DEBUG FXGLAssetLoader      - Loading from cache: /assets/textures/bullet.png
01:04:55.300 [JavaFX Application Thread] DEBUG FXGLAssetLoader      - Loading from cache: /assets/textures/ufo.png
01:04:55.617 [JavaFX Application Thread] DEBUG FXGLAssetLoader      - Loading from cache: /assets/textures/bullet.png
01:04:55.716 [JavaFX Application Thread] DEBUG FXGLAssetLoader      - Loading from cache: /assets/textures/bullet.png
01:04:56.134 [JavaFX Application Thread] DEBUG FXGLAssetLoader      - Loading from cache: /assets/textures/bullet.png
01:04:56.233 [JavaFX Application Thread] DEBUG FXGLAssetLoader      - Loading from cache: /assets/textures/bullet.png
01:04:56.234 [JavaFX Application Thread] DEBUG FXGLEventBus         - Firing event: com.felixwu.td.event.EnemyKilled[source=javafx.event.Event$$Lambda$73/2027947499@a1ee6b2]
01:04:56.317 [JavaFX Application Thread] DEBUG FXGLAssetLoader      - Loading from cache: /assets/textures/ufo.png
01:04:56.651 [JavaFX Application Thread] DEBUG FXGLAssetLoader      - Loading from cache: /assets/textures/bullet.png
01:04:56.750 [JavaFX Application Thread] DEBUG FXGLAssetLoader      - Loading from cache: /assets/textures/bullet.png
01:04:57.100 [JavaFX Application Thread] DEBUG FXGLEventBus         - Firing event: com.felixwu.td.event.EnemyKilled[source=javafx.event.Event$$Lambda$73/2027947499@a1ee6b2]
01:04:57.167 [JavaFX Application Thread] DEBUG FXGLAssetLoader      - Loading from cache: /assets/textures/bullet.png
01:04:57.268 [JavaFX Application Thread] DEBUG FXGLAssetLoader      - Loading from cache: /assets/textures/bullet.png
01:04:57.334 [JavaFX Application Thread] DEBUG FXGLAssetLoader      - Loading from cache: /assets/textures/ufo.png
01:04:57.684 [JavaFX Application Thread] DEBUG FXGLAssetLoader      - Loading from cache: /assets/textures/bullet.png
01:04:57.785 [JavaFX Application Thread] DEBUG FXGLAssetLoader      - Loading from cache: /assets/textures/bullet.png
01:04:58.201 [JavaFX Application Thread] DEBUG FXGLAssetLoader      - Loading from cache: /assets/textures/bullet.png
01:04:58.285 [JavaFX Application Thread] DEBUG FXGLEventBus         - Firing event: com.felixwu.td.event.EnemyKilled[source=javafx.event.Event$$Lambda$73/2027947499@a1ee6b2]
01:04:58.302 [JavaFX Application Thread] DEBUG FXGLAssetLoader      - Loading from cache: /assets/textures/bullet.png
01:04:58.351 [JavaFX Application Thread] DEBUG FXGLAssetLoader      - Loading from cache: /assets/textures/ufo.png
01:04:58.719 [JavaFX Application Thread] DEBUG FXGLAssetLoader      - Loading from cache: /assets/textures/bullet.png
01:04:58.819 [JavaFX Application Thread] DEBUG FXGLAssetLoader      - Loading from cache: /assets/textures/bullet.png
01:04:59.235 [JavaFX Application Thread] DEBUG FXGLAssetLoader      - Loading from cache: /assets/textures/bullet.png
01:04:59.319 [JavaFX Application Thread] DEBUG FXGLEventBus         - Firing event: com.felixwu.td.event.EnemyKilled[source=javafx.event.Event$$Lambda$73/2027947499@a1ee6b2]
01:04:59.334 [JavaFX Application Thread] DEBUG FXGLAssetLoader      - Loading from cache: /assets/textures/bullet.png
01:04:59.752 [JavaFX Application Thread] DEBUG FXGLAssetLoader      - Loading from cache: /assets/textures/bullet.png
01:04:59.852 [JavaFX Application Thread] DEBUG FXGLAssetLoader      - Loading from cache: /assets/textures/bullet.png
01:05:00.069 [JavaFX Application Thread] DEBUG FXGLEventBus         - Firing event: com.felixwu.td.event.EnemyKilled[source=javafx.event.Event$$Lambda$73/2027947499@a1ee6b2]
01:05:09.199 [JavaFX Application Thread] DEBUG FXGLEventBus         - Firing event: DisplayEvent[type=CLOSE_REQUEST]
01:05:09.201 [JavaFX Application Thread] DEBUG FXGLApplication      - Exiting FXGL application
01:05:09.201 [JavaFX Application Thread] DEBUG FXGLEventBus         - Firing event: FXGLEvent[type=EXIT]
01:05:09.201 [JavaFX Application Thread] DEBUG MenuEventHandler     - Creating default profile
01:05:09.201 [JavaFX Application Thread] DEBUG FXGLEventBus         - Firing event: SaveEvent
01:05:09.201 [JavaFX Application Thread] DEBUG FXGLAudioPlayer      - Saving data to profile
01:05:09.201 [JavaFX Application Thread] DEBUG Bundle               - Logging bundle: audio
01:05:09.201 [JavaFX Application Thread] DEBUG Bundle               - audio.musicVolume=0.5
01:05:09.201 [JavaFX Application Thread] DEBUG Bundle               - audio.soundVolume=0.5
01:05:09.201 [JavaFX Application Thread] DEBUG FXGLMasterTimer      - Saving data to profile
01:05:09.202 [JavaFX Application Thread] DEBUG Bundle               - Logging bundle: timer
01:05:09.202 [JavaFX Application Thread] DEBUG Bundle               - timer.playtime=20684702750
01:05:09.202 [JavaFX Application Thread] DEBUG FXGLInput            - Saving data to profile
01:05:09.202 [JavaFX Application Thread] DEBUG Bundle               - Logging bundle: input
01:05:09.202 [JavaFX Application Thread] DEBUG Bundle               - input.Place Tower A=PRIMARY
01:05:09.202 [JavaFX Application Thread] DEBUG Bundle               - input.Screenshot=P
01:05:09.202 [JavaFX Application Thread] DEBUG Bundle               - input.Dev Options=CTRL+0
01:05:09.202 [JavaFX Application Thread] DEBUG FXGLDisplay          - Saving data to profile
01:05:09.202 [JavaFX Application Thread] DEBUG Bundle               - Logging bundle: scene
01:05:09.202 [JavaFX Application Thread] DEBUG Bundle               - scene.sizeW=400.0
01:05:09.202 [JavaFX Application Thread] DEBUG Bundle               - scene.sizeH=280.0
01:05:09.202 [JavaFX Application Thread] DEBUG AchievementManager   - Saving data to profile
01:05:09.202 [JavaFX Application Thread] DEBUG Bundle               - Logging bundle: achievement
01:05:09.202 [JavaFX Application Thread] DEBUG SaveLoadManager      - Saving profile: h
01:05:09.202 [JavaFX Application Thread] DEBUG IOTask               - Executing task: writeDataTask(./profiles/h/user.profile)
01:05:09.202 [JavaFX Application Thread] DEBUG IOTask               - Executing task: writeDataTask(./profiles/h/user.profile)
01:05:09.202 [JavaFX Application Thread] DEBUG FS                   - Writing to: ./profiles/h/user.profile
01:05:09.204 [JavaFX Application Thread] DEBUG IOTask               - Executing task: checkSavesDir(./profiles/h/saves/)
01:05:09.204 [JavaFX Application Thread] DEBUG IOTask               - Task succeeded: writeDataTask(./profiles/h/user.profile)
01:05:09.204 [JavaFX Application Thread] DEBUG FXGL                 - Saving FXGL system data
01:05:09.205 [JavaFX Application Thread] DEBUG IOTask               - Executing task: writeDataTask(system/fxgl.bundle)
01:05:09.205 [JavaFX Application Thread] DEBUG FS                   - Writing to: system/fxgl.bundle
01:05:09.208 [JavaFX Application Thread] DEBUG IOTask               - Task succeeded: writeDataTask(system/fxgl.bundle)
01:05:09.208 [JavaFX Application Thread] DEBUG FXGLApplication      - Closing FXGL logger and exiting JavaFX
