01:06:07.338 [ForkJoinPool.commonPool-worker-1] DEBUG FXGLLogger           - Logging System Info
01:06:07.341 [ForkJoinPool.commonPool-worker-1] DEBUG FXGLLogger           - CPU cores: 4
01:06:07.342 [ForkJoinPool.commonPool-worker-1] DEBUG FXGLLogger           - Free Memory: 97MB
01:06:07.342 [ForkJoinPool.commonPool-worker-1] DEBUG FXGLLogger           - Max Memory: 1821MB
01:06:07.342 [ForkJoinPool.commonPool-worker-1] DEBUG FXGLLogger           - Total Memory: 120MB
01:06:07.343 [ForkJoinPool.commonPool-worker-1] DEBUG FXGLLogger           - System Properties:
01:06:07.343 [ForkJoinPool.commonPool-worker-1] DEBUG FXGLLogger           - java.specification.version=1.8
01:06:07.344 [ForkJoinPool.commonPool-worker-1] DEBUG FXGLLogger           - FXGL.fxgl.version=0.3.1
01:06:07.344 [ForkJoinPool.commonPool-worker-1] DEBUG FXGLLogger           - file.encoding=UTF-8
01:06:07.344 [ForkJoinPool.commonPool-worker-1] DEBUG FXGLLogger           - FXGL.fs.savefile.ext=.sav
01:06:07.344 [ForkJoinPool.commonPool-worker-1] DEBUG FXGLLogger           - javafx.version=8.0.121
01:06:07.344 [ForkJoinPool.commonPool-worker-1] DEBUG FXGLLogger           - FXGL.url.googleforms=https://goo.gl/forms/6wrMnOBxTE1fEpOy2
01:06:07.344 [ForkJoinPool.commonPool-worker-1] DEBUG FXGLLogger           - FXGL.url.github=https://github.com/AlmasB/FXGL
01:06:07.344 [ForkJoinPool.commonPool-worker-1] DEBUG FXGLLogger           - FXGL.dev.showbbox=false
01:06:07.344 [ForkJoinPool.commonPool-worker-1] DEBUG FXGLLogger           - java.vm.name=Java HotSpot(TM) 64-Bit Server VM
01:06:07.344 [ForkJoinPool.commonPool-worker-1] DEBUG FXGLLogger           - line.separator=

01:06:07.344 [ForkJoinPool.commonPool-worker-1] DEBUG FXGLLogger           - FXGL.fs.profiledir=profiles/
01:06:07.344 [ForkJoinPool.commonPool-worker-1] DEBUG FXGLLogger           - user.dir=/Users/FelixWu/IdeaProjects/TowerDefence
01:06:07.344 [ForkJoinPool.commonPool-worker-1] DEBUG FXGLLogger           - java.ext.dirs=/Users/FelixWu/Library/Java/Extensions:/Library/Java/JavaVirtualMachines/jdk1.8.0_121.jdk/Contents/Home/jre/lib/ext:/Library/Java/Extensions:/Network/Library/Java/Extensions:/System/Library/Java/Extensions:/usr/lib/java
01:06:07.345 [ForkJoinPool.commonPool-worker-1] DEBUG FXGLLogger           - FXGL.version.check.days=7
01:06:07.345 [ForkJoinPool.commonPool-worker-1] DEBUG FXGLLogger           - os.arch=x86_64
01:06:07.345 [ForkJoinPool.commonPool-worker-1] DEBUG FXGLLogger           - java.awt.graphicsenv=sun.awt.CGraphicsEnvironment
01:06:07.345 [ForkJoinPool.commonPool-worker-1] DEBUG FXGLLogger           - FXGL.physics.ppm=50.0
01:06:07.345 [ForkJoinPool.commonPool-worker-1] DEBUG FXGLLogger           - java.vendor.url.bug=http://bugreport.sun.com/bugreport/
01:06:07.345 [ForkJoinPool.commonPool-worker-1] DEBUG FXGLLogger           - FXGL.url.pom=https://raw.githubusercontent.com/AlmasB/FXGL/master/pom.xml
01:06:07.346 [ForkJoinPool.commonPool-worker-1] DEBUG FXGLLogger           - java.io.tmpdir=/var/folders/8r/yhtjxhq56vzdzcyr91zp1r_00000gn/T/
01:06:07.346 [ForkJoinPool.commonPool-worker-1] DEBUG FXGLLogger           - sun.cpu.endian=little
01:06:07.346 [ForkJoinPool.commonPool-worker-1] DEBUG FXGLLogger           - sun.os.patch.level=unknown
01:06:07.347 [ForkJoinPool.commonPool-worker-1] DEBUG FXGLLogger           - java.vm.specification.version=1.8
01:06:07.347 [ForkJoinPool.commonPool-worker-1] DEBUG FXGLLogger           - FXGL.url.surveymonkey=https://www.surveymonkey.co.uk/r/BH6LLPM
01:06:07.351 [ForkJoinPool.commonPool-worker-1] DEBUG FXGLLogger           - java.vm.specification.name=Java Virtual Machine Specification
01:06:07.351 [ForkJoinPool.commonPool-worker-1] DEBUG FXGLLogger           - FXGL.ui.icon.name=fxgl_icon.png
01:06:07.351 [ForkJoinPool.commonPool-worker-1] DEBUG FXGLLogger           - idea.launcher.port=7543
01:06:07.351 [ForkJoinPool.commonPool-worker-1] DEBUG FXGLLogger           - sun.java.command=com.intellij.rt.execution.application.AppMain com.felixwu.td.Main
01:06:07.351 [ForkJoinPool.commonPool-worker-1] DEBUG FXGLLogger           - java.class.path=/Library/Java/JavaVirtualMachines/jdk1.8.0_121.jdk/Contents/Home/jre/lib/charsets.jar:/Library/Java/JavaVirtualMachines/jdk1.8.0_121.jdk/Contents/Home/jre/lib/deploy.jar:/Library/Java/JavaVirtualMachines/jdk1.8.0_121.jdk/Contents/Home/jre/lib/ext/cldrdata.jar:/Library/Java/JavaVirtualMachines/jdk1.8.0_121.jdk/Contents/Home/jre/lib/ext/dnsns.jar:/Library/Java/JavaVirtualMachines/jdk1.8.0_121.jdk/Contents/Home/jre/lib/ext/jaccess.jar:/Library/Java/JavaVirtualMachines/jdk1.8.0_121.jdk/Contents/Home/jre/lib/ext/jfxrt.jar:/Library/Java/JavaVirtualMachines/jdk1.8.0_121.jdk/Contents/Home/jre/lib/ext/localedata.jar:/Library/Java/JavaVirtualMachines/jdk1.8.0_121.jdk/Contents/Home/jre/lib/ext/nashorn.jar:/Library/Java/JavaVirtualMachines/jdk1.8.0_121.jdk/Contents/Home/jre/lib/ext/sunec.jar:/Library/Java/JavaVirtualMachines/jdk1.8.0_121.jdk/Contents/Home/jre/lib/ext/sunjce_provider.jar:/Library/Java/JavaVirtualMachines/jdk1.8.0_121.jdk/Contents/Home/jre/lib/ext/sunpkcs11.jar:/Library/Java/JavaVirtualMachines/jdk1.8.0_121.jdk/Contents/Home/jre/lib/ext/zipfs.jar:/Library/Java/JavaVirtualMachines/jdk1.8.0_121.jdk/Contents/Home/jre/lib/javaws.jar:/Library/Java/JavaVirtualMachines/jdk1.8.0_121.jdk/Contents/Home/jre/lib/jce.jar:/Library/Java/JavaVirtualMachines/jdk1.8.0_121.jdk/Contents/Home/jre/lib/jfr.jar:/Library/Java/JavaVirtualMachines/jdk1.8.0_121.jdk/Contents/Home/jre/lib/jfxswt.jar:/Library/Java/JavaVirtualMachines/jdk1.8.0_121.jdk/Contents/Home/jre/lib/jsse.jar:/Library/Java/JavaVirtualMachines/jdk1.8.0_121.jdk/Contents/Home/jre/lib/management-agent.jar:/Library/Java/JavaVirtualMachines/jdk1.8.0_121.jdk/Contents/Home/jre/lib/plugin.jar:/Library/Java/JavaVirtualMachines/jdk1.8.0_121.jdk/Contents/Home/jre/lib/resources.jar:/Library/Java/JavaVirtualMachines/jdk1.8.0_121.jdk/Contents/Home/jre/lib/rt.jar:/Library/Java/JavaVirtualMachines/jdk1.8.0_121.jdk/Contents/Home/lib/ant-javafx.jar:/Library/Java/JavaVirtualMachines/jdk1.8.0_121.jdk/Contents/Home/lib/dt.jar:/Library/Java/JavaVirtualMachines/jdk1.8.0_121.jdk/Contents/Home/lib/javafx-mx.jar:/Library/Java/JavaVirtualMachines/jdk1.8.0_121.jdk/Contents/Home/lib/jconsole.jar:/Library/Java/JavaVirtualMachines/jdk1.8.0_121.jdk/Contents/Home/lib/packager.jar:/Library/Java/JavaVirtualMachines/jdk1.8.0_121.jdk/Contents/Home/lib/sa-jdi.jar:/Library/Java/JavaVirtualMachines/jdk1.8.0_121.jdk/Contents/Home/lib/tools.jar:/Users/FelixWu/IdeaProjects/TowerDefence/out/production/TowerDefence:/Users/FelixWu/Downloads/fxgl-0.3.1-uber.jar:/Applications/IntelliJ IDEA CE.app/Contents/lib/idea_rt.jar
01:06:07.352 [ForkJoinPool.commonPool-worker-1] DEBUG FXGLLogger           - java.runtime.name=Java(TM) SE Runtime Environment
01:06:07.352 [ForkJoinPool.commonPool-worker-1] DEBUG FXGLLogger           - FXGL.ui.font=Copperplate_Gothic_Light_Regular.ttf
01:06:07.352 [ForkJoinPool.commonPool-worker-1] DEBUG FXGLLogger           - java.vm.vendor=Oracle Corporation
01:06:07.352 [ForkJoinPool.commonPool-worker-1] DEBUG FXGLLogger           - gopherProxySet=false
01:06:07.352 [ForkJoinPool.commonPool-worker-1] DEBUG FXGLLogger           - java.library.path=/Users/FelixWu/Library/Java/Extensions:/Library/Java/Extensions:/Network/Library/Java/Extensions:/System/Library/Java/Extensions:/usr/lib/java:.
01:06:07.352 [ForkJoinPool.commonPool-worker-1] DEBUG FXGLLogger           - java.vendor.url=http://java.oracle.com/
01:06:07.352 [ForkJoinPool.commonPool-worker-1] DEBUG FXGLLogger           - FXGL.sound.menu.back=menu/back.wav
01:06:07.352 [ForkJoinPool.commonPool-worker-1] DEBUG FXGLLogger           - FXGL.ui.mono.font=lucida_console.ttf
01:06:07.352 [ForkJoinPool.commonPool-worker-1] DEBUG FXGLLogger           - java.specification.vendor=Oracle Corporation
01:06:07.352 [ForkJoinPool.commonPool-worker-1] DEBUG FXGLLogger           - user.home=/Users/FelixWu
01:06:07.352 [ForkJoinPool.commonPool-worker-1] DEBUG FXGLLogger           - ftp.nonProxyHosts=local|*.local|169.254/16|*.169.254/16
01:06:07.352 [ForkJoinPool.commonPool-worker-1] DEBUG FXGLLogger           - socksNonProxyHosts=local|*.local|169.254/16|*.169.254/16
01:06:07.353 [ForkJoinPool.commonPool-worker-1] DEBUG FXGLLogger           - awt.toolkit=sun.lwawt.macosx.LWCToolkit
01:06:07.353 [ForkJoinPool.commonPool-worker-1] DEBUG FXGLLogger           - sun.io.unicode.encoding=UnicodeBig
01:06:07.353 [ForkJoinPool.commonPool-worker-1] DEBUG FXGLLogger           - java.awt.printerjob=sun.lwawt.macosx.CPrinterJob
01:06:07.353 [ForkJoinPool.commonPool-worker-1] DEBUG FXGLLogger           - FXGL.asset.cache.size=35
01:06:07.353 [ForkJoinPool.commonPool-worker-1] DEBUG FXGLLogger           - FXGL.fs.profilename=user.profile
01:06:07.353 [ForkJoinPool.commonPool-worker-1] DEBUG FXGLLogger           - FXGL.fs.savedir=saves/
01:06:07.353 [ForkJoinPool.commonPool-worker-1] DEBUG FXGLLogger           - java.vm.version=25.121-b13
01:06:07.353 [ForkJoinPool.commonPool-worker-1] DEBUG FXGLLogger           - path.separator=:
01:06:07.353 [ForkJoinPool.commonPool-worker-1] DEBUG FXGLLogger           - os.version=10.11.6
01:06:07.354 [ForkJoinPool.commonPool-worker-1] DEBUG FXGLLogger           - java.vm.info=mixed mode
01:06:07.354 [ForkJoinPool.commonPool-worker-1] DEBUG FXGLLogger           - java.home=/Library/Java/JavaVirtualMachines/jdk1.8.0_121.jdk/Contents/Home/jre
01:06:07.355 [ForkJoinPool.commonPool-worker-1] DEBUG FXGLLogger           - user.country=US
01:06:07.355 [ForkJoinPool.commonPool-worker-1] DEBUG FXGLLogger           - java.class.version=52.0
01:06:07.355 [ForkJoinPool.commonPool-worker-1] DEBUG FXGLLogger           - file.separator=/
01:06:07.355 [ForkJoinPool.commonPool-worker-1] DEBUG FXGLLogger           - java.specification.name=Java Platform API Specification
01:06:07.355 [ForkJoinPool.commonPool-worker-1] DEBUG FXGLLogger           - FXGL.fs.datafile.ext=.dat
01:06:07.355 [ForkJoinPool.commonPool-worker-1] DEBUG FXGLLogger           - sun.cpu.isalist=
01:06:07.355 [ForkJoinPool.commonPool-worker-1] DEBUG FXGLLogger           - sun.jnu.encoding=UTF-8
01:06:07.355 [ForkJoinPool.commonPool-worker-1] DEBUG FXGLLogger           - file.encoding.pkg=sun.io
01:06:07.355 [ForkJoinPool.commonPool-worker-1] DEBUG FXGLLogger           - http.nonProxyHosts=local|*.local|169.254/16|*.169.254/16
01:06:07.355 [ForkJoinPool.commonPool-worker-1] DEBUG FXGLLogger           - java.endorsed.dirs=/Library/Java/JavaVirtualMachines/jdk1.8.0_121.jdk/Contents/Home/jre/lib/endorsed
01:06:07.355 [ForkJoinPool.commonPool-worker-1] DEBUG FXGLLogger           - sun.arch.data.model=64
01:06:07.355 [ForkJoinPool.commonPool-worker-1] DEBUG FXGLLogger           - user.timezone=Europe/London
01:06:07.356 [ForkJoinPool.commonPool-worker-1] DEBUG FXGLLogger           - java.version=1.8.0_121
01:06:07.356 [ForkJoinPool.commonPool-worker-1] DEBUG FXGLLogger           - sun.boot.library.path=/Library/Java/JavaVirtualMachines/jdk1.8.0_121.jdk/Contents/Home/jre/lib
01:06:07.356 [ForkJoinPool.commonPool-worker-1] DEBUG FXGLLogger           - user.language=en
01:06:07.356 [ForkJoinPool.commonPool-worker-1] DEBUG FXGLLogger           - idea.launcher.bin.path=/Applications/IntelliJ IDEA CE.app/Contents/bin
01:06:07.356 [ForkJoinPool.commonPool-worker-1] DEBUG FXGLLogger           - javafx.runtime.version=8.0.121-b13
01:06:07.356 [ForkJoinPool.commonPool-worker-1] DEBUG FXGLLogger           - FXGL.sound.menu.select=menu/select.wav
01:06:07.356 [ForkJoinPool.commonPool-worker-1] DEBUG FXGLLogger           - FXGL.sound.menu.press=menu/press.wav
01:06:07.356 [ForkJoinPool.commonPool-worker-1] DEBUG FXGLLogger           - FXGL.sound.notification=core/notification.wav
01:06:07.356 [ForkJoinPool.commonPool-worker-1] DEBUG FXGLLogger           - user.name=FelixWu
01:06:07.356 [ForkJoinPool.commonPool-worker-1] DEBUG FXGLLogger           - FXGL.pooling.initialSize=128
01:06:07.356 [ForkJoinPool.commonPool-worker-1] DEBUG FXGLLogger           - java.runtime.version=1.8.0_121-b13
01:06:07.356 [ForkJoinPool.commonPool-worker-1] DEBUG FXGLLogger           - java.vm.specification.vendor=Oracle Corporation
01:06:07.356 [ForkJoinPool.commonPool-worker-1] DEBUG FXGLLogger           - user.country.format=HK
01:06:07.356 [ForkJoinPool.commonPool-worker-1] DEBUG FXGLLogger           - sun.boot.class.path=/Library/Java/JavaVirtualMachines/jdk1.8.0_121.jdk/Contents/Home/jre/lib/resources.jar:/Library/Java/JavaVirtualMachines/jdk1.8.0_121.jdk/Contents/Home/jre/lib/rt.jar:/Library/Java/JavaVirtualMachines/jdk1.8.0_121.jdk/Contents/Home/jre/lib/sunrsasign.jar:/Library/Java/JavaVirtualMachines/jdk1.8.0_121.jdk/Contents/Home/jre/lib/jsse.jar:/Library/Java/JavaVirtualMachines/jdk1.8.0_121.jdk/Contents/Home/jre/lib/jce.jar:/Library/Java/JavaVirtualMachines/jdk1.8.0_121.jdk/Contents/Home/jre/lib/charsets.jar:/Library/Java/JavaVirtualMachines/jdk1.8.0_121.jdk/Contents/Home/jre/lib/jfr.jar:/Library/Java/JavaVirtualMachines/jdk1.8.0_121.jdk/Contents/Home/jre/classes
01:06:07.356 [ForkJoinPool.commonPool-worker-1] DEBUG FXGLLogger           - os.name=Mac OS X
01:06:07.357 [ForkJoinPool.commonPool-worker-1] DEBUG FXGLLogger           - FXGL.ui.css=fxgl.css
01:06:07.357 [ForkJoinPool.commonPool-worker-1] DEBUG FXGLLogger           - sun.management.compiler=HotSpot 64-Bit Tiered Compilers
01:06:07.357 [ForkJoinPool.commonPool-worker-1] DEBUG FXGLLogger           - FXGL.url.storage=https://raw.githubusercontent.com/AlmasB/git-server/master/storage/
01:06:07.357 [ForkJoinPool.commonPool-worker-1] DEBUG FXGLLogger           - sun.java.launcher=SUN_STANDARD
01:06:07.358 [ForkJoinPool.commonPool-worker-1] DEBUG FXGLLogger           - java.vendor=Oracle Corporation
01:06:07.361 [FXGL Launcher Thread     ] DEBUG FXGLLoggerFactory    - Service [LoggerFactory] initialized
01:06:07.365 [FXGL Launcher Thread     ] DEBUG FXGL                 - FXGL logger initialized
01:06:07.366 [FXGL Launcher Thread     ] DEBUG FXGL                 - Loading FXGL system data
01:06:07.372 [FXGL Launcher Thread     ] DEBUG IOTask               - Executing task: readDataTask(system/fxgl.bundle)
01:06:07.385 [FXGL Launcher Thread     ] DEBUG FS                   - Reading from: system/fxgl.bundle
01:06:07.402 [FXGL Launcher Thread     ] DEBUG IOTask               - Task succeeded: readDataTask(system/fxgl.bundle)
01:06:07.402 [FXGL Launcher Thread     ] DEBUG Bundle               - Logging bundle: FXGL
01:06:07.403 [FXGL Launcher Thread     ] DEBUG Bundle               - FXGL.offline.timer.version.check=2017-04-27T12:29:57.078
01:06:07.403 [FXGL Launcher Thread     ] DEBUG FXGLApplication      - FXGL configuration complete
01:06:07.404 [FXGL Launcher Thread     ] INFO  FXGLApplication      - FXGL configuration took:  1.651 sec
01:06:07.407 [FXGL Launcher Thread     ] DEBUG FXGLApplication      - Logging game settings
Title: TowerDefense
Version: 1.0
Width: 400
Height: 280
Fullscreen: false
Intro: false
Menus: false
Profiling: false
App Mode: DEVELOPER
Menu Style: FXGL_DEFAULT
Menu Key: ESCAPE
Services: []
01:06:07.410 [JavaFX Application Thread] DEBUG FXGLApplication      - Running task: UpdaterTask
01:06:07.434 [FXGL Launcher Thread     ] DEBUG FXGLApplication      - Configuring GameApplication
01:06:07.435 [FXGL Launcher Thread     ] DEBUG FXGLApplication      - Running task: PreInitTask
01:06:07.456 [FXGL Launcher Thread     ] DEBUG FXGLExceptionHandler - Service [ExceptionHandler] initialized
01:06:07.457 [FXGL Launcher Thread     ] DEBUG FXGLEventBus         - Service [EventBus] initialized
01:06:07.460 [FXGL Launcher Thread     ] DEBUG FXGLExecutor         - Service [Executor] initialized
01:06:07.461 [FXGL Launcher Thread     ] DEBUG PreInitTask          - Injecting gameWorld & physicsWorld
01:06:07.471 [FXGL Launcher Thread     ] DEBUG GameWorld            - Game world initialized
01:06:07.556 [FXGL Launcher Thread     ] DEBUG FXGLPooler           - Service [Pooler] initialized with default size = 128
01:06:07.557 [FXGL Launcher Thread     ] DEBUG PhysicsWorld         - Physics world initialized: appHeight=280, physics.ppm=50.0
01:06:07.558 [FXGL Launcher Thread     ] DEBUG FXGLInput            - Service [Input] initialized
01:06:07.585 [FXGL Launcher Thread     ] DEBUG FXGLInput            - Registered new binding: Screenshot - P
01:06:07.585 [FXGL Launcher Thread     ] DEBUG FXGLInput            - Registered new binding: Dev Options - CTRL+0
01:06:07.587 [FXGL Launcher Thread     ] DEBUG FXGLInput            - Registered new binding: Place Tower A - PRIMARY
01:06:07.588 [FXGL Launcher Thread     ] DEBUG FXGLApplication      - Running task: InitScenesTask
01:06:07.593 [FXGL Launcher Thread     ] DEBUG FXGLAssetLoader      - Service [AssetLoader] initialized: cacheSize=35
01:06:07.594 [FXGL Launcher Thread     ] DEBUG FXGLAssetLoader      - Loading from disk: /assets/ui/cursors/fxgl_default.png
01:06:07.675 [FXGL Launcher Thread     ] DEBUG GameScene            - Game scene initialized: 400x280
01:06:07.675 [FXGL Launcher Thread     ] DEBUG FXGLAssetLoader      - Loading from disk: /assets/ui/cursors/fxgl_default.png
01:06:07.686 [FXGL Launcher Thread     ] DEBUG FXGLAssetLoader      - Loading from disk: /assets/sounds/core/notification.wav
01:06:07.778 [FXGL Launcher Thread     ] DEBUG FXGLAssetLoader      - Loading from disk: /assets/sounds/menu/select.wav
01:06:07.783 [FXGL Launcher Thread     ] DEBUG FXGLAssetLoader      - Loading from disk: /assets/sounds/menu/back.wav
01:06:07.784 [FXGL Launcher Thread     ] DEBUG FXGLAssetLoader      - Loading from disk: /assets/sounds/menu/press.wav
01:06:07.786 [FXGL Launcher Thread     ] DEBUG FXGLAssetLoader      - Loading from disk: /assets/ui/fonts/Copperplate_Gothic_Light_Regular.ttf
01:06:07.801 [FXGL Launcher Thread     ] DEBUG FXGLAssetLoader      - Loading from disk: /assets/ui/fonts/lucida_console.ttf
01:06:07.805 [FXGL Launcher Thread     ] DEBUG FXGLAssetLoader      - Loading from disk: /assets/ui/css/fxgl.css
01:06:07.805 [FXGL Launcher Thread     ] DEBUG FXGLAssetLoader      - Loading from disk: /assets/ui/icons/fxgl_icon.png
01:06:07.836 [FXGL Launcher Thread     ] DEBUG FXGLAssetLoader      - Loading from disk: /assets/ui/css/fxgl_dark.css
01:06:07.852 [FXGL Launcher Thread     ] DEBUG FXGLDisplay          - Target size: DoubleProperty [value: 400.0] x DoubleProperty [value: 280.0] @ 1.0
01:06:07.852 [FXGL Launcher Thread     ] DEBUG FXGLDisplay          - New size:    400.0 x 280.0 @ DoubleProperty [value: 1.0]
01:06:07.852 [FXGL Launcher Thread     ] DEBUG FXGLDisplay          - Service [Display] initialized
01:06:07.853 [FXGL Launcher Thread     ] DEBUG FXGLDisplay          - Using CSS: CSS(externalForm=jar:file:/Users/FelixWu/Downloads/fxgl-0.3.1-uber.jar!/assets/ui/css/fxgl_dark.css)
01:06:07.854 [FXGL Launcher Thread     ] DEBUG InitScenesTask       - Injecting loadingScene & gameScene
01:06:07.855 [FXGL Launcher Thread     ] DEBUG FXGLApplication      - Running task: InitEventHandlersTask
01:06:07.858 [FXGL Launcher Thread     ] DEBUG FXGLMasterTimer      - Service [MasterTimer] initialized
01:06:07.860 [FXGL Launcher Thread     ] DEBUG FXGLAudioPlayer      - Service [AudioPlayer] initialized
01:06:07.862 [FXGL Launcher Thread     ] DEBUG InitEventHandlersTask - scanForServiceListeners
01:06:07.862 [FXGL Launcher Thread     ] DEBUG InitEventHandlersTask - FXGLListener: interface com.almasb.fxgl.service.MasterTimer
01:06:07.863 [FXGL Launcher Thread     ] DEBUG InitEventHandlersTask - FXGLListener: interface com.almasb.fxgl.service.Input
01:06:07.864 [FXGL Launcher Thread     ] DEBUG InitEventHandlersTask - UserProfileSavable: interface com.almasb.fxgl.service.AudioPlayer
01:06:07.866 [FXGL Launcher Thread     ] DEBUG InitEventHandlersTask - UserProfileSavable: interface com.almasb.fxgl.service.MasterTimer
01:06:07.866 [FXGL Launcher Thread     ] DEBUG InitEventHandlersTask - UserProfileSavable: interface com.almasb.fxgl.service.Input
01:06:07.866 [FXGL Launcher Thread     ] DEBUG InitEventHandlersTask - UserProfileSavable: interface com.almasb.fxgl.service.Display
01:06:07.866 [FXGL Launcher Thread     ] DEBUG InitEventHandlersTask - UserProfileSavable: class com.almasb.fxgl.gameplay.AchievementManager
01:06:07.867 [FXGL Launcher Thread     ] DEBUG AchievementManager   - Service [AchievementManager] initialized
01:06:07.867 [FXGL Launcher Thread     ] DEBUG InitEventHandlersTask - UserProfileSavable: class com.almasb.fxgl.service.impl.quest.FXGLQuestServiceProvider
01:06:07.867 [FXGL Launcher Thread     ] DEBUG InitEventHandlersTask - NotificationListener: interface com.almasb.fxgl.service.AudioPlayer
01:06:07.868 [FXGL Launcher Thread     ] DEBUG InitEventHandlersTask - AchievementListener: interface com.almasb.fxgl.service.NotificationService
01:06:07.872 [FXGL Launcher Thread     ] DEBUG SlidingNotificationService - Service [NotificationService] initialized
01:06:07.875 [FXGL Launcher Thread     ] DEBUG FXGLApplication      - Running task: InitProfilerTask
01:06:07.878 [FXGL Launcher Thread     ] DEBUG FXGLApplication      - Starting new game
01:06:07.882 [FXGL Launcher Thread     ] DEBUG FXGLApplication      - Initializing App
01:06:07.882 [FXGL Launcher Thread     ] DEBUG FXGLApplication      - Pausing main loop
01:06:07.883 [FXGL Launcher Thread     ] DEBUG FXGLApplication      - State: STARTUP -> PAUSED
01:06:07.884 [FXGL Launcher Thread     ] DEBUG FXGLMasterTimer      - Stopping master timer
01:06:07.884 [FXGL Launcher Thread     ] DEBUG FXGLInput            - Clearing active input actions
01:06:07.885 [FXGL Launcher Thread     ] DEBUG FXGLEventBus         - Firing event: FXGLEvent[type=PAUSE]
01:06:07.885 [FXGL Launcher Thread     ] DEBUG FXGLApplication      - Resetting FXGL application
01:06:07.886 [FXGL Launcher Thread     ] DEBUG GameWorld            - Resetting game world
01:06:07.886 [FXGL Launcher Thread     ] DEBUG EntityWorld          - Resetting entity world
01:06:07.887 [FXGL Launcher Thread     ] DEBUG PhysicsWorld         - Resetting physics world
01:06:07.887 [FXGL Launcher Thread     ] DEBUG GameScene            - Resetting game scene
01:06:07.887 [FXGL Launcher Thread     ] DEBUG FXGLMasterTimer      - Resetting ticks and clearing all actions
01:06:07.887 [FXGL Launcher Thread     ] DEBUG FXGLInput            - Clearing active input actions
01:06:07.887 [FXGL Launcher Thread     ] DEBUG FXGLEventBus         - Firing event: FXGLEvent[type=RESET]
01:06:07.955 [FXGL Launcher Thread     ] DEBUG FXGLApplication      - State: PAUSED -> LOADING
01:06:08.001 [FXGL Launcher Thread     ] INFO  FXGLApplication      - Game configuration took:  0.566 sec
01:06:08.001 [FXGL Background Thread 1 ] DEBUG InitAppTask          - Initializing Assets
01:06:08.002 [FXGL Background Thread 1 ] DEBUG InitAppTask          - Initializing Game
01:06:08.002 [FXGL Background Thread 1 ] DEBUG InitAppTask          - Injecting gameState
01:06:08.072 [JavaFX Application Thread] DEBUG FXGLDisplay          - Showing stage
01:06:08.072 [JavaFX Application Thread] DEBUG FXGLDisplay          - Root size: 400.0x280.0
01:06:08.072 [JavaFX Application Thread] DEBUG FXGLDisplay          - Scene size: 400.0x280.0
01:06:08.072 [JavaFX Application Thread] DEBUG FXGLDisplay          - Stage size: 400.0x302.0
01:06:08.096 [FastClasspathScanner-worker-0] DEBUG InitAppTask          - @SetEntityFactory: class com.felixwu.td.TdFactory
01:06:08.116 [FXGL Background Thread 1 ] DEBUG FXGLAssetLoader      - Loading from disk: /assets/text/level1.txt
01:06:08.155 [FXGL Background Thread 1 ] DEBUG FXGLAssetLoader      - Loading from disk: /assets/textures/backgroundG.png
01:06:08.163 [FXGL Background Thread 1 ] DEBUG FXGLAssetLoader      - Loading from cache: /assets/textures/backgroundG.png
01:06:08.163 [FXGL Background Thread 1 ] DEBUG FXGLAssetLoader      - Loading from cache: /assets/textures/backgroundG.png
01:06:08.164 [FXGL Background Thread 1 ] DEBUG FXGLAssetLoader      - Loading from cache: /assets/textures/backgroundG.png
01:06:08.165 [FXGL Background Thread 1 ] DEBUG FXGLAssetLoader      - Loading from cache: /assets/textures/backgroundG.png
01:06:08.166 [FXGL Background Thread 1 ] DEBUG FXGLAssetLoader      - Loading from cache: /assets/textures/backgroundG.png
01:06:08.167 [FXGL Background Thread 1 ] DEBUG FXGLAssetLoader      - Loading from cache: /assets/textures/backgroundG.png
01:06:08.168 [FXGL Background Thread 1 ] DEBUG FXGLAssetLoader      - Loading from cache: /assets/textures/backgroundG.png
01:06:08.170 [FXGL Background Thread 1 ] DEBUG FXGLAssetLoader      - Loading from cache: /assets/textures/backgroundG.png
01:06:08.171 [FXGL Background Thread 1 ] DEBUG FXGLAssetLoader      - Loading from cache: /assets/textures/backgroundG.png
01:06:08.172 [FXGL Background Thread 1 ] DEBUG FXGLAssetLoader      - Loading from disk: /assets/textures/backgroundP.png
01:06:08.174 [FXGL Background Thread 1 ] DEBUG FXGLAssetLoader      - Loading from cache: /assets/textures/backgroundP.png
01:06:08.180 [FXGL Background Thread 1 ] DEBUG FXGLAssetLoader      - Loading from cache: /assets/textures/backgroundP.png
01:06:08.182 [FXGL Background Thread 1 ] DEBUG FXGLAssetLoader      - Loading from cache: /assets/textures/backgroundP.png
01:06:08.183 [FXGL Background Thread 1 ] DEBUG FXGLAssetLoader      - Loading from cache: /assets/textures/backgroundP.png
01:06:08.185 [FXGL Background Thread 1 ] DEBUG FXGLAssetLoader      - Loading from cache: /assets/textures/backgroundP.png
01:06:08.187 [FXGL Background Thread 1 ] DEBUG FXGLAssetLoader      - Loading from cache: /assets/textures/backgroundP.png
01:06:08.189 [FXGL Background Thread 1 ] DEBUG FXGLAssetLoader      - Loading from cache: /assets/textures/backgroundP.png
01:06:08.191 [FXGL Background Thread 1 ] DEBUG FXGLAssetLoader      - Loading from cache: /assets/textures/backgroundP.png
01:06:08.192 [FXGL Background Thread 1 ] DEBUG FXGLAssetLoader      - Loading from cache: /assets/textures/backgroundG.png
01:06:08.193 [FXGL Background Thread 1 ] DEBUG FXGLAssetLoader      - Loading from cache: /assets/textures/backgroundG.png
01:06:08.194 [FXGL Background Thread 1 ] DEBUG FXGLAssetLoader      - Loading from cache: /assets/textures/backgroundG.png
01:06:08.195 [FXGL Background Thread 1 ] DEBUG FXGLAssetLoader      - Loading from cache: /assets/textures/backgroundG.png
01:06:08.197 [FXGL Background Thread 1 ] DEBUG FXGLAssetLoader      - Loading from cache: /assets/textures/backgroundG.png
01:06:08.198 [FXGL Background Thread 1 ] DEBUG FXGLAssetLoader      - Loading from cache: /assets/textures/backgroundG.png
01:06:08.199 [FXGL Background Thread 1 ] DEBUG FXGLAssetLoader      - Loading from cache: /assets/textures/backgroundG.png
01:06:08.200 [FXGL Background Thread 1 ] DEBUG FXGLAssetLoader      - Loading from cache: /assets/textures/backgroundG.png
01:06:08.201 [FXGL Background Thread 1 ] DEBUG FXGLAssetLoader      - Loading from cache: /assets/textures/backgroundG.png
01:06:08.201 [FXGL Background Thread 1 ] DEBUG FXGLAssetLoader      - Loading from cache: /assets/textures/backgroundP.png
01:06:08.202 [FXGL Background Thread 1 ] DEBUG FXGLAssetLoader      - Loading from cache: /assets/textures/backgroundG.png
01:06:08.204 [FXGL Background Thread 1 ] DEBUG FXGLAssetLoader      - Loading from cache: /assets/textures/backgroundG.png
01:06:08.206 [FXGL Background Thread 1 ] DEBUG FXGLAssetLoader      - Loading from cache: /assets/textures/backgroundP.png
01:06:08.208 [FXGL Background Thread 1 ] DEBUG FXGLAssetLoader      - Loading from cache: /assets/textures/backgroundP.png
01:06:08.209 [FXGL Background Thread 1 ] DEBUG FXGLAssetLoader      - Loading from cache: /assets/textures/backgroundP.png
01:06:08.211 [FXGL Background Thread 1 ] DEBUG FXGLAssetLoader      - Loading from cache: /assets/textures/backgroundP.png
01:06:08.212 [FXGL Background Thread 1 ] DEBUG FXGLAssetLoader      - Loading from cache: /assets/textures/backgroundP.png
01:06:08.215 [FXGL Background Thread 1 ] DEBUG FXGLAssetLoader      - Loading from cache: /assets/textures/backgroundP.png
01:06:08.219 [FXGL Background Thread 1 ] DEBUG FXGLAssetLoader      - Loading from cache: /assets/textures/backgroundP.png
01:06:08.221 [FXGL Background Thread 1 ] DEBUG FXGLAssetLoader      - Loading from cache: /assets/textures/backgroundP.png
01:06:08.223 [FXGL Background Thread 1 ] DEBUG FXGLAssetLoader      - Loading from cache: /assets/textures/backgroundG.png
01:06:08.226 [FXGL Background Thread 1 ] DEBUG FXGLAssetLoader      - Loading from cache: /assets/textures/backgroundG.png
01:06:08.226 [FXGL Background Thread 1 ] DEBUG FXGLAssetLoader      - Loading from cache: /assets/textures/backgroundP.png
01:06:08.227 [FXGL Background Thread 1 ] DEBUG FXGLAssetLoader      - Loading from cache: /assets/textures/backgroundG.png
01:06:08.227 [FXGL Background Thread 1 ] DEBUG FXGLAssetLoader      - Loading from cache: /assets/textures/backgroundG.png
01:06:08.228 [FXGL Background Thread 1 ] DEBUG FXGLAssetLoader      - Loading from cache: /assets/textures/backgroundG.png
01:06:08.229 [FXGL Background Thread 1 ] DEBUG FXGLAssetLoader      - Loading from cache: /assets/textures/backgroundG.png
01:06:08.230 [FXGL Background Thread 1 ] DEBUG FXGLAssetLoader      - Loading from cache: /assets/textures/backgroundG.png
01:06:08.231 [FXGL Background Thread 1 ] DEBUG FXGLAssetLoader      - Loading from cache: /assets/textures/backgroundG.png
01:06:08.232 [FXGL Background Thread 1 ] DEBUG FXGLAssetLoader      - Loading from cache: /assets/textures/backgroundG.png
01:06:08.233 [FXGL Background Thread 1 ] DEBUG FXGLAssetLoader      - Loading from cache: /assets/textures/backgroundG.png
01:06:08.234 [FXGL Background Thread 1 ] DEBUG FXGLAssetLoader      - Loading from cache: /assets/textures/backgroundG.png
01:06:08.235 [FXGL Background Thread 1 ] DEBUG FXGLAssetLoader      - Loading from cache: /assets/textures/backgroundP.png
01:06:08.236 [FXGL Background Thread 1 ] DEBUG FXGLAssetLoader      - Loading from cache: /assets/textures/backgroundP.png
01:06:08.238 [FXGL Background Thread 1 ] DEBUG FXGLAssetLoader      - Loading from cache: /assets/textures/backgroundP.png
01:06:08.240 [FXGL Background Thread 1 ] DEBUG FXGLAssetLoader      - Loading from cache: /assets/textures/backgroundP.png
01:06:08.242 [FXGL Background Thread 1 ] DEBUG FXGLAssetLoader      - Loading from cache: /assets/textures/backgroundP.png
01:06:08.243 [FXGL Background Thread 1 ] DEBUG FXGLAssetLoader      - Loading from cache: /assets/textures/backgroundP.png
01:06:08.244 [FXGL Background Thread 1 ] DEBUG FXGLAssetLoader      - Loading from cache: /assets/textures/backgroundP.png
01:06:08.245 [FXGL Background Thread 1 ] DEBUG FXGLAssetLoader      - Loading from cache: /assets/textures/backgroundP.png
01:06:08.247 [FXGL Background Thread 1 ] DEBUG FXGLAssetLoader      - Loading from disk: /assets/textures/home.jpg
01:06:08.260 [FXGL Background Thread 1 ] DEBUG FXGLAssetLoader      - Loading from cache: /assets/textures/backgroundG.png
01:06:08.261 [FXGL Background Thread 1 ] DEBUG FXGLAssetLoader      - Loading from cache: /assets/textures/backgroundG.png
01:06:08.261 [FXGL Background Thread 1 ] DEBUG FXGLAssetLoader      - Loading from cache: /assets/textures/backgroundG.png
01:06:08.262 [FXGL Background Thread 1 ] DEBUG FXGLAssetLoader      - Loading from cache: /assets/textures/backgroundG.png
01:06:08.264 [FXGL Background Thread 1 ] DEBUG FXGLAssetLoader      - Loading from cache: /assets/textures/backgroundG.png
01:06:08.265 [FXGL Background Thread 1 ] DEBUG FXGLAssetLoader      - Loading from cache: /assets/textures/backgroundG.png
01:06:08.265 [FXGL Background Thread 1 ] DEBUG FXGLAssetLoader      - Loading from cache: /assets/textures/backgroundG.png
01:06:08.266 [FXGL Background Thread 1 ] DEBUG FXGLAssetLoader      - Loading from cache: /assets/textures/backgroundG.png
01:06:08.266 [FXGL Background Thread 1 ] DEBUG FXGLAssetLoader      - Loading from cache: /assets/textures/backgroundG.png
01:06:08.267 [FXGL Background Thread 1 ] DEBUG FXGLAssetLoader      - Loading from cache: /assets/textures/backgroundG.png
01:06:08.267 [FXGL Background Thread 1 ] DEBUG GameWorld            - Resetting game world
01:06:08.267 [FXGL Background Thread 1 ] DEBUG EntityWorld          - Resetting entity world
01:06:08.267 [FXGL Background Thread 1 ] DEBUG PhysicsWorld         - Resetting physics world
01:06:08.267 [FXGL Background Thread 1 ] DEBUG GameScene            - Resetting game scene
01:06:08.267 [FXGL Background Thread 1 ] DEBUG GameWorld            - Setting level: com.almasb.fxgl.gameplay.Level@5ccbed0a
01:06:08.271 [FXGL Background Thread 1 ] DEBUG GameScene            - Creating render group for layer: TOP(2147483647)
01:06:08.291 [FXGL Background Thread 1 ] DEBUG InitAppTask          - Initializing Physics
01:06:08.292 [FXGL Background Thread 1 ] DEBUG InitAppTask          - Initializing UI
01:06:08.292 [FXGL Background Thread 1 ] DEBUG InitAppTask          - Initialization Complete
01:06:08.293 [FXGL Background Thread 1 ] INFO  InitAppTask          - Game initialization took: 0.291 sec
01:06:08.294 [JavaFX Application Thread] DEBUG FXGLApplication      - Resuming main loop
01:06:08.294 [JavaFX Application Thread] DEBUG FXGLApplication      - State: LOADING -> PLAYING
01:06:08.305 [JavaFX Application Thread] DEBUG FXGLMasterTimer      - Starting master timer
01:06:08.305 [JavaFX Application Thread] DEBUG FXGLInput            - Clearing active input actions
01:06:08.306 [JavaFX Application Thread] DEBUG FXGLEventBus         - Firing event: FXGLEvent[type=RESUME]
01:06:09.363 [JavaFX Application Thread] DEBUG FXGLAssetLoader      - Loading from disk: /assets/textures/ufo.png
01:06:10.381 [JavaFX Application Thread] DEBUG FXGLAssetLoader      - Loading from cache: /assets/textures/ufo.png
01:06:10.990 [JavaFX Application Thread] DEBUG FXGLAssetLoader      - Loading from disk: /assets/textures/tower1.png
01:06:11.005 [JavaFX Application Thread] DEBUG FXGLAssetLoader      - Loading from disk: /assets/textures/bullet.png
01:06:11.402 [JavaFX Application Thread] DEBUG FXGLAssetLoader      - Loading from cache: /assets/textures/ufo.png
01:06:11.520 [JavaFX Application Thread] DEBUG FXGLAssetLoader      - Loading from cache: /assets/textures/bullet.png
01:06:12.036 [JavaFX Application Thread] DEBUG FXGLAssetLoader      - Loading from cache: /assets/textures/bullet.png
01:06:12.420 [JavaFX Application Thread] DEBUG FXGLAssetLoader      - Loading from cache: /assets/textures/ufo.png
01:06:12.554 [JavaFX Application Thread] DEBUG FXGLAssetLoader      - Loading from cache: /assets/textures/bullet.png
01:06:13.070 [JavaFX Application Thread] DEBUG FXGLAssetLoader      - Loading from cache: /assets/textures/bullet.png
01:06:13.437 [JavaFX Application Thread] DEBUG FXGLAssetLoader      - Loading from cache: /assets/textures/ufo.png
01:06:13.587 [JavaFX Application Thread] DEBUG FXGLAssetLoader      - Loading from cache: /assets/textures/bullet.png
01:06:14.103 [JavaFX Application Thread] DEBUG FXGLAssetLoader      - Loading from cache: /assets/textures/bullet.png
01:06:14.454 [JavaFX Application Thread] DEBUG FXGLAssetLoader      - Loading from cache: /assets/textures/ufo.png
01:06:14.622 [JavaFX Application Thread] DEBUG FXGLAssetLoader      - Loading from cache: /assets/textures/bullet.png
01:06:15.137 [JavaFX Application Thread] DEBUG FXGLAssetLoader      - Loading from cache: /assets/textures/bullet.png
01:06:15.472 [JavaFX Application Thread] DEBUG FXGLAssetLoader      - Loading from cache: /assets/textures/ufo.png
01:06:15.655 [JavaFX Application Thread] DEBUG FXGLAssetLoader      - Loading from cache: /assets/textures/bullet.png
01:06:16.171 [JavaFX Application Thread] DEBUG FXGLAssetLoader      - Loading from cache: /assets/textures/bullet.png
01:06:16.489 [JavaFX Application Thread] DEBUG FXGLAssetLoader      - Loading from cache: /assets/textures/ufo.png
01:06:16.689 [JavaFX Application Thread] DEBUG FXGLAssetLoader      - Loading from cache: /assets/textures/bullet.png
01:06:17.206 [JavaFX Application Thread] DEBUG FXGLAssetLoader      - Loading from cache: /assets/textures/bullet.png
01:06:17.472 [JavaFX Application Thread] DEBUG FXGLEventBus         - Firing event: com.felixwu.td.event.EnemyReachedGoal[source=javafx.event.Event$$Lambda$73/251554577@60bab0e]
01:06:17.487 [JavaFX Application Thread] DEBUG FXGLEventBus         - Firing event: DisplayEvent[type=DIALOG_OPENED]
01:06:17.488 [JavaFX Application Thread] DEBUG FXGLApplication      - Pausing main loop
01:06:17.488 [JavaFX Application Thread] DEBUG FXGLApplication      - State: PLAYING -> PAUSED
01:06:17.488 [JavaFX Application Thread] DEBUG FXGLMasterTimer      - Stopping master timer
01:06:17.488 [JavaFX Application Thread] DEBUG FXGLInput            - Clearing active input actions
01:06:17.488 [JavaFX Application Thread] DEBUG FXGLEventBus         - Firing event: FXGLEvent[type=PAUSE]
01:06:17.488 [JavaFX Application Thread] DEBUG FXGLInput            - Clearing active input actions
01:06:18.901 [JavaFX Application Thread] DEBUG FXGLEventBus         - Firing event: DisplayEvent[type=DIALOG_CLOSED]
01:06:18.901 [JavaFX Application Thread] DEBUG FXGLApplication      - Resuming main loop
01:06:18.901 [JavaFX Application Thread] DEBUG FXGLApplication      - State: PAUSED -> PLAYING
01:06:18.901 [JavaFX Application Thread] DEBUG FXGLMasterTimer      - Starting master timer
01:06:18.901 [JavaFX Application Thread] DEBUG FXGLInput            - Clearing active input actions
01:06:18.901 [JavaFX Application Thread] DEBUG FXGLEventBus         - Firing event: FXGLEvent[type=RESUME]
01:06:18.902 [JavaFX Application Thread] DEBUG FXGLApplication      - Starting new game
01:06:18.902 [JavaFX Application Thread] DEBUG FXGLApplication      - Initializing App
01:06:18.902 [JavaFX Application Thread] DEBUG FXGLApplication      - Pausing main loop
01:06:18.902 [JavaFX Application Thread] DEBUG FXGLApplication      - State: PLAYING -> PAUSED
01:06:18.902 [JavaFX Application Thread] DEBUG FXGLMasterTimer      - Stopping master timer
01:06:18.902 [JavaFX Application Thread] DEBUG FXGLInput            - Clearing active input actions
01:06:18.902 [JavaFX Application Thread] DEBUG FXGLEventBus         - Firing event: FXGLEvent[type=PAUSE]
01:06:18.902 [JavaFX Application Thread] DEBUG FXGLApplication      - Resetting FXGL application
01:06:18.902 [JavaFX Application Thread] DEBUG GameWorld            - Resetting game world
01:06:18.902 [JavaFX Application Thread] DEBUG EntityWorld          - Resetting entity world
01:06:18.909 [JavaFX Application Thread] DEBUG PhysicsWorld         - Resetting physics world
01:06:18.910 [JavaFX Application Thread] DEBUG GameScene            - Resetting game scene
01:06:18.910 [JavaFX Application Thread] DEBUG FXGLMasterTimer      - Resetting ticks and clearing all actions
01:06:18.910 [JavaFX Application Thread] DEBUG FXGLInput            - Clearing active input actions
01:06:18.910 [JavaFX Application Thread] DEBUG FXGLEventBus         - Firing event: FXGLEvent[type=RESET]
01:06:18.985 [JavaFX Application Thread] DEBUG FXGLApplication      - State: PAUSED -> LOADING
01:06:18.992 [FXGL Background Thread 1 ] DEBUG InitAppTask          - Initializing Assets
01:06:18.992 [FXGL Background Thread 1 ] DEBUG InitAppTask          - Initializing Game
01:06:18.992 [FXGL Background Thread 1 ] DEBUG InitAppTask          - Clearing previous gameState
01:06:18.992 [FXGL Background Thread 1 ] DEBUG InitAppTask          - Injecting gameState
01:06:19.088 [FastClasspathScanner-worker-6] DEBUG InitAppTask          - @SetEntityFactory: class com.felixwu.td.TdFactory
01:06:19.095 [FXGL Background Thread 1 ] DEBUG FXGLAssetLoader      - Loading from cache: /assets/text/level1.txt
01:06:19.096 [FXGL Background Thread 1 ] DEBUG FXGLAssetLoader      - Loading from cache: /assets/textures/backgroundG.png
01:06:19.096 [FXGL Background Thread 1 ] DEBUG FXGLAssetLoader      - Loading from cache: /assets/textures/backgroundG.png
01:06:19.096 [FXGL Background Thread 1 ] DEBUG FXGLAssetLoader      - Loading from cache: /assets/textures/backgroundG.png
01:06:19.097 [FXGL Background Thread 1 ] DEBUG FXGLAssetLoader      - Loading from cache: /assets/textures/backgroundG.png
01:06:19.098 [FXGL Background Thread 1 ] DEBUG FXGLAssetLoader      - Loading from cache: /assets/textures/backgroundG.png
01:06:19.098 [FXGL Background Thread 1 ] DEBUG FXGLAssetLoader      - Loading from cache: /assets/textures/backgroundG.png
01:06:19.098 [FXGL Background Thread 1 ] DEBUG FXGLAssetLoader      - Loading from cache: /assets/textures/backgroundG.png
01:06:19.099 [FXGL Background Thread 1 ] DEBUG FXGLAssetLoader      - Loading from cache: /assets/textures/backgroundG.png
01:06:19.099 [FXGL Background Thread 1 ] DEBUG FXGLAssetLoader      - Loading from cache: /assets/textures/backgroundG.png
01:06:19.099 [FXGL Background Thread 1 ] DEBUG FXGLAssetLoader      - Loading from cache: /assets/textures/backgroundG.png
01:06:19.099 [FXGL Background Thread 1 ] DEBUG FXGLAssetLoader      - Loading from cache: /assets/textures/backgroundP.png
01:06:19.100 [FXGL Background Thread 1 ] DEBUG FXGLAssetLoader      - Loading from cache: /assets/textures/backgroundP.png
01:06:19.100 [FXGL Background Thread 1 ] DEBUG FXGLAssetLoader      - Loading from cache: /assets/textures/backgroundP.png
01:06:19.100 [FXGL Background Thread 1 ] DEBUG FXGLAssetLoader      - Loading from cache: /assets/textures/backgroundP.png
01:06:19.100 [FXGL Background Thread 1 ] DEBUG FXGLAssetLoader      - Loading from cache: /assets/textures/backgroundP.png
01:06:19.100 [FXGL Background Thread 1 ] DEBUG FXGLAssetLoader      - Loading from cache: /assets/textures/backgroundP.png
01:06:19.101 [FXGL Background Thread 1 ] DEBUG FXGLAssetLoader      - Loading from cache: /assets/textures/backgroundP.png
01:06:19.101 [FXGL Background Thread 1 ] DEBUG FXGLAssetLoader      - Loading from cache: /assets/textures/backgroundP.png
01:06:19.101 [FXGL Background Thread 1 ] DEBUG FXGLAssetLoader      - Loading from cache: /assets/textures/backgroundP.png
01:06:19.101 [FXGL Background Thread 1 ] DEBUG FXGLAssetLoader      - Loading from cache: /assets/textures/backgroundG.png
01:06:19.101 [FXGL Background Thread 1 ] DEBUG FXGLAssetLoader      - Loading from cache: /assets/textures/backgroundG.png
01:06:19.102 [FXGL Background Thread 1 ] DEBUG FXGLAssetLoader      - Loading from cache: /assets/textures/backgroundG.png
01:06:19.102 [FXGL Background Thread 1 ] DEBUG FXGLAssetLoader      - Loading from cache: /assets/textures/backgroundG.png
01:06:19.102 [FXGL Background Thread 1 ] DEBUG FXGLAssetLoader      - Loading from cache: /assets/textures/backgroundG.png
01:06:19.102 [FXGL Background Thread 1 ] DEBUG FXGLAssetLoader      - Loading from cache: /assets/textures/backgroundG.png
01:06:19.102 [FXGL Background Thread 1 ] DEBUG FXGLAssetLoader      - Loading from cache: /assets/textures/backgroundG.png
01:06:19.103 [FXGL Background Thread 1 ] DEBUG FXGLAssetLoader      - Loading from cache: /assets/textures/backgroundG.png
01:06:19.103 [FXGL Background Thread 1 ] DEBUG FXGLAssetLoader      - Loading from cache: /assets/textures/backgroundG.png
01:06:19.103 [FXGL Background Thread 1 ] DEBUG FXGLAssetLoader      - Loading from cache: /assets/textures/backgroundP.png
01:06:19.103 [FXGL Background Thread 1 ] DEBUG FXGLAssetLoader      - Loading from cache: /assets/textures/backgroundG.png
01:06:19.104 [FXGL Background Thread 1 ] DEBUG FXGLAssetLoader      - Loading from cache: /assets/textures/backgroundG.png
01:06:19.104 [FXGL Background Thread 1 ] DEBUG FXGLAssetLoader      - Loading from cache: /assets/textures/backgroundP.png
01:06:19.104 [FXGL Background Thread 1 ] DEBUG FXGLAssetLoader      - Loading from cache: /assets/textures/backgroundP.png
01:06:19.105 [FXGL Background Thread 1 ] DEBUG FXGLAssetLoader      - Loading from cache: /assets/textures/backgroundP.png
01:06:19.105 [FXGL Background Thread 1 ] DEBUG FXGLAssetLoader      - Loading from cache: /assets/textures/backgroundP.png
01:06:19.106 [FXGL Background Thread 1 ] DEBUG FXGLAssetLoader      - Loading from cache: /assets/textures/backgroundP.png
01:06:19.106 [FXGL Background Thread 1 ] DEBUG FXGLAssetLoader      - Loading from cache: /assets/textures/backgroundP.png
01:06:19.107 [FXGL Background Thread 1 ] DEBUG FXGLAssetLoader      - Loading from cache: /assets/textures/backgroundP.png
01:06:19.107 [FXGL Background Thread 1 ] DEBUG FXGLAssetLoader      - Loading from cache: /assets/textures/backgroundP.png
01:06:19.108 [FXGL Background Thread 1 ] DEBUG FXGLAssetLoader      - Loading from cache: /assets/textures/backgroundG.png
01:06:19.108 [FXGL Background Thread 1 ] DEBUG FXGLAssetLoader      - Loading from cache: /assets/textures/backgroundG.png
01:06:19.109 [FXGL Background Thread 1 ] DEBUG FXGLAssetLoader      - Loading from cache: /assets/textures/backgroundP.png
01:06:19.109 [FXGL Background Thread 1 ] DEBUG FXGLAssetLoader      - Loading from cache: /assets/textures/backgroundG.png
01:06:19.110 [FXGL Background Thread 1 ] DEBUG FXGLAssetLoader      - Loading from cache: /assets/textures/backgroundG.png
01:06:19.110 [FXGL Background Thread 1 ] DEBUG FXGLAssetLoader      - Loading from cache: /assets/textures/backgroundG.png
01:06:19.111 [FXGL Background Thread 1 ] DEBUG FXGLAssetLoader      - Loading from cache: /assets/textures/backgroundG.png
01:06:19.111 [FXGL Background Thread 1 ] DEBUG FXGLAssetLoader      - Loading from cache: /assets/textures/backgroundG.png
01:06:19.112 [FXGL Background Thread 1 ] DEBUG FXGLAssetLoader      - Loading from cache: /assets/textures/backgroundG.png
01:06:19.112 [FXGL Background Thread 1 ] DEBUG FXGLAssetLoader      - Loading from cache: /assets/textures/backgroundG.png
01:06:19.113 [FXGL Background Thread 1 ] DEBUG FXGLAssetLoader      - Loading from cache: /assets/textures/backgroundG.png
01:06:19.114 [FXGL Background Thread 1 ] DEBUG FXGLAssetLoader      - Loading from cache: /assets/textures/backgroundG.png
01:06:19.114 [FXGL Background Thread 1 ] DEBUG FXGLAssetLoader      - Loading from cache: /assets/textures/backgroundP.png
01:06:19.115 [FXGL Background Thread 1 ] DEBUG FXGLAssetLoader      - Loading from cache: /assets/textures/backgroundP.png
01:06:19.115 [FXGL Background Thread 1 ] DEBUG FXGLAssetLoader      - Loading from cache: /assets/textures/backgroundP.png
01:06:19.116 [FXGL Background Thread 1 ] DEBUG FXGLAssetLoader      - Loading from cache: /assets/textures/backgroundP.png
01:06:19.116 [FXGL Background Thread 1 ] DEBUG FXGLAssetLoader      - Loading from cache: /assets/textures/backgroundP.png
01:06:19.116 [FXGL Background Thread 1 ] DEBUG FXGLAssetLoader      - Loading from cache: /assets/textures/backgroundP.png
01:06:19.116 [FXGL Background Thread 1 ] DEBUG FXGLAssetLoader      - Loading from cache: /assets/textures/backgroundP.png
01:06:19.117 [FXGL Background Thread 1 ] DEBUG FXGLAssetLoader      - Loading from cache: /assets/textures/backgroundP.png
01:06:19.117 [FXGL Background Thread 1 ] DEBUG FXGLAssetLoader      - Loading from cache: /assets/textures/home.jpg
01:06:19.117 [FXGL Background Thread 1 ] DEBUG FXGLAssetLoader      - Loading from cache: /assets/textures/backgroundG.png
01:06:19.117 [FXGL Background Thread 1 ] DEBUG FXGLAssetLoader      - Loading from cache: /assets/textures/backgroundG.png
01:06:19.117 [FXGL Background Thread 1 ] DEBUG FXGLAssetLoader      - Loading from cache: /assets/textures/backgroundG.png
01:06:19.118 [FXGL Background Thread 1 ] DEBUG FXGLAssetLoader      - Loading from cache: /assets/textures/backgroundG.png
01:06:19.118 [FXGL Background Thread 1 ] DEBUG FXGLAssetLoader      - Loading from cache: /assets/textures/backgroundG.png
01:06:19.118 [FXGL Background Thread 1 ] DEBUG FXGLAssetLoader      - Loading from cache: /assets/textures/backgroundG.png
01:06:19.119 [FXGL Background Thread 1 ] DEBUG FXGLAssetLoader      - Loading from cache: /assets/textures/backgroundG.png
01:06:19.119 [FXGL Background Thread 1 ] DEBUG FXGLAssetLoader      - Loading from cache: /assets/textures/backgroundG.png
01:06:19.120 [FXGL Background Thread 1 ] DEBUG FXGLAssetLoader      - Loading from cache: /assets/textures/backgroundG.png
01:06:19.120 [FXGL Background Thread 1 ] DEBUG FXGLAssetLoader      - Loading from cache: /assets/textures/backgroundG.png
01:06:19.121 [FXGL Background Thread 1 ] DEBUG GameWorld            - Resetting game world
01:06:19.121 [FXGL Background Thread 1 ] DEBUG EntityWorld          - Resetting entity world
01:06:19.121 [FXGL Background Thread 1 ] DEBUG PhysicsWorld         - Resetting physics world
01:06:19.121 [FXGL Background Thread 1 ] DEBUG GameScene            - Resetting game scene
01:06:19.121 [FXGL Background Thread 1 ] DEBUG GameWorld            - Setting level: com.almasb.fxgl.gameplay.Level@4d4d24d
01:06:19.121 [FXGL Background Thread 1 ] DEBUG GameScene            - Creating render group for layer: TOP(2147483647)
01:06:19.126 [FXGL Background Thread 1 ] DEBUG InitAppTask          - Initializing Physics
01:06:19.126 [FXGL Background Thread 1 ] DEBUG InitAppTask          - Initializing UI
01:06:19.126 [FXGL Background Thread 1 ] DEBUG InitAppTask          - Initialization Complete
01:06:19.126 [FXGL Background Thread 1 ] INFO  InitAppTask          - Game initialization took: 0.135 sec
01:06:19.127 [JavaFX Application Thread] DEBUG FXGLApplication      - Resuming main loop
01:06:19.127 [JavaFX Application Thread] DEBUG FXGLApplication      - State: LOADING -> PLAYING
01:06:19.133 [JavaFX Application Thread] DEBUG FXGLMasterTimer      - Starting master timer
01:06:19.133 [JavaFX Application Thread] DEBUG FXGLInput            - Clearing active input actions
01:06:19.134 [JavaFX Application Thread] DEBUG FXGLEventBus         - Firing event: FXGLEvent[type=RESUME]
01:06:20.140 [JavaFX Application Thread] DEBUG FXGLAssetLoader      - Loading from cache: /assets/textures/ufo.png
01:06:20.144 [JavaFX Application Thread] FATAL FXGLExceptionHandler - Uncaught Exception:
01:06:20.145 [JavaFX Application Thread] FATAL FXGLExceptionHandler - 

Exception occurred: java.lang.IllegalStateException : Attempted access a cleaned entity!
E: com.almasb.fxgl.ecs.Entity.checkValid(Entity.java:620)
E: com.almasb.fxgl.ecs.Entity.getComponentUnsafe(Entity.java:297)
E: com.almasb.fxgl.entity.Entities.getPosition(Entities.java:66)
E: com.felixwu.td.Main.placeTower(Main.java:133)
E: com.felixwu.td.Main.access$000(Main.java:32)
E: com.felixwu.td.Main$1.onActionBegin(Main.java:64)
E: com.almasb.fxgl.input.UserAction.fireActionBegin(UserAction.java:96)
E: com.almasb.fxgl.service.impl.input.FXGLInput$initActionListener$1.onChanged(FXGLInput.kt:123)
E: com.sun.javafx.collections.ListListenerHelper$SingleChange.fireValueChangedEvent(ListListenerHelper.java:164)
E: com.sun.javafx.collections.ListListenerHelper.fireValueChangedEvent(ListListenerHelper.java:73)
E: javafx.collections.ObservableListBase.fireChange(ObservableListBase.java:233)
E: javafx.collections.ListChangeBuilder.commit(ListChangeBuilder.java:482)
E: javafx.collections.ListChangeBuilder.endChange(ListChangeBuilder.java:541)
E: javafx.collections.ObservableListBase.endChange(ObservableListBase.java:205)
E: javafx.collections.ModifiableObservableListBase.add(ModifiableObservableListBase.java:155)
E: java.util.AbstractList.add(AbstractList.java:108)
E: com.almasb.fxgl.service.impl.input.FXGLInput.handlePressed(FXGLInput.kt:183)
E: com.almasb.fxgl.service.impl.input.FXGLInput.onMouseEvent(FXGLInput.kt:156)
E: com.almasb.fxgl.app.InitEventHandlersTask$gameSceneEvents$1.handle(InitEventHandlersTask.kt:178)
E: com.almasb.fxgl.app.InitEventHandlersTask$gameSceneEvents$1.handle(InitEventHandlersTask.kt:52)
E: com.sun.javafx.event.CompositeEventHandler$NormalEventHandlerRecord.handleBubblingEvent(CompositeEventHandler.java:218)
E: com.sun.javafx.event.CompositeEventHandler.dispatchBubblingEvent(CompositeEventHandler.java:80)
E: com.sun.javafx.event.EventHandlerManager.dispatchBubblingEvent(EventHandlerManager.java:238)
E: com.sun.javafx.event.EventHandlerManager.dispatchBubblingEvent(EventHandlerManager.java:191)
E: com.sun.javafx.event.CompositeEventDispatcher.dispatchBubblingEvent(CompositeEventDispatcher.java:59)
E: com.sun.javafx.event.BasicEventDispatcher.dispatchEvent(BasicEventDispatcher.java:58)
E: com.sun.javafx.event.EventDispatchChainImpl.dispatchEvent(EventDispatchChainImpl.java:114)
E: com.sun.javafx.event.EventUtil.fireEventImpl(EventUtil.java:74)
E: com.sun.javafx.event.EventUtil.fireEvent(EventUtil.java:49)
E: javafx.event.Event.fireEvent(Event.java:198)
E: javafx.scene.Node.fireEvent(Node.java:8413)
E: com.almasb.fxgl.scene.FXGLScene.fireEvent(FXGLScene.java:150)
E: com.almasb.fxgl.service.impl.display.FXGLDisplay$fxToFXGLFilter$1.handle(FXGLDisplay.kt:107)
E: com.sun.javafx.event.CompositeEventHandler$NormalEventFilterRecord.handleCapturingEvent(CompositeEventHandler.java:282)
E: com.sun.javafx.event.CompositeEventHandler.dispatchCapturingEvent(CompositeEventHandler.java:98)
E: com.sun.javafx.event.EventHandlerManager.dispatchCapturingEvent(EventHandlerManager.java:223)
E: com.sun.javafx.event.EventHandlerManager.dispatchCapturingEvent(EventHandlerManager.java:180)
E: com.sun.javafx.event.CompositeEventDispatcher.dispatchCapturingEvent(CompositeEventDispatcher.java:43)
E: com.sun.javafx.event.BasicEventDispatcher.dispatchEvent(BasicEventDispatcher.java:52)
E: com.sun.javafx.event.EventDispatchChainImpl.dispatchEvent(EventDispatchChainImpl.java:114)
E: com.sun.javafx.event.BasicEventDispatcher.dispatchEvent(BasicEventDispatcher.java:56)
E: com.sun.javafx.event.EventDispatchChainImpl.dispatchEvent(EventDispatchChainImpl.java:114)
E: com.sun.javafx.event.EventUtil.fireEventImpl(EventUtil.java:74)
E: com.sun.javafx.event.EventUtil.fireEvent(EventUtil.java:54)
E: javafx.event.Event.fireEvent(Event.java:198)
E: javafx.scene.Scene$MouseHandler.process(Scene.java:3757)
E: javafx.scene.Scene$MouseHandler.access$1500(Scene.java:3485)
E: javafx.scene.Scene.impl_processMouseEvent(Scene.java:1762)
E: javafx.scene.Scene$ScenePeerListener.mouseEvent(Scene.java:2494)
E: com.sun.javafx.tk.quantum.GlassViewEventHandler$MouseEventNotification.run(GlassViewEventHandler.java:381)
E: com.sun.javafx.tk.quantum.GlassViewEventHandler$MouseEventNotification.run(GlassViewEventHandler.java:295)
E: java.security.AccessController.doPrivileged(Native Method)
E: com.sun.javafx.tk.quantum.GlassViewEventHandler.lambda$handleMouseEvent$354(GlassViewEventHandler.java:417)
E: com.sun.javafx.tk.quantum.QuantumToolkit.runWithoutRenderLock(QuantumToolkit.java:389)
E: com.sun.javafx.tk.quantum.GlassViewEventHandler.handleMouseEvent(GlassViewEventHandler.java:416)
E: com.sun.glass.ui.View.handleMouseEvent(View.java:555)
E: com.sun.glass.ui.View.notifyMouse(View.java:937)

01:06:20.145 [JavaFX Application Thread] FATAL FXGLExceptionHandler - Application will now exit
01:06:20.145 [JavaFX Application Thread] DEBUG FXGLApplication      - Pausing main loop
01:06:20.145 [JavaFX Application Thread] DEBUG FXGLApplication      - State: PLAYING -> PAUSED
01:06:20.145 [JavaFX Application Thread] DEBUG FXGLMasterTimer      - Stopping master timer
01:06:20.146 [JavaFX Application Thread] DEBUG FXGLInput            - Clearing active input actions
01:06:20.146 [JavaFX Application Thread] DEBUG FXGLEventBus         - Firing event: FXGLEvent[type=PAUSE]
01:06:34.672 [JavaFX Application Thread] DEBUG FXGLApplication      - Exiting FXGL application
01:06:34.674 [JavaFX Application Thread] DEBUG FXGLEventBus         - Firing event: FXGLEvent[type=EXIT]
01:06:34.674 [JavaFX Application Thread] DEBUG FXGL                 - Saving FXGL system data
01:06:34.676 [JavaFX Application Thread] DEBUG IOTask               - Executing task: writeDataTask(system/fxgl.bundle)
01:06:34.678 [JavaFX Application Thread] DEBUG FS                   - Writing to: system/fxgl.bundle
01:06:34.684 [JavaFX Application Thread] DEBUG IOTask               - Task succeeded: writeDataTask(system/fxgl.bundle)
01:06:34.685 [JavaFX Application Thread] DEBUG FXGLApplication      - Closing FXGL logger and exiting JavaFX
