01:08:53.234 [ForkJoinPool.commonPool-worker-1] DEBUG FXGLLogger           - Logging System Info
01:08:53.236 [ForkJoinPool.commonPool-worker-1] DEBUG FXGLLogger           - CPU cores: 4
01:08:53.237 [ForkJoinPool.commonPool-worker-1] DEBUG FXGLLogger           - Free Memory: 72MB
01:08:53.238 [ForkJoinPool.commonPool-worker-1] DEBUG FXGLLogger           - Max Memory: 1821MB
01:08:53.238 [ForkJoinPool.commonPool-worker-1] DEBUG FXGLLogger           - Total Memory: 94MB
01:08:53.238 [ForkJoinPool.commonPool-worker-1] DEBUG FXGLLogger           - System Properties:
01:08:53.239 [ForkJoinPool.commonPool-worker-1] DEBUG FXGLLogger           - java.specification.version=1.8
01:08:53.239 [ForkJoinPool.commonPool-worker-1] DEBUG FXGLLogger           - FXGL.fxgl.version=0.3.1
01:08:53.239 [ForkJoinPool.commonPool-worker-1] DEBUG FXGLLogger           - file.encoding=UTF-8
01:08:53.239 [ForkJoinPool.commonPool-worker-1] DEBUG FXGLLogger           - FXGL.fs.savefile.ext=.sav
01:08:53.239 [ForkJoinPool.commonPool-worker-1] DEBUG FXGLLogger           - javafx.version=8.0.121
01:08:53.239 [ForkJoinPool.commonPool-worker-1] DEBUG FXGLLogger           - FXGL.url.googleforms=https://goo.gl/forms/6wrMnOBxTE1fEpOy2
01:08:53.239 [ForkJoinPool.commonPool-worker-1] DEBUG FXGLLogger           - FXGL.url.github=https://github.com/AlmasB/FXGL
01:08:53.239 [ForkJoinPool.commonPool-worker-1] DEBUG FXGLLogger           - FXGL.dev.showbbox=false
01:08:53.239 [ForkJoinPool.commonPool-worker-1] DEBUG FXGLLogger           - java.vm.name=Java HotSpot(TM) 64-Bit Server VM
01:08:53.239 [ForkJoinPool.commonPool-worker-1] DEBUG FXGLLogger           - line.separator=

01:08:53.239 [ForkJoinPool.commonPool-worker-1] DEBUG FXGLLogger           - FXGL.fs.profiledir=profiles/
01:08:53.239 [ForkJoinPool.commonPool-worker-1] DEBUG FXGLLogger           - user.dir=/Users/FelixWu/IdeaProjects/TowerDefence
01:08:53.240 [ForkJoinPool.commonPool-worker-1] DEBUG FXGLLogger           - java.ext.dirs=/Users/FelixWu/Library/Java/Extensions:/Library/Java/JavaVirtualMachines/jdk1.8.0_121.jdk/Contents/Home/jre/lib/ext:/Library/Java/Extensions:/Network/Library/Java/Extensions:/System/Library/Java/Extensions:/usr/lib/java
01:08:53.240 [ForkJoinPool.commonPool-worker-1] DEBUG FXGLLogger           - FXGL.version.check.days=7
01:08:53.240 [ForkJoinPool.commonPool-worker-1] DEBUG FXGLLogger           - os.arch=x86_64
01:08:53.240 [ForkJoinPool.commonPool-worker-1] DEBUG FXGLLogger           - java.awt.graphicsenv=sun.awt.CGraphicsEnvironment
01:08:53.240 [ForkJoinPool.commonPool-worker-1] DEBUG FXGLLogger           - FXGL.physics.ppm=50.0
01:08:53.240 [ForkJoinPool.commonPool-worker-1] DEBUG FXGLLogger           - java.vendor.url.bug=http://bugreport.sun.com/bugreport/
01:08:53.240 [ForkJoinPool.commonPool-worker-1] DEBUG FXGLLogger           - FXGL.url.pom=https://raw.githubusercontent.com/AlmasB/FXGL/master/pom.xml
01:08:53.240 [ForkJoinPool.commonPool-worker-1] DEBUG FXGLLogger           - java.io.tmpdir=/var/folders/8r/yhtjxhq56vzdzcyr91zp1r_00000gn/T/
01:08:53.240 [ForkJoinPool.commonPool-worker-1] DEBUG FXGLLogger           - sun.cpu.endian=little
01:08:53.240 [ForkJoinPool.commonPool-worker-1] DEBUG FXGLLogger           - sun.os.patch.level=unknown
01:08:53.240 [ForkJoinPool.commonPool-worker-1] DEBUG FXGLLogger           - java.vm.specification.version=1.8
01:08:53.240 [ForkJoinPool.commonPool-worker-1] DEBUG FXGLLogger           - FXGL.url.surveymonkey=https://www.surveymonkey.co.uk/r/BH6LLPM
01:08:53.240 [ForkJoinPool.commonPool-worker-1] DEBUG FXGLLogger           - java.vm.specification.name=Java Virtual Machine Specification
01:08:53.242 [ForkJoinPool.commonPool-worker-1] DEBUG FXGLLogger           - FXGL.ui.icon.name=fxgl_icon.png
01:08:53.242 [ForkJoinPool.commonPool-worker-1] DEBUG FXGLLogger           - idea.launcher.port=7544
01:08:53.242 [ForkJoinPool.commonPool-worker-1] DEBUG FXGLLogger           - sun.java.command=com.intellij.rt.execution.application.AppMain com.felixwu.td.Main
01:08:53.242 [ForkJoinPool.commonPool-worker-1] DEBUG FXGLLogger           - java.class.path=/Library/Java/JavaVirtualMachines/jdk1.8.0_121.jdk/Contents/Home/jre/lib/charsets.jar:/Library/Java/JavaVirtualMachines/jdk1.8.0_121.jdk/Contents/Home/jre/lib/deploy.jar:/Library/Java/JavaVirtualMachines/jdk1.8.0_121.jdk/Contents/Home/jre/lib/ext/cldrdata.jar:/Library/Java/JavaVirtualMachines/jdk1.8.0_121.jdk/Contents/Home/jre/lib/ext/dnsns.jar:/Library/Java/JavaVirtualMachines/jdk1.8.0_121.jdk/Contents/Home/jre/lib/ext/jaccess.jar:/Library/Java/JavaVirtualMachines/jdk1.8.0_121.jdk/Contents/Home/jre/lib/ext/jfxrt.jar:/Library/Java/JavaVirtualMachines/jdk1.8.0_121.jdk/Contents/Home/jre/lib/ext/localedata.jar:/Library/Java/JavaVirtualMachines/jdk1.8.0_121.jdk/Contents/Home/jre/lib/ext/nashorn.jar:/Library/Java/JavaVirtualMachines/jdk1.8.0_121.jdk/Contents/Home/jre/lib/ext/sunec.jar:/Library/Java/JavaVirtualMachines/jdk1.8.0_121.jdk/Contents/Home/jre/lib/ext/sunjce_provider.jar:/Library/Java/JavaVirtualMachines/jdk1.8.0_121.jdk/Contents/Home/jre/lib/ext/sunpkcs11.jar:/Library/Java/JavaVirtualMachines/jdk1.8.0_121.jdk/Contents/Home/jre/lib/ext/zipfs.jar:/Library/Java/JavaVirtualMachines/jdk1.8.0_121.jdk/Contents/Home/jre/lib/javaws.jar:/Library/Java/JavaVirtualMachines/jdk1.8.0_121.jdk/Contents/Home/jre/lib/jce.jar:/Library/Java/JavaVirtualMachines/jdk1.8.0_121.jdk/Contents/Home/jre/lib/jfr.jar:/Library/Java/JavaVirtualMachines/jdk1.8.0_121.jdk/Contents/Home/jre/lib/jfxswt.jar:/Library/Java/JavaVirtualMachines/jdk1.8.0_121.jdk/Contents/Home/jre/lib/jsse.jar:/Library/Java/JavaVirtualMachines/jdk1.8.0_121.jdk/Contents/Home/jre/lib/management-agent.jar:/Library/Java/JavaVirtualMachines/jdk1.8.0_121.jdk/Contents/Home/jre/lib/plugin.jar:/Library/Java/JavaVirtualMachines/jdk1.8.0_121.jdk/Contents/Home/jre/lib/resources.jar:/Library/Java/JavaVirtualMachines/jdk1.8.0_121.jdk/Contents/Home/jre/lib/rt.jar:/Library/Java/JavaVirtualMachines/jdk1.8.0_121.jdk/Contents/Home/lib/ant-javafx.jar:/Library/Java/JavaVirtualMachines/jdk1.8.0_121.jdk/Contents/Home/lib/dt.jar:/Library/Java/JavaVirtualMachines/jdk1.8.0_121.jdk/Contents/Home/lib/javafx-mx.jar:/Library/Java/JavaVirtualMachines/jdk1.8.0_121.jdk/Contents/Home/lib/jconsole.jar:/Library/Java/JavaVirtualMachines/jdk1.8.0_121.jdk/Contents/Home/lib/packager.jar:/Library/Java/JavaVirtualMachines/jdk1.8.0_121.jdk/Contents/Home/lib/sa-jdi.jar:/Library/Java/JavaVirtualMachines/jdk1.8.0_121.jdk/Contents/Home/lib/tools.jar:/Users/FelixWu/IdeaProjects/TowerDefence/out/production/TowerDefence:/Users/FelixWu/Downloads/fxgl-0.3.1-uber.jar:/Applications/IntelliJ IDEA CE.app/Contents/lib/idea_rt.jar
01:08:53.243 [ForkJoinPool.commonPool-worker-1] DEBUG FXGLLogger           - java.runtime.name=Java(TM) SE Runtime Environment
01:08:53.243 [ForkJoinPool.commonPool-worker-1] DEBUG FXGLLogger           - FXGL.ui.font=Copperplate_Gothic_Light_Regular.ttf
01:08:53.243 [ForkJoinPool.commonPool-worker-1] DEBUG FXGLLogger           - java.vm.vendor=Oracle Corporation
01:08:53.243 [ForkJoinPool.commonPool-worker-1] DEBUG FXGLLogger           - gopherProxySet=false
01:08:53.243 [ForkJoinPool.commonPool-worker-1] DEBUG FXGLLogger           - java.library.path=/Users/FelixWu/Library/Java/Extensions:/Library/Java/Extensions:/Network/Library/Java/Extensions:/System/Library/Java/Extensions:/usr/lib/java:.
01:08:53.243 [ForkJoinPool.commonPool-worker-1] DEBUG FXGLLogger           - java.vendor.url=http://java.oracle.com/
01:08:53.243 [ForkJoinPool.commonPool-worker-1] DEBUG FXGLLogger           - FXGL.sound.menu.back=menu/back.wav
01:08:53.243 [ForkJoinPool.commonPool-worker-1] DEBUG FXGLLogger           - FXGL.ui.mono.font=lucida_console.ttf
01:08:53.243 [ForkJoinPool.commonPool-worker-1] DEBUG FXGLLogger           - java.specification.vendor=Oracle Corporation
01:08:53.243 [ForkJoinPool.commonPool-worker-1] DEBUG FXGLLogger           - user.home=/Users/FelixWu
01:08:53.243 [ForkJoinPool.commonPool-worker-1] DEBUG FXGLLogger           - ftp.nonProxyHosts=local|*.local|169.254/16|*.169.254/16
01:08:53.243 [ForkJoinPool.commonPool-worker-1] DEBUG FXGLLogger           - socksNonProxyHosts=local|*.local|169.254/16|*.169.254/16
01:08:53.244 [ForkJoinPool.commonPool-worker-1] DEBUG FXGLLogger           - awt.toolkit=sun.lwawt.macosx.LWCToolkit
01:08:53.244 [ForkJoinPool.commonPool-worker-1] DEBUG FXGLLogger           - sun.io.unicode.encoding=UnicodeBig
01:08:53.244 [ForkJoinPool.commonPool-worker-1] DEBUG FXGLLogger           - java.awt.printerjob=sun.lwawt.macosx.CPrinterJob
01:08:53.244 [ForkJoinPool.commonPool-worker-1] DEBUG FXGLLogger           - FXGL.asset.cache.size=35
01:08:53.244 [ForkJoinPool.commonPool-worker-1] DEBUG FXGLLogger           - FXGL.fs.profilename=user.profile
01:08:53.244 [ForkJoinPool.commonPool-worker-1] DEBUG FXGLLogger           - FXGL.fs.savedir=saves/
01:08:53.244 [ForkJoinPool.commonPool-worker-1] DEBUG FXGLLogger           - java.vm.version=25.121-b13
01:08:53.244 [ForkJoinPool.commonPool-worker-1] DEBUG FXGLLogger           - path.separator=:
01:08:53.244 [ForkJoinPool.commonPool-worker-1] DEBUG FXGLLogger           - os.version=10.11.6
01:08:53.244 [ForkJoinPool.commonPool-worker-1] DEBUG FXGLLogger           - java.vm.info=mixed mode
01:08:53.244 [ForkJoinPool.commonPool-worker-1] DEBUG FXGLLogger           - java.home=/Library/Java/JavaVirtualMachines/jdk1.8.0_121.jdk/Contents/Home/jre
01:08:53.244 [ForkJoinPool.commonPool-worker-1] DEBUG FXGLLogger           - user.country=US
01:08:53.244 [ForkJoinPool.commonPool-worker-1] DEBUG FXGLLogger           - java.class.version=52.0
01:08:53.244 [ForkJoinPool.commonPool-worker-1] DEBUG FXGLLogger           - file.separator=/
01:08:53.244 [ForkJoinPool.commonPool-worker-1] DEBUG FXGLLogger           - java.specification.name=Java Platform API Specification
01:08:53.244 [ForkJoinPool.commonPool-worker-1] DEBUG FXGLLogger           - FXGL.fs.datafile.ext=.dat
01:08:53.244 [ForkJoinPool.commonPool-worker-1] DEBUG FXGLLogger           - sun.cpu.isalist=
01:08:53.245 [ForkJoinPool.commonPool-worker-1] DEBUG FXGLLogger           - sun.jnu.encoding=UTF-8
01:08:53.245 [ForkJoinPool.commonPool-worker-1] DEBUG FXGLLogger           - file.encoding.pkg=sun.io
01:08:53.245 [ForkJoinPool.commonPool-worker-1] DEBUG FXGLLogger           - http.nonProxyHosts=local|*.local|169.254/16|*.169.254/16
01:08:53.245 [ForkJoinPool.commonPool-worker-1] DEBUG FXGLLogger           - java.endorsed.dirs=/Library/Java/JavaVirtualMachines/jdk1.8.0_121.jdk/Contents/Home/jre/lib/endorsed
01:08:53.245 [ForkJoinPool.commonPool-worker-1] DEBUG FXGLLogger           - sun.arch.data.model=64
01:08:53.245 [ForkJoinPool.commonPool-worker-1] DEBUG FXGLLogger           - user.timezone=Europe/London
01:08:53.245 [ForkJoinPool.commonPool-worker-1] DEBUG FXGLLogger           - java.version=1.8.0_121
01:08:53.245 [ForkJoinPool.commonPool-worker-1] DEBUG FXGLLogger           - sun.boot.library.path=/Library/Java/JavaVirtualMachines/jdk1.8.0_121.jdk/Contents/Home/jre/lib
01:08:53.246 [ForkJoinPool.commonPool-worker-1] DEBUG FXGLLogger           - user.language=en
01:08:53.246 [ForkJoinPool.commonPool-worker-1] DEBUG FXGLLogger           - idea.launcher.bin.path=/Applications/IntelliJ IDEA CE.app/Contents/bin
01:08:53.246 [ForkJoinPool.commonPool-worker-1] DEBUG FXGLLogger           - javafx.runtime.version=8.0.121-b13
01:08:53.246 [ForkJoinPool.commonPool-worker-1] DEBUG FXGLLogger           - FXGL.sound.menu.select=menu/select.wav
01:08:53.246 [ForkJoinPool.commonPool-worker-1] DEBUG FXGLLogger           - FXGL.sound.menu.press=menu/press.wav
01:08:53.246 [ForkJoinPool.commonPool-worker-1] DEBUG FXGLLogger           - FXGL.sound.notification=core/notification.wav
01:08:53.246 [ForkJoinPool.commonPool-worker-1] DEBUG FXGLLogger           - user.name=FelixWu
01:08:53.246 [ForkJoinPool.commonPool-worker-1] DEBUG FXGLLogger           - FXGL.pooling.initialSize=128
01:08:53.246 [ForkJoinPool.commonPool-worker-1] DEBUG FXGLLogger           - java.runtime.version=1.8.0_121-b13
01:08:53.246 [ForkJoinPool.commonPool-worker-1] DEBUG FXGLLogger           - java.vm.specification.vendor=Oracle Corporation
01:08:53.246 [ForkJoinPool.commonPool-worker-1] DEBUG FXGLLogger           - user.country.format=HK
01:08:53.246 [ForkJoinPool.commonPool-worker-1] DEBUG FXGLLogger           - sun.boot.class.path=/Library/Java/JavaVirtualMachines/jdk1.8.0_121.jdk/Contents/Home/jre/lib/resources.jar:/Library/Java/JavaVirtualMachines/jdk1.8.0_121.jdk/Contents/Home/jre/lib/rt.jar:/Library/Java/JavaVirtualMachines/jdk1.8.0_121.jdk/Contents/Home/jre/lib/sunrsasign.jar:/Library/Java/JavaVirtualMachines/jdk1.8.0_121.jdk/Contents/Home/jre/lib/jsse.jar:/Library/Java/JavaVirtualMachines/jdk1.8.0_121.jdk/Contents/Home/jre/lib/jce.jar:/Library/Java/JavaVirtualMachines/jdk1.8.0_121.jdk/Contents/Home/jre/lib/charsets.jar:/Library/Java/JavaVirtualMachines/jdk1.8.0_121.jdk/Contents/Home/jre/lib/jfr.jar:/Library/Java/JavaVirtualMachines/jdk1.8.0_121.jdk/Contents/Home/jre/classes
01:08:53.246 [ForkJoinPool.commonPool-worker-1] DEBUG FXGLLogger           - os.name=Mac OS X
01:08:53.246 [ForkJoinPool.commonPool-worker-1] DEBUG FXGLLogger           - FXGL.ui.css=fxgl.css
01:08:53.246 [ForkJoinPool.commonPool-worker-1] DEBUG FXGLLogger           - sun.management.compiler=HotSpot 64-Bit Tiered Compilers
01:08:53.246 [ForkJoinPool.commonPool-worker-1] DEBUG FXGLLogger           - FXGL.url.storage=https://raw.githubusercontent.com/AlmasB/git-server/master/storage/
01:08:53.247 [ForkJoinPool.commonPool-worker-1] DEBUG FXGLLogger           - sun.java.launcher=SUN_STANDARD
01:08:53.247 [ForkJoinPool.commonPool-worker-1] DEBUG FXGLLogger           - java.vendor=Oracle Corporation
01:08:53.251 [FXGL Launcher Thread     ] DEBUG FXGLLoggerFactory    - Service [LoggerFactory] initialized
01:08:53.251 [FXGL Launcher Thread     ] DEBUG FXGL                 - FXGL logger initialized
01:08:53.251 [FXGL Launcher Thread     ] DEBUG FXGL                 - Loading FXGL system data
01:08:53.255 [FXGL Launcher Thread     ] DEBUG IOTask               - Executing task: readDataTask(system/fxgl.bundle)
01:08:53.263 [FXGL Launcher Thread     ] DEBUG FS                   - Reading from: system/fxgl.bundle
01:08:53.275 [FXGL Launcher Thread     ] DEBUG IOTask               - Task succeeded: readDataTask(system/fxgl.bundle)
01:08:53.276 [FXGL Launcher Thread     ] DEBUG Bundle               - Logging bundle: FXGL
01:08:53.276 [FXGL Launcher Thread     ] DEBUG Bundle               - FXGL.offline.timer.version.check=2017-04-27T12:29:57.078
01:08:53.277 [FXGL Launcher Thread     ] DEBUG FXGLApplication      - FXGL configuration complete
01:08:53.277 [FXGL Launcher Thread     ] INFO  FXGLApplication      - FXGL configuration took:  1.709 sec
01:08:53.279 [FXGL Launcher Thread     ] DEBUG FXGLApplication      - Logging game settings
Title: TowerDefense
Version: 1.0
Width: 400
Height: 280
Fullscreen: false
Intro: false
Menus: true
Profiling: false
App Mode: DEVELOPER
Menu Style: FXGL_DEFAULT
Menu Key: ESCAPE
Services: []
01:08:53.281 [JavaFX Application Thread] DEBUG FXGLApplication      - Running task: UpdaterTask
01:08:53.298 [FXGL Launcher Thread     ] DEBUG FXGLApplication      - Configuring GameApplication
01:08:53.302 [FXGL Launcher Thread     ] DEBUG FXGLApplication      - Running task: PreInitTask
01:08:53.326 [FXGL Launcher Thread     ] DEBUG FXGLExceptionHandler - Service [ExceptionHandler] initialized
01:08:53.327 [FXGL Launcher Thread     ] DEBUG FXGLEventBus         - Service [EventBus] initialized
01:08:53.330 [FXGL Launcher Thread     ] DEBUG FXGLExecutor         - Service [Executor] initialized
01:08:53.331 [FXGL Launcher Thread     ] DEBUG PreInitTask          - Injecting gameWorld & physicsWorld
01:08:53.339 [FXGL Launcher Thread     ] DEBUG GameWorld            - Game world initialized
01:08:53.404 [FXGL Launcher Thread     ] DEBUG FXGLPooler           - Service [Pooler] initialized with default size = 128
01:08:53.405 [FXGL Launcher Thread     ] DEBUG PhysicsWorld         - Physics world initialized: appHeight=280, physics.ppm=50.0
01:08:53.406 [FXGL Launcher Thread     ] DEBUG FXGLInput            - Service [Input] initialized
01:08:53.428 [FXGL Launcher Thread     ] DEBUG FXGLInput            - Registered new binding: Screenshot - P
01:08:53.428 [FXGL Launcher Thread     ] DEBUG FXGLInput            - Registered new binding: Dev Options - CTRL+0
01:08:53.429 [FXGL Launcher Thread     ] DEBUG FXGLInput            - Registered new binding: Place Tower A - PRIMARY
01:08:53.429 [FXGL Launcher Thread     ] DEBUG FXGLApplication      - Running task: InitScenesTask
01:08:53.436 [FXGL Launcher Thread     ] DEBUG FXGLAssetLoader      - Service [AssetLoader] initialized: cacheSize=35
01:08:53.436 [FXGL Launcher Thread     ] DEBUG FXGLAssetLoader      - Loading from disk: /assets/ui/cursors/fxgl_default.png
01:08:53.503 [FXGL Launcher Thread     ] DEBUG GameScene            - Game scene initialized: 400x280
01:08:53.505 [FXGL Launcher Thread     ] DEBUG FXGLAssetLoader      - Loading from disk: /assets/ui/cursors/fxgl_default.png
01:08:53.520 [FXGL Launcher Thread     ] DEBUG FXGLAssetLoader      - Loading from disk: /assets/sounds/core/notification.wav
01:08:53.603 [FXGL Launcher Thread     ] DEBUG FXGLAssetLoader      - Loading from disk: /assets/sounds/menu/select.wav
01:08:53.605 [FXGL Launcher Thread     ] DEBUG FXGLAssetLoader      - Loading from disk: /assets/sounds/menu/back.wav
01:08:53.607 [FXGL Launcher Thread     ] DEBUG FXGLAssetLoader      - Loading from disk: /assets/sounds/menu/press.wav
01:08:53.609 [FXGL Launcher Thread     ] DEBUG FXGLAssetLoader      - Loading from disk: /assets/ui/fonts/Copperplate_Gothic_Light_Regular.ttf
01:08:53.627 [FXGL Launcher Thread     ] DEBUG FXGLAssetLoader      - Loading from disk: /assets/ui/fonts/lucida_console.ttf
01:08:53.630 [FXGL Launcher Thread     ] DEBUG FXGLAssetLoader      - Loading from disk: /assets/ui/css/fxgl.css
01:08:53.631 [FXGL Launcher Thread     ] DEBUG FXGLAssetLoader      - Loading from disk: /assets/ui/icons/fxgl_icon.png
01:08:53.661 [FXGL Launcher Thread     ] DEBUG FXGLAssetLoader      - Loading from disk: /assets/ui/cursors/fxgl_default.png
01:08:53.674 [FXGL Launcher Thread     ] DEBUG Menu                 - createMenuBodyMainMenu()
01:08:53.684 [FXGL Launcher Thread     ] DEBUG Menu                 - createOptionsMenu()
01:08:53.694 [FXGL Launcher Thread     ] DEBUG FXGLAssetLoader      - Loading from disk: /assets/ui/cursors/fxgl_default.png
01:08:53.696 [FXGL Launcher Thread     ] DEBUG Menu                 - createMenuBodyGameMenu()
01:08:53.697 [FXGL Launcher Thread     ] DEBUG Menu                 - createOptionsMenu()
01:08:53.715 [FXGL Launcher Thread     ] DEBUG FXGLAssetLoader      - Loading from disk: /assets/ui/css/fxgl_dark.css
01:08:53.729 [FXGL Launcher Thread     ] DEBUG FXGLDisplay          - Target size: DoubleProperty [value: 400.0] x DoubleProperty [value: 280.0] @ 1.0
01:08:53.729 [FXGL Launcher Thread     ] DEBUG FXGLDisplay          - New size:    400.0 x 280.0 @ DoubleProperty [value: 1.0]
01:08:53.730 [FXGL Launcher Thread     ] DEBUG FXGLDisplay          - Service [Display] initialized
01:08:53.730 [FXGL Launcher Thread     ] DEBUG FXGLDisplay          - Using CSS: CSS(externalForm=jar:file:/Users/FelixWu/Downloads/fxgl-0.3.1-uber.jar!/assets/ui/css/fxgl_dark.css)
01:08:53.730 [FXGL Launcher Thread     ] DEBUG InitScenesTask       - Injecting mainMenuScene & gameMenuScene
01:08:53.730 [FXGL Launcher Thread     ] DEBUG InitScenesTask       - Injecting loadingScene & gameScene
01:08:53.731 [FXGL Launcher Thread     ] DEBUG FXGLApplication      - Running task: InitEventHandlersTask
01:08:53.736 [FXGL Launcher Thread     ] DEBUG FXGLMasterTimer      - Service [MasterTimer] initialized
01:08:53.739 [FXGL Launcher Thread     ] DEBUG FXGLAudioPlayer      - Service [AudioPlayer] initialized
01:08:53.740 [FXGL Launcher Thread     ] DEBUG InitEventHandlersTask - scanForServiceListeners
01:08:53.740 [FXGL Launcher Thread     ] DEBUG InitEventHandlersTask - FXGLListener: interface com.almasb.fxgl.service.MasterTimer
01:08:53.740 [FXGL Launcher Thread     ] DEBUG InitEventHandlersTask - FXGLListener: interface com.almasb.fxgl.service.Input
01:08:53.741 [FXGL Launcher Thread     ] DEBUG InitEventHandlersTask - UserProfileSavable: interface com.almasb.fxgl.service.AudioPlayer
01:08:53.743 [FXGL Launcher Thread     ] DEBUG InitEventHandlersTask - UserProfileSavable: interface com.almasb.fxgl.service.MasterTimer
01:08:53.743 [FXGL Launcher Thread     ] DEBUG InitEventHandlersTask - UserProfileSavable: interface com.almasb.fxgl.service.Input
01:08:53.743 [FXGL Launcher Thread     ] DEBUG InitEventHandlersTask - UserProfileSavable: interface com.almasb.fxgl.service.Display
01:08:53.743 [FXGL Launcher Thread     ] DEBUG InitEventHandlersTask - UserProfileSavable: class com.almasb.fxgl.gameplay.AchievementManager
01:08:53.744 [FXGL Launcher Thread     ] DEBUG AchievementManager   - Service [AchievementManager] initialized
01:08:53.744 [FXGL Launcher Thread     ] DEBUG InitEventHandlersTask - UserProfileSavable: class com.almasb.fxgl.service.impl.quest.FXGLQuestServiceProvider
01:08:53.744 [FXGL Launcher Thread     ] DEBUG InitEventHandlersTask - NotificationListener: interface com.almasb.fxgl.service.AudioPlayer
01:08:53.744 [FXGL Launcher Thread     ] DEBUG InitEventHandlersTask - AchievementListener: interface com.almasb.fxgl.service.NotificationService
01:08:53.747 [FXGL Launcher Thread     ] DEBUG SlidingNotificationService - Service [NotificationService] initialized
01:08:53.750 [FXGL Launcher Thread     ] DEBUG MenuEventHandler     - generateDefaultProfile()
01:08:53.751 [FXGL Launcher Thread     ] DEBUG MenuEventHandler     - Creating default profile
01:08:53.752 [FXGL Launcher Thread     ] DEBUG FXGLEventBus         - Firing event: SaveEvent
01:08:53.753 [FXGL Launcher Thread     ] DEBUG FXGLAudioPlayer      - Saving data to profile
01:08:53.753 [FXGL Launcher Thread     ] DEBUG Bundle               - Logging bundle: audio
01:08:53.753 [FXGL Launcher Thread     ] DEBUG Bundle               - audio.musicVolume=0.5
01:08:53.753 [FXGL Launcher Thread     ] DEBUG Bundle               - audio.soundVolume=0.5
01:08:53.753 [FXGL Launcher Thread     ] DEBUG FXGLMasterTimer      - Saving data to profile
01:08:53.753 [FXGL Launcher Thread     ] DEBUG Bundle               - Logging bundle: timer
01:08:53.753 [FXGL Launcher Thread     ] DEBUG Bundle               - timer.playtime=0
01:08:53.753 [FXGL Launcher Thread     ] DEBUG FXGLInput            - Saving data to profile
01:08:53.753 [FXGL Launcher Thread     ] DEBUG Bundle               - Logging bundle: input
01:08:53.754 [FXGL Launcher Thread     ] DEBUG Bundle               - input.Place Tower A=PRIMARY
01:08:53.754 [FXGL Launcher Thread     ] DEBUG Bundle               - input.Screenshot=P
01:08:53.754 [FXGL Launcher Thread     ] DEBUG Bundle               - input.Dev Options=CTRL+0
01:08:53.754 [FXGL Launcher Thread     ] DEBUG FXGLDisplay          - Saving data to profile
01:08:53.754 [FXGL Launcher Thread     ] DEBUG Bundle               - Logging bundle: scene
01:08:53.754 [FXGL Launcher Thread     ] DEBUG Bundle               - scene.sizeW=400.0
01:08:53.754 [FXGL Launcher Thread     ] DEBUG Bundle               - scene.sizeH=280.0
01:08:53.754 [FXGL Launcher Thread     ] DEBUG AchievementManager   - Saving data to profile
01:08:53.754 [FXGL Launcher Thread     ] DEBUG Bundle               - Logging bundle: achievement
01:08:53.754 [FXGL Launcher Thread     ] DEBUG FXGLApplication      - Running task: InitProfilerTask
01:08:53.757 [FXGL Launcher Thread     ] DEBUG FXGLApplication      - State: STARTUP -> MAIN_MENU
01:08:53.833 [FXGL Launcher Thread     ] DEBUG SaveLoadManager      - Checking profiles dir: profiles/
01:08:53.834 [FXGL Launcher Thread     ] DEBUG SaveLoadManager      - Loading profile names
01:08:53.835 [FXGL Launcher Thread     ] DEBUG IOTask               - Showing dialog
01:08:53.843 [FXGL Launcher Thread     ] DEBUG FXGLEventBus         - Firing event: DisplayEvent[type=DIALOG_OPENED]
01:08:53.844 [FXGL Launcher Thread     ] DEBUG FXGLInput            - Clearing active input actions
01:08:53.847 [FXGL Launcher Thread     ] INFO  FXGLApplication      - Game configuration took:  0.548 sec
01:08:53.847 [FXGL Background Thread 1 ] DEBUG IOTask               - Executing task: loadDirectoryNamesTask(./profiles/, false)
01:08:53.961 [JavaFX Application Thread] DEBUG FXGLDisplay          - Showing stage
01:08:53.961 [JavaFX Application Thread] DEBUG FXGLDisplay          - Root size: 400.0x280.0
01:08:53.961 [JavaFX Application Thread] DEBUG FXGLDisplay          - Scene size: 400.0x280.0
01:08:53.961 [JavaFX Application Thread] DEBUG FXGLDisplay          - Stage size: 400.0x302.0
01:08:54.010 [JavaFX Application Thread] DEBUG IOTask               - succeed(): Dismissing dialog
01:08:54.011 [JavaFX Application Thread] DEBUG FXGLEventBus         - Firing event: DisplayEvent[type=DIALOG_CLOSED]
01:08:54.011 [JavaFX Application Thread] DEBUG IOTask               - Task succeeded: loadDirectoryNamesTask(./profiles/, false)
01:08:54.017 [JavaFX Application Thread] DEBUG FXGLEventBus         - Firing event: DisplayEvent[type=DIALOG_OPENED]
01:08:54.018 [JavaFX Application Thread] DEBUG FXGLInput            - Clearing active input actions
01:08:55.070 [JavaFX Application Thread] DEBUG FXGLEventBus         - Firing event: DisplayEvent[type=CLOSE_REQUEST]
01:08:55.070 [JavaFX Application Thread] DEBUG FXGLApplication      - Exiting FXGL application
01:08:55.072 [JavaFX Application Thread] DEBUG FXGLEventBus         - Firing event: FXGLEvent[type=EXIT]
01:08:55.072 [JavaFX Application Thread] DEBUG FXGL                 - Saving FXGL system data
01:08:55.073 [JavaFX Application Thread] DEBUG IOTask               - Executing task: writeDataTask(system/fxgl.bundle)
01:08:55.075 [JavaFX Application Thread] DEBUG FS                   - Writing to: system/fxgl.bundle
01:08:55.078 [JavaFX Application Thread] DEBUG IOTask               - Task succeeded: writeDataTask(system/fxgl.bundle)
01:08:55.078 [JavaFX Application Thread] DEBUG FXGLApplication      - Closing FXGL logger and exiting JavaFX
